<?xml version="1.0" encoding="UTF-8"?>
<coverage generated="1782574116329" clover="3.2.0">
  <project timestamp="1782574116329" name="All files">
    <metrics statements="1877" coveredstatements="983" conditionals="1292" coveredconditionals="557" methods="271" coveredmethods="113" elements="3440" coveredelements="1653" complexity="0" loc="1877" ncloc="1877" packages="8" files="49" classes="49"/>
    <package name="src">
      <metrics statements="7" coveredstatements="7" conditionals="2" coveredconditionals="2" methods="1" coveredmethods="1"/>
      <file name="app.js" path="D:\Faculdade\TCC\tcctemp\backend\src\app.js">
        <metrics statements="7" coveredstatements="7" conditionals="2" coveredconditionals="2" methods="1" coveredmethods="1"/>
        <line num="8" count="1" type="stmt"/>
        <line num="10" count="1" type="stmt"/>
        <line num="11" count="1" type="cond" truecount="2" falsecount="0"/>
        <line num="12" count="1" type="stmt"/>
        <line num="14" count="1" type="stmt"/>
        <line num="16" count="1" type="stmt"/>
        <line num="18" count="1" type="stmt"/>
      </file>
    </package>
    <package name="src.chatbot">
      <metrics statements="925" coveredstatements="625" conditionals="574" coveredconditionals="342" methods="107" coveredmethods="71"/>
      <file name="baileys.client.js" path="D:\Faculdade\TCC\tcctemp\backend\src\chatbot\baileys.client.js">
        <metrics statements="136" coveredstatements="11" conditionals="75" coveredconditionals="0" methods="17" coveredmethods="1"/>
        <line num="10" count="1" type="stmt"/>
        <line num="11" count="1" type="stmt"/>
        <line num="13" count="1" type="stmt"/>
        <line num="15" count="1" type="stmt"/>
        <line num="16" count="1" type="stmt"/>
        <line num="17" count="1" type="stmt"/>
        <line num="18" count="1" type="stmt"/>
        <line num="24" count="1" type="stmt"/>
        <line num="25" count="1" type="stmt"/>
        <line num="27" count="1" type="stmt"/>
        <line num="30" count="1" type="stmt"/>
        <line num="34" count="0" type="stmt"/>
        <line num="38" count="0" type="stmt"/>
        <line num="39" count="0" type="cond" truecount="0" falsecount="2"/>
        <line num="40" count="0" type="stmt"/>
        <line num="42" count="0" type="stmt"/>
        <line num="46" count="0" type="cond" truecount="0" falsecount="2"/>
        <line num="47" count="0" type="stmt"/>
        <line num="50" count="0" type="stmt"/>
        <line num="51" count="0" type="stmt"/>
        <line num="53" count="0" type="stmt"/>
        <line num="54" count="0" type="stmt"/>
        <line num="56" count="0" type="stmt"/>
        <line num="70" count="0" type="stmt"/>
        <line num="71" count="0" type="stmt"/>
        <line num="73" count="0" type="cond" truecount="0" falsecount="2"/>
        <line num="74" count="0" type="stmt"/>
        <line num="75" count="0" type="stmt"/>
        <line num="76" count="0" type="stmt"/>
        <line num="77" count="0" type="stmt"/>
        <line num="80" count="0" type="cond" truecount="0" falsecount="2"/>
        <line num="81" count="0" type="stmt"/>
        <line num="82" count="0" type="stmt"/>
        <line num="83" count="0" type="stmt"/>
        <line num="84" count="0" type="stmt"/>
        <line num="87" count="0" type="cond" truecount="0" falsecount="2"/>
        <line num="88" count="0" type="stmt"/>
        <line num="89" count="0" type="stmt"/>
        <line num="91" count="0" type="stmt"/>
        <line num="92" count="0" type="stmt"/>
        <line num="94" count="0" type="cond" truecount="0" falsecount="2"/>
        <line num="95" count="0" type="stmt"/>
        <line num="96" count="0" type="stmt"/>
        <line num="100" count="0" type="cond" truecount="0" falsecount="3"/>
        <line num="104" count="0" type="cond" truecount="0" falsecount="2"/>
        <line num="105" count="0" type="stmt"/>
        <line num="106" count="0" type="stmt"/>
        <line num="107" count="0" type="stmt"/>
        <line num="109" count="0" type="stmt"/>
        <line num="110" count="0" type="cond" truecount="0" falsecount="2"/>
        <line num="112" count="0" type="cond" truecount="0" falsecount="2"/>
        <line num="113" count="0" type="stmt"/>
        <line num="115" count="0" type="stmt"/>
        <line num="120" count="0" type="stmt"/>
        <line num="121" count="0" type="stmt"/>
        <line num="122" count="0" type="cond" truecount="0" falsecount="2"/>
        <line num="123" count="0" type="stmt"/>
        <line num="124" count="0" type="cond" truecount="0" falsecount="2"/>
        <line num="126" count="0" type="stmt"/>
        <line num="127" count="0" type="cond" truecount="0" falsecount="2"/>
        <line num="128" count="0" type="stmt"/>
        <line num="130" count="0" type="cond" truecount="0" falsecount="2"/>
        <line num="131" count="0" type="stmt"/>
        <line num="132" count="0" type="stmt"/>
        <line num="133" count="0" type="cond" truecount="0" falsecount="2"/>
        <line num="134" count="0" type="stmt"/>
        <line num="135" count="0" type="stmt"/>
        <line num="136" count="0" type="cond" truecount="0" falsecount="2"/>
        <line num="137" count="0" type="stmt"/>
        <line num="138" count="0" type="cond" truecount="0" falsecount="2"/>
        <line num="139" count="0" type="stmt"/>
        <line num="140" count="0" type="cond" truecount="0" falsecount="2"/>
        <line num="141" count="0" type="stmt"/>
        <line num="142" count="0" type="cond" truecount="0" falsecount="2"/>
        <line num="143" count="0" type="stmt"/>
        <line num="144" count="0" type="stmt"/>
        <line num="145" count="0" type="cond" truecount="0" falsecount="2"/>
        <line num="148" count="0" type="stmt"/>
        <line num="149" count="0" type="cond" truecount="0" falsecount="4"/>
        <line num="150" count="0" type="stmt"/>
        <line num="153" count="0" type="cond" truecount="0" falsecount="2"/>
        <line num="154" count="0" type="stmt"/>
        <line num="155" count="0" type="stmt"/>
        <line num="156" count="0" type="cond" truecount="0" falsecount="2"/>
        <line num="157" count="0" type="stmt"/>
        <line num="158" count="0" type="cond" truecount="0" falsecount="2"/>
        <line num="159" count="0" type="stmt"/>
        <line num="162" count="0" type="cond" truecount="0" falsecount="4"/>
        <line num="164" count="0" type="stmt"/>
        <line num="165" count="0" type="cond" truecount="0" falsecount="2"/>
        <line num="167" count="0" type="stmt"/>
        <line num="169" count="0" type="cond" truecount="0" falsecount="2"/>
        <line num="170" count="0" type="stmt"/>
        <line num="171" count="0" type="stmt"/>
        <line num="173" count="0" type="stmt"/>
        <line num="174" count="0" type="stmt"/>
        <line num="175" count="0" type="stmt"/>
        <line num="179" count="0" type="stmt"/>
        <line num="185" count="0" type="stmt"/>
        <line num="189" count="0" type="stmt"/>
        <line num="191" count="0" type="stmt"/>
        <line num="195" count="0" type="stmt"/>
        <line num="196" count="0" type="cond" truecount="0" falsecount="2"/>
        <line num="197" count="0" type="stmt"/>
        <line num="198" count="0" type="stmt"/>
        <line num="200" count="0" type="stmt"/>
        <line num="201" count="0" type="stmt"/>
        <line num="209" count="0" type="cond" truecount="0" falsecount="2"/>
        <line num="210" count="0" type="stmt"/>
        <line num="214" count="0" type="cond" truecount="0" falsecount="2"/>
        <line num="215" count="0" type="stmt"/>
        <line num="217" count="0" type="stmt"/>
        <line num="218" count="0" type="stmt"/>
        <line num="221" count="0" type="stmt"/>
        <line num="223" count="0" type="stmt"/>
        <line num="225" count="0" type="stmt"/>
        <line num="226" count="0" type="stmt"/>
        <line num="227" count="0" type="stmt"/>
        <line num="232" count="0" type="cond" truecount="0" falsecount="2"/>
        <line num="233" count="0" type="stmt"/>
        <line num="235" count="0" type="stmt"/>
        <line num="236" count="0" type="stmt"/>
        <line num="243" count="0" type="stmt"/>
        <line num="245" count="0" type="stmt"/>
        <line num="254" count="0" type="stmt"/>
        <line num="256" count="0" type="stmt"/>
        <line num="257" count="0" type="stmt"/>
        <line num="258" count="0" type="stmt"/>
        <line num="259" count="0" type="stmt"/>
        <line num="260" count="0" type="stmt"/>
        <line num="261" count="0" type="stmt"/>
        <line num="262" count="0" type="cond" truecount="0" falsecount="2"/>
        <line num="263" count="0" type="stmt"/>
        <line num="265" count="0" type="stmt"/>
        <line num="267" count="0" type="stmt"/>
        <line num="268" count="0" type="stmt"/>
      </file>
      <file name="chatbot.controller.js" path="D:\Faculdade\TCC\tcctemp\backend\src\chatbot\chatbot.controller.js">
        <metrics statements="41" coveredstatements="2" conditionals="14" coveredconditionals="0" methods="7" coveredmethods="0"/>
        <line num="10" count="1" type="stmt"/>
        <line num="12" count="1" type="stmt"/>
        <line num="15" count="0" type="stmt"/>
        <line num="16" count="0" type="stmt"/>
        <line num="17" count="0" type="stmt"/>
        <line num="18" count="0" type="stmt"/>
        <line num="19" count="0" type="stmt"/>
        <line num="23" count="0" type="stmt"/>
        <line num="25" count="0" type="cond" truecount="0" falsecount="2"/>
        <line num="26" count="0" type="stmt"/>
        <line num="29" count="0" type="stmt"/>
        <line num="30" count="0" type="cond" truecount="0" falsecount="2"/>
        <line num="31" count="0" type="stmt"/>
        <line num="32" count="0" type="stmt"/>
        <line num="35" count="0" type="stmt"/>
        <line num="36" count="0" type="stmt"/>
        <line num="40" count="0" type="stmt"/>
        <line num="41" count="0" type="stmt"/>
        <line num="45" count="0" type="stmt"/>
        <line num="46" count="0" type="stmt"/>
        <line num="50" count="0" type="stmt"/>
        <line num="52" count="0" type="stmt"/>
        <line num="59" count="0" type="cond" truecount="0" falsecount="2"/>
        <line num="60" count="0" type="stmt"/>
        <line num="63" count="0" type="stmt"/>
        <line num="67" count="0" type="stmt"/>
        <line num="68" count="0" type="stmt"/>
        <line num="70" count="0" type="cond" truecount="0" falsecount="4"/>
        <line num="71" count="0" type="stmt"/>
        <line num="74" count="0" type="stmt"/>
        <line num="81" count="0" type="cond" truecount="0" falsecount="2"/>
        <line num="82" count="0" type="stmt"/>
        <line num="85" count="0" type="stmt"/>
        <line num="86" count="0" type="stmt"/>
        <line num="90" count="0" type="stmt"/>
        <line num="92" count="0" type="stmt"/>
        <line num="99" count="0" type="cond" truecount="0" falsecount="2"/>
        <line num="100" count="0" type="stmt"/>
        <line num="103" count="0" type="stmt"/>
        <line num="108" count="0" type="stmt"/>
        <line num="113" count="0" type="stmt"/>
      </file>
      <file name="chatbot.routes.js" path="D:\Faculdade\TCC\tcctemp\backend\src\chatbot\chatbot.routes.js">
        <metrics statements="9" coveredstatements="9" conditionals="0" coveredconditionals="0" methods="0" coveredmethods="0"/>
        <line num="5" count="1" type="stmt"/>
        <line num="7" count="1" type="stmt"/>
        <line num="9" count="1" type="stmt"/>
        <line num="10" count="1" type="stmt"/>
        <line num="11" count="1" type="stmt"/>
        <line num="12" count="1" type="stmt"/>
        <line num="13" count="1" type="stmt"/>
        <line num="14" count="1" type="stmt"/>
        <line num="15" count="1" type="stmt"/>
      </file>
      <file name="chatbot.service.js" path="D:\Faculdade\TCC\tcctemp\backend\src\chatbot\chatbot.service.js">
        <metrics statements="710" coveredstatements="574" conditionals="467" coveredconditionals="325" methods="77" coveredmethods="64"/>
        <line num="8" count="6" type="stmt"/>
        <line num="14" count="2" type="stmt"/>
        <line num="34" count="2" type="stmt"/>
        <line num="35" count="2" type="stmt"/>
        <line num="36" count="2" type="stmt"/>
        <line num="38" count="2" type="stmt"/>
        <line num="39" count="2" type="stmt"/>
        <line num="42" count="15" type="stmt"/>
        <line num="46" count="9" type="stmt"/>
        <line num="47" count="9" type="cond" truecount="2" falsecount="0"/>
        <line num="51" count="5" type="cond" truecount="1" falsecount="1"/>
        <line num="52" count="5" type="stmt"/>
        <line num="53" count="5" type="stmt"/>
        <line num="57" count="22" type="stmt"/>
        <line num="65" count="22" type="cond" truecount="1" falsecount="1"/>
        <line num="66" count="22" type="stmt"/>
        <line num="70" count="9" type="stmt"/>
        <line num="78" count="9" type="cond" truecount="1" falsecount="1"/>
        <line num="79" count="9" type="stmt"/>
        <line num="83" count="6" type="stmt"/>
        <line num="90" count="6" type="cond" truecount="1" falsecount="1"/>
        <line num="91" count="6" type="stmt"/>
        <line num="95" count="45" type="stmt"/>
        <line num="103" count="45" type="cond" truecount="1" falsecount="1"/>
        <line num="104" count="45" type="stmt"/>
        <line num="108" count="47" type="stmt"/>
        <line num="117" count="47" type="cond" truecount="1" falsecount="1"/>
        <line num="118" count="47" type="stmt"/>
        <line num="122" count="4" type="stmt"/>
        <line num="133" count="4" type="cond" truecount="1" falsecount="1"/>
        <line num="134" count="4" type="stmt"/>
        <line num="138" count="2" type="stmt"/>
        <line num="139" count="2" type="stmt"/>
        <line num="141" count="2" type="cond" truecount="1" falsecount="1"/>
        <line num="143" count="2" type="stmt"/>
        <line num="144" count="2" type="stmt"/>
        <line num="146" count="2" type="stmt"/>
        <line num="147" count="2" type="stmt"/>
        <line num="148" count="20" type="stmt"/>
        <line num="149" count="40" type="cond" truecount="3" falsecount="1"/>
        <line num="150" count="40" type="cond" truecount="3" falsecount="2"/>
        <line num="151" count="40" type="stmt"/>
        <line num="152" count="40" type="stmt"/>
        <line num="156" count="2" type="stmt"/>
        <line num="157" count="2" type="stmt"/>
        <line num="158" count="40" type="stmt"/>
        <line num="159" count="40" type="cond" truecount="2" falsecount="0"/>
        <line num="162" count="2" type="stmt"/>
        <line num="166" count="3" type="stmt"/>
        <line num="167" count="3" type="stmt"/>
        <line num="168" count="3" type="stmt"/>
        <line num="170" count="3" type="stmt"/>
        <line num="171" count="42" type="stmt"/>
        <line num="172" count="42" type="stmt"/>
        <line num="173" count="42" type="stmt"/>
        <line num="174" count="42" type="stmt"/>
        <line num="175" count="42" type="cond" truecount="2" falsecount="0"/>
        <line num="176" count="28" type="stmt"/>
        <line num="177" count="28" type="stmt"/>
        <line num="178" count="28" type="stmt"/>
        <line num="179" count="28" type="stmt"/>
        <line num="183" count="3" type="stmt"/>
        <line num="187" count="4" type="stmt"/>
        <line num="193" count="4" type="cond" truecount="1" falsecount="1"/>
        <line num="194" count="4" type="stmt"/>
        <line num="198" count="1" type="stmt"/>
        <line num="206" count="1" type="cond" truecount="1" falsecount="1"/>
        <line num="208" count="1" type="stmt"/>
        <line num="220" count="1" type="cond" truecount="1" falsecount="1"/>
        <line num="221" count="1" type="stmt"/>
        <line num="225" count="2" type="cond" truecount="6" falsecount="1"/>
        <line num="227" count="2" type="stmt"/>
        <line num="233" count="2" type="cond" truecount="1" falsecount="1"/>
        <line num="235" count="2" type="stmt"/>
        <line num="243" count="2" type="cond" truecount="1" falsecount="1"/>
        <line num="245" count="2" type="stmt"/>
        <line num="252" count="2" type="cond" truecount="1" falsecount="1"/>
        <line num="254" count="2" type="stmt"/>
        <line num="269" count="2" type="cond" truecount="4" falsecount="0"/>
        <line num="271" count="1" type="stmt"/>
        <line num="278" count="0" type="stmt"/>
        <line num="280" count="1" type="stmt"/>
        <line num="284" count="3" type="stmt"/>
        <line num="285" count="3" type="stmt"/>
        <line num="286" count="3" type="stmt"/>
        <line num="288" count="3" type="stmt"/>
        <line num="299" count="3" type="cond" truecount="1" falsecount="1"/>
        <line num="301" count="3" type="cond" truecount="1" falsecount="1"/>
        <line num="302" count="1" type="cond" truecount="1" falsecount="1"/>
        <line num="303" count="0" type="stmt"/>
        <line num="305" count="1" type="stmt"/>
        <line num="310" count="8" type="stmt"/>
        <line num="311" count="136" type="stmt"/>
        <line num="316" count="8" type="stmt"/>
        <line num="317" count="8" type="stmt"/>
        <line num="321" count="4" type="stmt"/>
        <line num="322" count="4" type="cond" truecount="1" falsecount="1"/>
        <line num="323" count="40" type="stmt"/>
        <line num="324" count="4" type="stmt"/>
        <line num="325" count="4" type="stmt"/>
        <line num="329" count="0" type="stmt"/>
        <line num="330" count="0" type="stmt"/>
        <line num="331" count="0" type="stmt"/>
        <line num="332" count="0" type="stmt"/>
        <line num="333" count="0" type="cond" truecount="0" falsecount="2"/>
        <line num="334" count="0" type="stmt"/>
        <line num="335" count="0" type="stmt"/>
        <line num="341" count="0" type="stmt"/>
        <line num="342" count="0" type="stmt"/>
        <line num="343" count="0" type="stmt"/>
        <line num="348" count="4" type="stmt"/>
        <line num="349" count="32" type="stmt"/>
        <line num="350" count="32" type="stmt"/>
        <line num="351" count="32" type="stmt"/>
        <line num="356" count="34" type="stmt"/>
        <line num="368" count="34" type="stmt"/>
        <line num="372" count="75" type="stmt"/>
        <line num="374" count="75" type="stmt"/>
        <line num="375" count="75" type="stmt"/>
        <line num="376" count="75" type="stmt"/>
        <line num="377" count="75" type="stmt"/>
        <line num="379" count="1243" type="cond" truecount="6" falsecount="0"/>
        <line num="380" count="286" type="cond" truecount="2" falsecount="0"/>
        <line num="381" count="491" type="cond" truecount="2" falsecount="0"/>
        <line num="382" count="415" type="cond" truecount="2" falsecount="0"/>
        <line num="383" count="69" type="stmt"/>
        <line num="387" count="6" type="stmt"/>
        <line num="388" count="6" type="stmt"/>
        <line num="390" count="6" type="cond" truecount="2" falsecount="0"/>
        <line num="391" count="5" type="stmt"/>
        <line num="392" count="5" type="stmt"/>
        <line num="393" count="5" type="stmt"/>
        <line num="394" count="5" type="stmt"/>
        <line num="395" count="1" type="cond" truecount="1" falsecount="1"/>
        <line num="396" count="0" type="stmt"/>
        <line num="397" count="0" type="stmt"/>
        <line num="398" count="0" type="stmt"/>
        <line num="399" count="0" type="stmt"/>
        <line num="402" count="6" type="cond" truecount="2" falsecount="0"/>
        <line num="404" count="5" type="stmt"/>
        <line num="405" count="5" type="cond" truecount="2" falsecount="0"/>
        <line num="407" count="3" type="stmt"/>
        <line num="408" count="3" type="cond" truecount="4" falsecount="1"/>
        <line num="410" count="3" type="stmt"/>
        <line num="411" count="3" type="stmt"/>
        <line num="412" count="3" type="cond" truecount="2" falsecount="0"/>
        <line num="414" count="2" type="stmt"/>
        <line num="418" count="17" type="stmt"/>
        <line num="419" count="17" type="stmt"/>
        <line num="420" count="17" type="cond" truecount="2" falsecount="0"/>
        <line num="422" count="8" type="stmt"/>
        <line num="423" count="8" type="stmt"/>
        <line num="424" count="8" type="cond" truecount="1" falsecount="1"/>
        <line num="427" count="8" type="stmt"/>
        <line num="435" count="8" type="stmt"/>
        <line num="436" count="92" type="cond" truecount="2" falsecount="0"/>
        <line num="437" count="4" type="stmt"/>
        <line num="438" count="4" type="stmt"/>
        <line num="440" count="4" type="cond" truecount="1" falsecount="1"/>
        <line num="444" count="4" type="stmt"/>
        <line num="452" count="5" type="stmt"/>
        <line num="453" count="5" type="cond" truecount="2" falsecount="0"/>
        <line num="454" count="3" type="stmt"/>
        <line num="458" count="1" type="stmt"/>
        <line num="459" count="1" type="stmt"/>
        <line num="460" count="1" type="cond" truecount="1" falsecount="1"/>
        <line num="461" count="1" type="stmt"/>
        <line num="465" count="7" type="stmt"/>
        <line num="466" count="7" type="stmt"/>
        <line num="467" count="7" type="stmt"/>
        <line num="469" count="7" type="cond" truecount="2" falsecount="0"/>
        <line num="470" count="6" type="cond" truecount="2" falsecount="0"/>
        <line num="471" count="2" type="stmt"/>
        <line num="473" count="4" type="stmt"/>
        <line num="477" count="6" type="stmt"/>
        <line num="483" count="6" type="cond" truecount="3" falsecount="1"/>
        <line num="484" count="6" type="cond" truecount="4" falsecount="0"/>
        <line num="485" count="2" type="stmt"/>
        <line num="488" count="4" type="stmt"/>
        <line num="489" count="4" type="cond" truecount="2" falsecount="0"/>
        <line num="491" count="3" type="stmt"/>
        <line num="499" count="13" type="stmt"/>
        <line num="500" count="13" type="cond" truecount="2" falsecount="0"/>
        <line num="501" count="12" type="cond" truecount="2" falsecount="0"/>
        <line num="502" count="11" type="cond" truecount="2" falsecount="0"/>
        <line num="503" count="10" type="cond" truecount="2" falsecount="0"/>
        <line num="504" count="9" type="cond" truecount="2" falsecount="0"/>
        <line num="506" count="13" type="cond" truecount="6" falsecount="0"/>
        <line num="509" count="3" type="stmt"/>
        <line num="510" count="3" type="cond" truecount="2" falsecount="0"/>
        <line num="511" count="1" type="stmt"/>
        <line num="512" count="1" type="stmt"/>
        <line num="513" count="1" type="stmt"/>
        <line num="516" count="2" type="stmt"/>
        <line num="522" count="2" type="stmt"/>
        <line num="523" count="2" type="stmt"/>
        <line num="524" count="2" type="stmt"/>
        <line num="528" count="3" type="stmt"/>
        <line num="529" count="3" type="stmt"/>
        <line num="531" count="3" type="cond" truecount="2" falsecount="0"/>
        <line num="532" count="1" type="stmt"/>
        <line num="533" count="1" type="stmt"/>
        <line num="534" count="1" type="stmt"/>
        <line num="537" count="2" type="stmt"/>
        <line num="538" count="2" type="cond" truecount="2" falsecount="0"/>
        <line num="539" count="1" type="stmt"/>
        <line num="540" count="1" type="stmt"/>
        <line num="541" count="1" type="stmt"/>
        <line num="544" count="1" type="stmt"/>
        <line num="545" count="1" type="stmt"/>
        <line num="546" count="1" type="stmt"/>
        <line num="547" count="1" type="cond" truecount="1" falsecount="1"/>
        <line num="548" count="1" type="cond" truecount="1" falsecount="1"/>
        <line num="551" count="1" type="stmt"/>
        <line num="552" count="1" type="stmt"/>
        <line num="553" count="1" type="stmt"/>
        <line num="554" count="1" type="stmt"/>
        <line num="558" count="2" type="stmt"/>
        <line num="559" count="2" type="cond" truecount="1" falsecount="1"/>
        <line num="560" count="0" type="stmt"/>
        <line num="562" count="2" type="stmt"/>
        <line num="567" count="2" type="stmt"/>
        <line num="568" count="2" type="stmt"/>
        <line num="569" count="2" type="stmt"/>
        <line num="571" count="0" type="stmt"/>
        <line num="572" count="0" type="stmt"/>
        <line num="576" count="2" type="stmt"/>
        <line num="577" count="2" type="stmt"/>
        <line num="579" count="2" type="cond" truecount="2" falsecount="0"/>
        <line num="580" count="1" type="stmt"/>
        <line num="581" count="1" type="stmt"/>
        <line num="582" count="1" type="stmt"/>
        <line num="585" count="1" type="stmt"/>
        <line num="586" count="1" type="cond" truecount="1" falsecount="1"/>
        <line num="587" count="1" type="stmt"/>
        <line num="588" count="1" type="stmt"/>
        <line num="589" count="1" type="stmt"/>
        <line num="592" count="0" type="stmt"/>
        <line num="598" count="0" type="stmt"/>
        <line num="599" count="0" type="stmt"/>
        <line num="600" count="0" type="stmt"/>
        <line num="604" count="2" type="stmt"/>
        <line num="613" count="2" type="stmt"/>
        <line num="614" count="2" type="stmt"/>
        <line num="615" count="2" type="stmt"/>
        <line num="619" count="1" type="stmt"/>
        <line num="620" count="1" type="stmt"/>
        <line num="621" count="1" type="stmt"/>
        <line num="631" count="3" type="cond" truecount="2" falsecount="0"/>
        <line num="632" count="3" type="cond" truecount="2" falsecount="0"/>
        <line num="633" count="3" type="stmt"/>
        <line num="635" count="3" type="cond" truecount="1" falsecount="1"/>
        <line num="636" count="0" type="stmt"/>
        <line num="637" count="0" type="stmt"/>
        <line num="639" count="3" type="stmt"/>
        <line num="640" count="3" type="cond" truecount="4" falsecount="1"/>
        <line num="641" count="0" type="stmt"/>
        <line num="645" count="3" type="cond" truecount="1" falsecount="1"/>
        <line num="646" count="3" type="stmt"/>
        <line num="647" count="3" type="stmt"/>
        <line num="650" count="0" type="stmt"/>
        <line num="651" count="0" type="stmt"/>
        <line num="653" count="0" type="cond" truecount="0" falsecount="2"/>
        <line num="654" count="0" type="cond" truecount="0" falsecount="4"/>
        <line num="655" count="0" type="cond" truecount="0" falsecount="2"/>
        <line num="656" count="0" type="cond" truecount="0" falsecount="2"/>
        <line num="657" count="0" type="stmt"/>
        <line num="658" count="0" type="cond" truecount="0" falsecount="2"/>
        <line num="659" count="0" type="stmt"/>
        <line num="665" count="0" type="cond" truecount="0" falsecount="2"/>
        <line num="666" count="0" type="stmt"/>
        <line num="667" count="0" type="stmt"/>
        <line num="671" count="0" type="stmt"/>
        <line num="674" count="0" type="stmt"/>
        <line num="675" count="0" type="stmt"/>
        <line num="677" count="0" type="cond" truecount="0" falsecount="2"/>
        <line num="678" count="0" type="stmt"/>
        <line num="679" count="0" type="stmt"/>
        <line num="680" count="0" type="stmt"/>
        <line num="684" count="0" type="stmt"/>
        <line num="687" count="0" type="stmt"/>
        <line num="692" count="0" type="stmt"/>
        <line num="694" count="0" type="stmt"/>
        <line num="695" count="0" type="stmt"/>
        <line num="706" count="3" type="cond" truecount="1" falsecount="1"/>
        <line num="707" count="3" type="cond" truecount="1" falsecount="1"/>
        <line num="709" count="3" type="cond" truecount="2" falsecount="0"/>
        <line num="710" count="1" type="stmt"/>
        <line num="711" count="1" type="stmt"/>
        <line num="712" count="1" type="stmt"/>
        <line num="716" count="1" type="stmt"/>
        <line num="719" count="2" type="stmt"/>
        <line num="721" count="2" type="cond" truecount="2" falsecount="0"/>
        <line num="722" count="1" type="stmt"/>
        <line num="723" count="1" type="stmt"/>
        <line num="725" count="1" type="stmt"/>
        <line num="726" count="1" type="cond" truecount="4" falsecount="1"/>
        <line num="727" count="1" type="stmt"/>
        <line num="728" count="0" type="cond" truecount="0" falsecount="2"/>
        <line num="729" count="0" type="stmt"/>
        <line num="730" count="0" type="stmt"/>
        <line num="731" count="0" type="stmt"/>
        <line num="735" count="0" type="stmt"/>
        <line num="739" count="2" type="cond" truecount="1" falsecount="1"/>
        <line num="740" count="0" type="stmt"/>
        <line num="741" count="0" type="stmt"/>
        <line num="744" count="2" type="stmt"/>
        <line num="752" count="3" type="stmt"/>
        <line num="753" count="3" type="cond" truecount="2" falsecount="0"/>
        <line num="754" count="1" type="stmt"/>
        <line num="755" count="1" type="stmt"/>
        <line num="756" count="1" type="stmt"/>
        <line num="758" count="2" type="stmt"/>
        <line num="759" count="2" type="stmt"/>
        <line num="760" count="2" type="stmt"/>
        <line num="764" count="2" type="stmt"/>
        <line num="768" count="2" type="cond" truecount="1" falsecount="1"/>
        <line num="769" count="2" type="stmt"/>
        <line num="771" count="2" type="cond" truecount="1" falsecount="1"/>
        <line num="772" count="0" type="stmt"/>
        <line num="774" count="2" type="stmt"/>
        <line num="777" count="2" type="cond" truecount="1" falsecount="1"/>
        <line num="779" count="2" type="cond" truecount="2" falsecount="2"/>
        <line num="780" count="0" type="stmt"/>
        <line num="781" count="0" type="cond" truecount="0" falsecount="2"/>
        <line num="782" count="0" type="stmt"/>
        <line num="783" count="0" type="stmt"/>
        <line num="784" count="0" type="stmt"/>
        <line num="786" count="0" type="stmt"/>
        <line num="787" count="0" type="stmt"/>
        <line num="788" count="0" type="stmt"/>
        <line num="791" count="2" type="cond" truecount="2" falsecount="0"/>
        <line num="792" count="1" type="cond" truecount="1" falsecount="1"/>
        <line num="793" count="1" type="stmt"/>
        <line num="794" count="1" type="stmt"/>
        <line num="796" count="0" type="stmt"/>
        <line num="797" count="0" type="stmt"/>
        <line num="800" count="1" type="cond" truecount="3" falsecount="1"/>
        <line num="801" count="0" type="stmt"/>
        <line num="802" count="0" type="stmt"/>
        <line num="803" count="0" type="stmt"/>
        <line num="806" count="1" type="stmt"/>
        <line num="807" count="1" type="cond" truecount="1" falsecount="1"/>
        <line num="808" count="0" type="stmt"/>
        <line num="809" count="0" type="stmt"/>
        <line num="812" count="1" type="stmt"/>
        <line num="813" count="1" type="cond" truecount="1" falsecount="1"/>
        <line num="814" count="0" type="stmt"/>
        <line num="815" count="0" type="stmt"/>
        <line num="818" count="1" type="stmt"/>
        <line num="819" count="20" type="stmt"/>
        <line num="821" count="1" type="stmt"/>
        <line num="826" count="1" type="stmt"/>
        <line num="837" count="2" type="cond" truecount="1" falsecount="1"/>
        <line num="838" count="2" type="cond" truecount="1" falsecount="1"/>
        <line num="839" count="2" type="stmt"/>
        <line num="841" count="2" type="cond" truecount="1" falsecount="1"/>
        <line num="842" count="2" type="stmt"/>
        <line num="844" count="0" type="stmt"/>
        <line num="845" count="0" type="cond" truecount="0" falsecount="5"/>
        <line num="846" count="0" type="stmt"/>
        <line num="850" count="2" type="cond" truecount="1" falsecount="1"/>
        <line num="851" count="0" type="stmt"/>
        <line num="852" count="0" type="stmt"/>
        <line num="855" count="2" type="stmt"/>
        <line num="856" count="2" type="cond" truecount="2" falsecount="0"/>
        <line num="857" count="1" type="stmt"/>
        <line num="858" count="1" type="cond" truecount="1" falsecount="1"/>
        <line num="859" count="1" type="stmt"/>
        <line num="860" count="1" type="stmt"/>
        <line num="861" count="1" type="stmt"/>
        <line num="863" count="0" type="stmt"/>
        <line num="864" count="0" type="stmt"/>
        <line num="865" count="0" type="stmt"/>
        <line num="866" count="0" type="stmt"/>
        <line num="869" count="1" type="stmt"/>
        <line num="875" count="1" type="stmt"/>
        <line num="882" count="1" type="stmt"/>
        <line num="891" count="2" type="stmt"/>
        <line num="896" count="1" type="stmt"/>
        <line num="907" count="5" type="cond" truecount="1" falsecount="1"/>
        <line num="909" count="5" type="cond" truecount="4" falsecount="0"/>
        <line num="910" count="1" type="stmt"/>
        <line num="911" count="1" type="stmt"/>
        <line num="912" count="1" type="stmt"/>
        <line num="915" count="4" type="cond" truecount="2" falsecount="2"/>
        <line num="916" count="0" type="stmt"/>
        <line num="917" count="0" type="stmt"/>
        <line num="920" count="4" type="cond" truecount="6" falsecount="0"/>
        <line num="921" count="1" type="stmt"/>
        <line num="922" count="1" type="stmt"/>
        <line num="923" count="1" type="stmt"/>
        <line num="926" count="3" type="stmt"/>
        <line num="930" count="3" type="cond" truecount="2" falsecount="0"/>
        <line num="931" count="1" type="stmt"/>
        <line num="932" count="1" type="stmt"/>
        <line num="933" count="1" type="stmt"/>
        <line num="936" count="2" type="stmt"/>
        <line num="941" count="2" type="cond" truecount="1" falsecount="1"/>
        <line num="942" count="0" type="stmt"/>
        <line num="943" count="0" type="stmt"/>
        <line num="944" count="0" type="stmt"/>
        <line num="947" count="2" type="stmt"/>
        <line num="949" count="2" type="cond" truecount="4" falsecount="0"/>
        <line num="950" count="1" type="stmt"/>
        <line num="951" count="1" type="stmt"/>
        <line num="952" count="1" type="stmt"/>
        <line num="955" count="1" type="cond" truecount="1" falsecount="2"/>
        <line num="956" count="5" type="cond" truecount="1" falsecount="2"/>
        <line num="957" count="5" type="cond" truecount="1" falsecount="1"/>
        <line num="962" count="5" type="stmt"/>
        <line num="970" count="5" type="stmt"/>
        <line num="975" count="1" type="stmt"/>
        <line num="977" count="1" type="stmt"/>
        <line num="985" count="3" type="cond" truecount="1" falsecount="1"/>
        <line num="986" count="3" type="cond" truecount="1" falsecount="1"/>
        <line num="987" count="3" type="stmt"/>
        <line num="989" count="3" type="cond" truecount="1" falsecount="1"/>
        <line num="990" count="0" type="stmt"/>
        <line num="991" count="0" type="stmt"/>
        <line num="993" count="3" type="stmt"/>
        <line num="994" count="3" type="cond" truecount="5" falsecount="0"/>
        <line num="995" count="2" type="stmt"/>
        <line num="999" count="3" type="cond" truecount="2" falsecount="0"/>
        <line num="1000" count="1" type="stmt"/>
        <line num="1001" count="1" type="stmt"/>
        <line num="1002" count="1" type="stmt"/>
        <line num="1005" count="2" type="stmt"/>
        <line num="1006" count="2" type="cond" truecount="2" falsecount="0"/>
        <line num="1007" count="1" type="stmt"/>
        <line num="1008" count="1" type="stmt"/>
        <line num="1009" count="1" type="stmt"/>
        <line num="1013" count="1" type="stmt"/>
        <line num="1017" count="3" type="stmt"/>
        <line num="1022" count="1" type="stmt"/>
        <line num="1029" count="2" type="cond" truecount="1" falsecount="1"/>
        <line num="1031" count="2" type="cond" truecount="4" falsecount="0"/>
        <line num="1032" count="1" type="stmt"/>
        <line num="1033" count="1" type="stmt"/>
        <line num="1034" count="1" type="stmt"/>
        <line num="1037" count="1" type="cond" truecount="2" falsecount="3"/>
        <line num="1038" count="0" type="stmt"/>
        <line num="1039" count="0" type="stmt"/>
        <line num="1042" count="1" type="stmt"/>
        <line num="1043" count="1" type="cond" truecount="1" falsecount="1"/>
        <line num="1044" count="0" type="stmt"/>
        <line num="1045" count="0" type="stmt"/>
        <line num="1046" count="0" type="stmt"/>
        <line num="1049" count="1" type="stmt"/>
        <line num="1054" count="1" type="cond" truecount="1" falsecount="1"/>
        <line num="1055" count="0" type="stmt"/>
        <line num="1056" count="0" type="stmt"/>
        <line num="1057" count="0" type="stmt"/>
        <line num="1060" count="1" type="stmt"/>
        <line num="1069" count="1" type="stmt"/>
        <line num="1070" count="1" type="stmt"/>
        <line num="1078" count="2" type="stmt"/>
        <line num="1086" count="4" type="cond" truecount="1" falsecount="1"/>
        <line num="1087" count="4" type="stmt"/>
        <line num="1089" count="4" type="cond" truecount="2" falsecount="0"/>
        <line num="1090" count="2" type="stmt"/>
        <line num="1091" count="2" type="stmt"/>
        <line num="1094" count="2" type="stmt"/>
        <line num="1096" count="2" type="cond" truecount="4" falsecount="0"/>
        <line num="1097" count="1" type="stmt"/>
        <line num="1098" count="1" type="stmt"/>
        <line num="1103" count="1" type="stmt"/>
        <line num="1106" count="1" type="stmt"/>
        <line num="1107" count="1" type="cond" truecount="1" falsecount="1"/>
        <line num="1108" count="0" type="stmt"/>
        <line num="1109" count="0" type="stmt"/>
        <line num="1110" count="0" type="stmt"/>
        <line num="1113" count="1" type="stmt"/>
        <line num="1114" count="1" type="stmt"/>
        <line num="1118" count="2" type="cond" truecount="1" falsecount="1"/>
        <line num="1119" count="2" type="stmt"/>
        <line num="1121" count="2" type="cond" truecount="2" falsecount="0"/>
        <line num="1122" count="1" type="stmt"/>
        <line num="1123" count="1" type="stmt"/>
        <line num="1126" count="1" type="cond" truecount="1" falsecount="2"/>
        <line num="1127" count="2" type="stmt"/>
        <line num="1129" count="1" type="cond" truecount="1" falsecount="1"/>
        <line num="1130" count="0" type="stmt"/>
        <line num="1131" count="0" type="stmt"/>
        <line num="1132" count="0" type="stmt"/>
        <line num="1135" count="1" type="stmt"/>
        <line num="1136" count="1" type="stmt"/>
        <line num="1137" count="1" type="stmt"/>
        <line num="1141" count="2" type="stmt"/>
        <line num="1143" count="2" type="cond" truecount="1" falsecount="1"/>
        <line num="1144" count="2" type="stmt"/>
        <line num="1145" count="2" type="stmt"/>
        <line num="1146" count="2" type="stmt"/>
        <line num="1150" count="2" type="stmt"/>
        <line num="1153" count="0" type="stmt"/>
        <line num="1158" count="0" type="stmt"/>
        <line num="1160" count="0" type="stmt"/>
        <line num="1161" count="0" type="stmt"/>
        <line num="1168" count="3" type="cond" truecount="1" falsecount="1"/>
        <line num="1169" count="3" type="stmt"/>
        <line num="1171" count="3" type="cond" truecount="2" falsecount="0"/>
        <line num="1172" count="1" type="stmt"/>
        <line num="1173" count="1" type="cond" truecount="1" falsecount="1"/>
        <line num="1174" count="0" type="stmt"/>
        <line num="1175" count="0" type="stmt"/>
        <line num="1177" count="1" type="stmt"/>
        <line num="1179" count="2" type="stmt"/>
        <line num="1180" count="2" type="cond" truecount="2" falsecount="0"/>
        <line num="1181" count="1" type="stmt"/>
        <line num="1182" count="1" type="stmt"/>
        <line num="1183" count="1" type="stmt"/>
        <line num="1185" count="1" type="stmt"/>
        <line num="1188" count="2" type="cond" truecount="1" falsecount="1"/>
        <line num="1190" count="2" type="cond" truecount="1" falsecount="1"/>
        <line num="1191" count="2" type="stmt"/>
        <line num="1192" count="2" type="cond" truecount="1" falsecount="1"/>
        <line num="1193" count="2" type="stmt"/>
        <line num="1194" count="2" type="stmt"/>
        <line num="1195" count="2" type="stmt"/>
        <line num="1199" count="0" type="stmt"/>
        <line num="1200" count="0" type="stmt"/>
        <line num="1204" count="3" type="cond" truecount="1" falsecount="1"/>
        <line num="1205" count="3" type="stmt"/>
        <line num="1207" count="3" type="cond" truecount="2" falsecount="0"/>
        <line num="1208" count="1" type="stmt"/>
        <line num="1209" count="1" type="cond" truecount="1" falsecount="1"/>
        <line num="1210" count="0" type="stmt"/>
        <line num="1211" count="0" type="stmt"/>
        <line num="1213" count="1" type="stmt"/>
        <line num="1215" count="2" type="stmt"/>
        <line num="1216" count="2" type="cond" truecount="2" falsecount="0"/>
        <line num="1217" count="1" type="cond" truecount="3" falsecount="1"/>
        <line num="1218" count="1" type="stmt"/>
        <line num="1219" count="1" type="cond" truecount="1" falsecount="1"/>
        <line num="1220" count="1" type="stmt"/>
        <line num="1221" count="1" type="stmt"/>
        <line num="1224" count="0" type="stmt"/>
        <line num="1225" count="0" type="stmt"/>
        <line num="1227" count="1" type="stmt"/>
        <line num="1230" count="2" type="cond" truecount="1" falsecount="1"/>
        <line num="1232" count="2" type="stmt"/>
        <line num="1233" count="2" type="stmt"/>
        <line num="1237" count="2" type="cond" truecount="1" falsecount="1"/>
        <line num="1238" count="2" type="stmt"/>
        <line num="1240" count="2" type="cond" truecount="2" falsecount="0"/>
        <line num="1241" count="1" type="stmt"/>
        <line num="1242" count="1" type="stmt"/>
        <line num="1245" count="1" type="stmt"/>
        <line num="1247" count="1" type="cond" truecount="1" falsecount="1"/>
        <line num="1248" count="0" type="stmt"/>
        <line num="1249" count="0" type="stmt"/>
        <line num="1250" count="0" type="stmt"/>
        <line num="1253" count="1" type="stmt"/>
        <line num="1255" count="1" type="cond" truecount="1" falsecount="1"/>
        <line num="1256" count="1" type="stmt"/>
        <line num="1258" count="0" type="stmt"/>
        <line num="1259" count="0" type="stmt"/>
        <line num="1267" count="2" type="stmt"/>
        <line num="1268" count="2" type="stmt"/>
        <line num="1271" count="15" type="cond" truecount="1" falsecount="1"/>
        <line num="1273" count="15" type="cond" truecount="14" falsecount="1"/>
        <line num="1277" count="3" type="stmt"/>
        <line num="1278" count="3" type="stmt"/>
        <line num="1281" count="1" type="stmt"/>
        <line num="1282" count="1" type="stmt"/>
        <line num="1285" count="2" type="cond" truecount="2" falsecount="0"/>
        <line num="1286" count="1" type="stmt"/>
        <line num="1291" count="1" type="stmt"/>
        <line num="1292" count="1" type="stmt"/>
        <line num="1293" count="1" type="stmt"/>
        <line num="1295" count="1" type="stmt"/>
        <line num="1297" count="2" type="stmt"/>
        <line num="1300" count="1" type="cond" truecount="1" falsecount="1"/>
        <line num="1301" count="0" type="stmt"/>
        <line num="1303" count="1" type="stmt"/>
        <line num="1304" count="1" type="stmt"/>
        <line num="1305" count="1" type="stmt"/>
        <line num="1307" count="1" type="stmt"/>
        <line num="1310" count="1" type="cond" truecount="3" falsecount="1"/>
        <line num="1311" count="1" type="stmt"/>
        <line num="1312" count="1" type="cond" truecount="1" falsecount="1"/>
        <line num="1313" count="1" type="stmt"/>
        <line num="1314" count="1" type="stmt"/>
        <line num="1315" count="1" type="stmt"/>
        <line num="1318" count="0" type="stmt"/>
        <line num="1319" count="0" type="stmt"/>
        <line num="1320" count="0" type="stmt"/>
        <line num="1323" count="2" type="cond" truecount="2" falsecount="0"/>
        <line num="1324" count="1" type="stmt"/>
        <line num="1329" count="1" type="stmt"/>
        <line num="1330" count="1" type="stmt"/>
        <line num="1331" count="1" type="stmt"/>
        <line num="1333" count="1" type="stmt"/>
        <line num="1335" count="2" type="stmt"/>
        <line num="1338" count="1" type="cond" truecount="1" falsecount="1"/>
        <line num="1339" count="1" type="stmt"/>
        <line num="1340" count="1" type="stmt"/>
        <line num="1342" count="0" type="stmt"/>
        <line num="1344" count="1" type="stmt"/>
        <line num="1351" count="4" type="stmt"/>
        <line num="1352" count="4" type="stmt"/>
        <line num="1355" count="0" type="stmt"/>
        <line num="1360" count="2" type="stmt"/>
        <line num="1364" count="2" type="stmt"/>
        <line num="1373" count="2" type="stmt"/>
        <line num="1387" count="0" type="stmt"/>
        <line num="1392" count="66" type="stmt"/>
        <line num="1393" count="66" type="cond" truecount="2" falsecount="0"/>
        <line num="1395" count="66" type="cond" truecount="2" falsecount="0"/>
        <line num="1396" count="2" type="stmt"/>
        <line num="1397" count="2" type="stmt"/>
        <line num="1400" count="64" type="cond" truecount="2" falsecount="0"/>
        <line num="1401" count="2" type="stmt"/>
        <line num="1402" count="2" type="cond" truecount="5" falsecount="0"/>
        <line num="1403" count="1" type="stmt"/>
        <line num="1412" count="1" type="stmt"/>
        <line num="1413" count="1" type="stmt"/>
        <line num="1414" count="1" type="stmt"/>
        <line num="1416" count="1" type="stmt"/>
        <line num="1417" count="1" type="stmt"/>
        <line num="1418" count="1" type="stmt"/>
        <line num="1419" count="1" type="stmt"/>
        <line num="1423" count="62" type="stmt"/>
        <line num="1425" count="62" type="cond" truecount="1" falsecount="1"/>
        <line num="1426" count="0" type="stmt"/>
        <line num="1427" count="0" type="stmt"/>
        <line num="1428" count="0" type="stmt"/>
        <line num="1431" count="62" type="cond" truecount="2" falsecount="0"/>
        <line num="1432" count="15" type="stmt"/>
        <line num="1433" count="15" type="stmt"/>
        <line num="1436" count="47" type="stmt"/>
        <line num="1437" count="47" type="cond" truecount="1" falsecount="1"/>
        <line num="1438" count="47" type="stmt"/>
        <line num="1439" count="47" type="cond" truecount="2" falsecount="0"/>
        <line num="1442" count="10" type="cond" truecount="2" falsecount="0"/>
        <line num="1443" count="66" type="stmt"/>
        <line num="1445" count="10" type="cond" truecount="2" falsecount="0"/>
        <line num="1446" count="2" type="stmt"/>
        <line num="1448" count="8" type="stmt"/>
        <line num="1457" count="77" type="stmt"/>
        <line num="1458" count="77" type="stmt"/>
        <line num="1460" count="76" type="cond" truecount="2" falsecount="0"/>
        <line num="1461" count="1" type="stmt"/>
        <line num="1462" count="1" type="stmt"/>
        <line num="1469" count="1" type="stmt"/>
        <line num="1473" count="1" type="stmt"/>
        <line num="1477" count="1" type="stmt"/>
        <line num="1478" count="1" type="stmt"/>
        <line num="1481" count="75" type="cond" truecount="1" falsecount="1"/>
        <line num="1482" count="75" type="stmt"/>
        <line num="1485" count="75" type="stmt"/>
        <line num="1486" count="75" type="stmt"/>
        <line num="1488" count="75" type="cond" truecount="2" falsecount="0"/>
        <line num="1489" count="2" type="cond" truecount="2" falsecount="0"/>
        <line num="1490" count="1" type="stmt"/>
        <line num="1491" count="1" type="stmt"/>
        <line num="1492" count="1" type="stmt"/>
        <line num="1494" count="1" type="stmt"/>
        <line num="1495" count="73" type="cond" truecount="2" falsecount="0"/>
        <line num="1496" count="1" type="stmt"/>
        <line num="1497" count="1" type="stmt"/>
        <line num="1498" count="72" type="cond" truecount="2" falsecount="0"/>
        <line num="1499" count="2" type="stmt"/>
        <line num="1500" count="2" type="stmt"/>
        <line num="1501" count="2" type="stmt"/>
        <line num="1502" count="2" type="stmt"/>
        <line num="1503" count="2" type="stmt"/>
        <line num="1504" count="2" type="stmt"/>
        <line num="1505" count="70" type="cond" truecount="2" falsecount="0"/>
        <line num="1506" count="1" type="stmt"/>
        <line num="1507" count="1" type="cond" truecount="1" falsecount="1"/>
        <line num="1508" count="1" type="stmt"/>
        <line num="1510" count="1" type="stmt"/>
        <line num="1513" count="70" type="cond" truecount="4" falsecount="0"/>
        <line num="1514" count="17" type="stmt"/>
        <line num="1515" count="17" type="cond" truecount="2" falsecount="0"/>
        <line num="1516" count="4" type="stmt"/>
        <line num="1517" count="4" type="stmt"/>
        <line num="1519" count="4" type="cond" truecount="1" falsecount="1"/>
        <line num="1520" count="4" type="stmt"/>
        <line num="1523" count="4" type="cond" truecount="4" falsecount="0"/>
        <line num="1524" count="2" type="cond" truecount="1" falsecount="1"/>
        <line num="1525" count="2" type="cond" truecount="1" falsecount="1"/>
        <line num="1526" count="2" type="stmt"/>
        <line num="1530" count="4" type="cond" truecount="1" falsecount="1"/>
        <line num="1531" count="4" type="stmt"/>
        <line num="1532" count="4" type="stmt"/>
        <line num="1534" count="4" type="stmt"/>
        <line num="1536" count="4" type="cond" truecount="2" falsecount="0"/>
        <line num="1537" count="3" type="stmt"/>
        <line num="1538" count="3" type="stmt"/>
        <line num="1539" count="3" type="stmt"/>
        <line num="1543" count="3" type="stmt"/>
        <line num="1546" count="1" type="stmt"/>
        <line num="1551" count="1" type="stmt"/>
        <line num="1553" count="1" type="stmt"/>
        <line num="1554" count="1" type="stmt"/>
        <line num="1558" count="1" type="stmt"/>
        <line num="1561" count="0" type="stmt"/>
        <line num="1562" count="0" type="stmt"/>
        <line num="1566" count="0" type="stmt"/>
        <line num="1570" count="66" type="stmt"/>
        <line num="1572" count="1" type="stmt"/>
        <line num="1573" count="1" type="stmt"/>
        <line num="1574" count="1" type="cond" truecount="1" falsecount="1"/>
        <line num="1575" count="1" type="cond" truecount="1" falsecount="1"/>
        <line num="1576" count="1" type="stmt"/>
        <line num="1577" count="1" type="cond" truecount="1" falsecount="1"/>
        <line num="1578" count="0" type="stmt"/>
        <line num="1582" count="1" type="stmt"/>
      </file>
      <file name="chatbot.session.js" path="D:\Faculdade\TCC\tcctemp\backend\src\chatbot\chatbot.session.js">
        <metrics statements="29" coveredstatements="29" conditionals="18" coveredconditionals="17" methods="6" coveredmethods="6"/>
        <line num="6" count="4" type="stmt"/>
        <line num="14" count="4" type="cond" truecount="2" falsecount="0"/>
        <line num="15" count="1" type="stmt"/>
        <line num="22" count="1" type="cond" truecount="1" falsecount="1"/>
        <line num="25" count="4" type="stmt"/>
        <line num="38" count="4" type="cond" truecount="2" falsecount="0"/>
        <line num="39" count="3" type="stmt"/>
        <line num="43" count="80" type="stmt"/>
        <line num="51" count="79" type="cond" truecount="2" falsecount="0"/>
        <line num="52" count="78" type="stmt"/>
        <line num="56" count="162" type="stmt"/>
        <line num="63" count="162" type="cond" truecount="2" falsecount="0"/>
        <line num="64" count="161" type="stmt"/>
        <line num="68" count="2" type="stmt"/>
        <line num="75" count="2" type="cond" truecount="2" falsecount="0"/>
        <line num="76" count="1" type="stmt"/>
        <line num="80" count="2" type="stmt"/>
        <line num="85" count="2" type="cond" truecount="2" falsecount="0"/>
        <line num="88" count="3" type="stmt"/>
        <line num="91" count="3" type="stmt"/>
        <line num="93" count="3" type="stmt"/>
        <line num="100" count="3" type="cond" truecount="2" falsecount="0"/>
        <line num="101" count="1" type="stmt"/>
        <line num="102" count="1" type="stmt"/>
        <line num="105" count="2" type="cond" truecount="2" falsecount="0"/>
        <line num="107" count="1" type="stmt"/>
        <line num="108" count="2" type="stmt"/>
        <line num="117" count="2" type="stmt"/>
        <line num="120" count="1" type="stmt"/>
      </file>
    </package>
    <package name="src.config">
      <metrics statements="2" coveredstatements="2" conditionals="8" coveredconditionals="3" methods="0" coveredmethods="0"/>
      <file name="logger.js" path="D:\Faculdade\TCC\tcctemp\backend\src\config\logger.js">
        <metrics statements="2" coveredstatements="2" conditionals="8" coveredconditionals="3" methods="0" coveredmethods="0"/>
        <line num="3" count="2" type="stmt"/>
        <line num="5" count="2" type="stmt"/>
      </file>
    </package>
    <package name="src.controllers">
      <metrics statements="283" coveredstatements="23" conditionals="235" coveredconditionals="24" methods="56" coveredmethods="5"/>
      <file name="agendamentos.controller.js" path="D:\Faculdade\TCC\tcctemp\backend\src\controllers\agendamentos.controller.js">
        <metrics statements="30" coveredstatements="10" conditionals="35" coveredconditionals="8" methods="4" coveredmethods="1"/>
        <line num="4" count="0" type="stmt"/>
        <line num="6" count="0" type="cond" truecount="0" falsecount="7"/>
        <line num="7" count="0" type="stmt"/>
        <line num="10" count="0" type="stmt"/>
        <line num="21" count="0" type="stmt"/>
        <line num="25" count="1" type="stmt"/>
        <line num="27" count="1" type="stmt"/>
        <line num="28" count="1" type="cond" truecount="1" falsecount="1"/>
        <line num="29" count="1" type="cond" truecount="1" falsecount="1"/>
        <line num="30" count="1" type="cond" truecount="1" falsecount="1"/>
        <line num="31" count="1" type="cond" truecount="1" falsecount="1"/>
        <line num="32" count="1" type="cond" truecount="2" falsecount="0"/>
        <line num="33" count="1" type="cond" truecount="2" falsecount="0"/>
        <line num="35" count="1" type="stmt"/>
        <line num="36" count="1" type="stmt"/>
        <line num="40" count="0" type="stmt"/>
        <line num="41" count="0" type="stmt"/>
        <line num="43" count="0" type="stmt"/>
        <line num="44" count="0" type="cond" truecount="0" falsecount="2"/>
        <line num="45" count="0" type="cond" truecount="0" falsecount="2"/>
        <line num="46" count="0" type="cond" truecount="0" falsecount="2"/>
        <line num="47" count="0" type="cond" truecount="0" falsecount="2"/>
        <line num="48" count="0" type="cond" truecount="0" falsecount="2"/>
        <line num="49" count="0" type="cond" truecount="0" falsecount="2"/>
        <line num="50" count="0" type="cond" truecount="0" falsecount="2"/>
        <line num="52" count="0" type="stmt"/>
        <line num="53" count="0" type="stmt"/>
        <line num="57" count="0" type="stmt"/>
        <line num="58" count="0" type="stmt"/>
        <line num="59" count="0" type="stmt"/>
      </file>
      <file name="auth.controller.js" path="D:\Faculdade\TCC\tcctemp\backend\src\controllers\auth.controller.js">
        <metrics statements="9" coveredstatements="0" conditionals="8" coveredconditionals="0" methods="2" coveredmethods="0"/>
        <line num="4" count="0" type="stmt"/>
        <line num="6" count="0" type="cond" truecount="0" falsecount="6"/>
        <line num="7" count="0" type="stmt"/>
        <line num="10" count="0" type="cond" truecount="0" falsecount="2"/>
        <line num="11" count="0" type="stmt"/>
        <line num="14" count="0" type="stmt"/>
        <line num="15" count="0" type="stmt"/>
        <line num="19" count="0" type="stmt"/>
        <line num="20" count="0" type="stmt"/>
      </file>
      <file name="clientes.controller.js" path="D:\Faculdade\TCC\tcctemp\backend\src\controllers\clientes.controller.js">
        <metrics statements="20" coveredstatements="7" conditionals="20" coveredconditionals="10" methods="4" coveredmethods="2"/>
        <line num="4" count="1" type="stmt"/>
        <line num="6" count="1" type="cond" truecount="1" falsecount="1"/>
        <line num="7" count="0" type="stmt"/>
        <line num="10" count="1" type="stmt"/>
        <line num="17" count="1" type="stmt"/>
        <line num="21" count="1" type="stmt"/>
        <line num="22" count="1" type="cond" truecount="6" falsecount="0"/>
        <line num="23" count="1" type="stmt"/>
        <line num="27" count="0" type="stmt"/>
        <line num="28" count="0" type="stmt"/>
        <line num="30" count="0" type="stmt"/>
        <line num="31" count="0" type="cond" truecount="0" falsecount="2"/>
        <line num="32" count="0" type="cond" truecount="0" falsecount="2"/>
        <line num="33" count="0" type="cond" truecount="0" falsecount="2"/>
        <line num="34" count="0" type="cond" truecount="0" falsecount="2"/>
        <line num="36" count="0" type="stmt"/>
        <line num="37" count="0" type="stmt"/>
        <line num="41" count="0" type="stmt"/>
        <line num="42" count="0" type="stmt"/>
        <line num="43" count="0" type="stmt"/>
      </file>
      <file name="dashboard.controller.js" path="D:\Faculdade\TCC\tcctemp\backend\src\controllers\dashboard.controller.js">
        <metrics statements="2" coveredstatements="2" conditionals="0" coveredconditionals="0" methods="1" coveredmethods="1"/>
        <line num="4" count="1" type="stmt"/>
        <line num="5" count="1" type="stmt"/>
      </file>
      <file name="expediente.controller.js" path="D:\Faculdade\TCC\tcctemp\backend\src\controllers\expediente.controller.js">
        <metrics statements="16" coveredstatements="0" conditionals="12" coveredconditionals="0" methods="3" coveredmethods="0"/>
        <line num="4" count="0" type="stmt"/>
        <line num="5" count="0" type="stmt"/>
        <line num="9" count="0" type="stmt"/>
        <line num="11" count="0" type="cond" truecount="0" falsecount="2"/>
        <line num="12" count="0" type="stmt"/>
        <line num="15" count="0" type="stmt"/>
        <line num="21" count="0" type="stmt"/>
        <line num="25" count="0" type="stmt"/>
        <line num="27" count="0" type="cond" truecount="0" falsecount="2"/>
        <line num="28" count="0" type="stmt"/>
        <line num="31" count="0" type="stmt"/>
        <line num="32" count="0" type="cond" truecount="0" falsecount="2"/>
        <line num="33" count="0" type="stmt"/>
        <line num="35" count="0" type="stmt"/>
        <line num="42" count="0" type="stmt"/>
        <line num="43" count="0" type="stmt"/>
      </file>
      <file name="financeiro.controller.js" path="D:\Faculdade\TCC\tcctemp\backend\src\controllers\financeiro.controller.js">
        <metrics statements="55" coveredstatements="0" conditionals="47" coveredconditionals="0" methods="8" coveredmethods="0"/>
        <line num="4" count="0" type="stmt"/>
        <line num="6" count="0" type="cond" truecount="0" falsecount="2"/>
        <line num="7" count="0" type="stmt"/>
        <line num="9" count="0" type="cond" truecount="0" falsecount="5"/>
        <line num="10" count="0" type="stmt"/>
        <line num="12" count="0" type="cond" truecount="0" falsecount="2"/>
        <line num="13" count="0" type="stmt"/>
        <line num="16" count="0" type="stmt"/>
        <line num="19" count="0" type="stmt"/>
        <line num="23" count="0" type="stmt"/>
        <line num="24" count="0" type="stmt"/>
        <line num="25" count="0" type="cond" truecount="0" falsecount="2"/>
        <line num="26" count="0" type="cond" truecount="0" falsecount="2"/>
        <line num="27" count="0" type="cond" truecount="0" falsecount="2"/>
        <line num="28" count="0" type="cond" truecount="0" falsecount="2"/>
        <line num="29" count="0" type="cond" truecount="0" falsecount="2"/>
        <line num="31" count="0" type="stmt"/>
        <line num="32" count="0" type="stmt"/>
        <line num="36" count="0" type="stmt"/>
        <line num="37" count="0" type="stmt"/>
        <line num="39" count="0" type="stmt"/>
        <line num="40" count="0" type="cond" truecount="0" falsecount="2"/>
        <line num="41" count="0" type="cond" truecount="0" falsecount="2"/>
        <line num="42" count="0" type="cond" truecount="0" falsecount="2"/>
        <line num="43" count="0" type="cond" truecount="0" falsecount="2"/>
        <line num="44" count="0" type="cond" truecount="0" falsecount="2"/>
        <line num="45" count="0" type="cond" truecount="0" falsecount="2"/>
        <line num="47" count="0" type="stmt"/>
        <line num="48" count="0" type="stmt"/>
        <line num="52" count="0" type="stmt"/>
        <line num="53" count="0" type="stmt"/>
        <line num="54" count="0" type="stmt"/>
        <line num="55" count="0" type="stmt"/>
        <line num="59" count="0" type="stmt"/>
        <line num="60" count="0" type="stmt"/>
        <line num="61" count="0" type="stmt"/>
        <line num="65" count="0" type="stmt"/>
        <line num="66" count="0" type="stmt"/>
        <line num="67" count="0" type="cond" truecount="0" falsecount="2"/>
        <line num="68" count="0" type="cond" truecount="0" falsecount="2"/>
        <line num="69" count="0" type="cond" truecount="0" falsecount="2"/>
        <line num="70" count="0" type="cond" truecount="0" falsecount="2"/>
        <line num="71" count="0" type="cond" truecount="0" falsecount="2"/>
        <line num="73" count="0" type="stmt"/>
        <line num="74" count="0" type="stmt"/>
        <line num="78" count="0" type="stmt"/>
        <line num="79" count="0" type="stmt"/>
        <line num="80" count="0" type="stmt"/>
        <line num="81" count="0" type="stmt"/>
        <line num="85" count="0" type="stmt"/>
        <line num="86" count="0" type="stmt"/>
        <line num="87" count="0" type="cond" truecount="0" falsecount="2"/>
        <line num="88" count="0" type="cond" truecount="0" falsecount="2"/>
        <line num="90" count="0" type="stmt"/>
        <line num="91" count="0" type="stmt"/>
      </file>
      <file name="funcionarios.controller.js" path="D:\Faculdade\TCC\tcctemp\backend\src\controllers\funcionarios.controller.js">
        <metrics statements="11" coveredstatements="0" conditionals="9" coveredconditionals="0" methods="2" coveredmethods="0"/>
        <line num="4" count="0" type="cond" truecount="0" falsecount="2"/>
        <line num="5" count="0" type="stmt"/>
        <line num="8" count="0" type="stmt"/>
        <line num="10" count="0" type="cond" truecount="0" falsecount="5"/>
        <line num="11" count="0" type="stmt"/>
        <line num="14" count="0" type="cond" truecount="0" falsecount="2"/>
        <line num="15" count="0" type="stmt"/>
        <line num="18" count="0" type="stmt"/>
        <line num="27" count="0" type="stmt"/>
        <line num="31" count="0" type="stmt"/>
        <line num="32" count="0" type="stmt"/>
      </file>
      <file name="notificacoes.controller.js" path="D:\Faculdade\TCC\tcctemp\backend\src\controllers\notificacoes.controller.js">
        <metrics statements="13" coveredstatements="0" conditionals="0" coveredconditionals="0" methods="6" coveredmethods="0"/>
        <line num="5" count="0" type="stmt"/>
        <line num="9" count="0" type="stmt"/>
        <line num="10" count="0" type="stmt"/>
        <line num="11" count="0" type="stmt"/>
        <line num="15" count="0" type="stmt"/>
        <line num="16" count="0" type="stmt"/>
        <line num="17" count="0" type="stmt"/>
        <line num="18" count="0" type="stmt"/>
        <line num="22" count="0" type="stmt"/>
        <line num="23" count="0" type="stmt"/>
        <line num="24" count="0" type="stmt"/>
        <line num="28" count="0" type="stmt"/>
        <line num="29" count="0" type="stmt"/>
      </file>
      <file name="ordens_servico.controller.js" path="D:\Faculdade\TCC\tcctemp\backend\src\controllers\ordens_servico.controller.js">
        <metrics statements="32" coveredstatements="0" conditionals="16" coveredconditionals="0" methods="7" coveredmethods="0"/>
        <line num="4" count="0" type="stmt"/>
        <line num="6" count="0" type="cond" truecount="0" falsecount="2"/>
        <line num="7" count="0" type="stmt"/>
        <line num="10" count="0" type="stmt"/>
        <line num="16" count="0" type="stmt"/>
        <line num="20" count="0" type="stmt"/>
        <line num="21" count="0" type="stmt"/>
        <line num="22" count="0" type="cond" truecount="0" falsecount="2"/>
        <line num="23" count="0" type="cond" truecount="0" falsecount="2"/>
        <line num="24" count="0" type="cond" truecount="0" falsecount="2"/>
        <line num="26" count="0" type="stmt"/>
        <line num="27" count="0" type="stmt"/>
        <line num="31" count="0" type="stmt"/>
        <line num="32" count="0" type="stmt"/>
        <line num="33" count="0" type="stmt"/>
        <line num="37" count="0" type="stmt"/>
        <line num="38" count="0" type="stmt"/>
        <line num="40" count="0" type="stmt"/>
        <line num="41" count="0" type="cond" truecount="0" falsecount="2"/>
        <line num="42" count="0" type="cond" truecount="0" falsecount="2"/>
        <line num="44" count="0" type="stmt"/>
        <line num="45" count="0" type="stmt"/>
        <line num="49" count="0" type="stmt"/>
        <line num="50" count="0" type="stmt"/>
        <line num="51" count="0" type="stmt"/>
        <line num="55" count="0" type="stmt"/>
        <line num="56" count="0" type="stmt"/>
        <line num="58" count="0" type="stmt"/>
        <line num="65" count="0" type="stmt"/>
        <line num="69" count="0" type="stmt"/>
        <line num="70" count="0" type="stmt"/>
        <line num="71" count="0" type="stmt"/>
      </file>
      <file name="relatorios.controller.js" path="D:\Faculdade\TCC\tcctemp\backend\src\controllers\relatorios.controller.js">
        <metrics statements="33" coveredstatements="1" conditionals="12" coveredconditionals="0" methods="10" coveredmethods="0"/>
        <line num="5" count="1" type="stmt"/>
        <line num="8" count="0" type="stmt"/>
        <line num="15" count="0" type="stmt"/>
        <line num="19" count="0" type="stmt"/>
        <line num="20" count="0" type="stmt"/>
        <line num="21" count="0" type="stmt"/>
        <line num="25" count="0" type="stmt"/>
        <line num="26" count="0" type="stmt"/>
        <line num="27" count="0" type="stmt"/>
        <line num="31" count="0" type="stmt"/>
        <line num="32" count="0" type="stmt"/>
        <line num="33" count="0" type="stmt"/>
        <line num="37" count="0" type="stmt"/>
        <line num="38" count="0" type="stmt"/>
        <line num="39" count="0" type="stmt"/>
        <line num="43" count="0" type="stmt"/>
        <line num="44" count="0" type="stmt"/>
        <line num="45" count="0" type="stmt"/>
        <line num="49" count="0" type="stmt"/>
        <line num="50" count="0" type="cond" truecount="0" falsecount="2"/>
        <line num="51" count="0" type="cond" truecount="0" falsecount="2"/>
        <line num="52" count="0" type="cond" truecount="0" falsecount="2"/>
        <line num="53" count="0" type="stmt"/>
        <line num="57" count="0" type="stmt"/>
        <line num="58" count="0" type="stmt"/>
        <line num="60" count="0" type="stmt"/>
        <line num="61" count="0" type="stmt"/>
        <line num="62" count="0" type="stmt"/>
        <line num="66" count="0" type="stmt"/>
        <line num="67" count="0" type="stmt"/>
        <line num="69" count="0" type="stmt"/>
        <line num="70" count="0" type="stmt"/>
        <line num="71" count="0" type="stmt"/>
      </file>
      <file name="servicos.controller.js" path="D:\Faculdade\TCC\tcctemp\backend\src\controllers\servicos.controller.js">
        <metrics statements="34" coveredstatements="3" conditionals="37" coveredconditionals="6" methods="5" coveredmethods="1"/>
        <line num="4" count="0" type="stmt"/>
        <line num="6" count="0" type="cond" truecount="0" falsecount="5"/>
        <line num="7" count="0" type="stmt"/>
        <line num="10" count="0" type="cond" truecount="0" falsecount="4"/>
        <line num="11" count="0" type="stmt"/>
        <line num="14" count="0" type="cond" truecount="0" falsecount="4"/>
        <line num="15" count="0" type="stmt"/>
        <line num="18" count="0" type="stmt"/>
        <line num="26" count="0" type="stmt"/>
        <line num="30" count="1" type="stmt"/>
        <line num="31" count="1" type="cond" truecount="6" falsecount="0"/>
        <line num="32" count="1" type="stmt"/>
        <line num="36" count="0" type="stmt"/>
        <line num="37" count="0" type="stmt"/>
        <line num="39" count="0" type="stmt"/>
        <line num="40" count="0" type="cond" truecount="0" falsecount="2"/>
        <line num="41" count="0" type="cond" truecount="0" falsecount="2"/>
        <line num="42" count="0" type="cond" truecount="0" falsecount="2"/>
        <line num="43" count="0" type="cond" truecount="0" falsecount="4"/>
        <line num="44" count="0" type="stmt"/>
        <line num="46" count="0" type="stmt"/>
        <line num="48" count="0" type="cond" truecount="0" falsecount="2"/>
        <line num="49" count="0" type="cond" truecount="0" falsecount="4"/>
        <line num="50" count="0" type="stmt"/>
        <line num="52" count="0" type="stmt"/>
        <line num="54" count="0" type="cond" truecount="0" falsecount="2"/>
        <line num="56" count="0" type="stmt"/>
        <line num="57" count="0" type="stmt"/>
        <line num="61" count="0" type="stmt"/>
        <line num="62" count="0" type="stmt"/>
        <line num="63" count="0" type="stmt"/>
        <line num="67" count="0" type="stmt"/>
        <line num="68" count="0" type="stmt"/>
        <line num="69" count="0" type="stmt"/>
      </file>
      <file name="veiculos.controller.js" path="D:\Faculdade\TCC\tcctemp\backend\src\controllers\veiculos.controller.js">
        <metrics statements="28" coveredstatements="0" conditionals="39" coveredconditionals="0" methods="4" coveredmethods="0"/>
        <line num="4" count="0" type="stmt"/>
        <line num="6" count="0" type="cond" truecount="0" falsecount="6"/>
        <line num="7" count="0" type="stmt"/>
        <line num="10" count="0" type="cond" truecount="0" falsecount="5"/>
        <line num="11" count="0" type="stmt"/>
        <line num="14" count="0" type="stmt"/>
        <line num="24" count="0" type="stmt"/>
        <line num="28" count="0" type="stmt"/>
        <line num="29" count="0" type="cond" truecount="0" falsecount="6"/>
        <line num="30" count="0" type="stmt"/>
        <line num="34" count="0" type="stmt"/>
        <line num="35" count="0" type="stmt"/>
        <line num="37" count="0" type="stmt"/>
        <line num="38" count="0" type="cond" truecount="0" falsecount="2"/>
        <line num="39" count="0" type="cond" truecount="0" falsecount="2"/>
        <line num="40" count="0" type="cond" truecount="0" falsecount="2"/>
        <line num="41" count="0" type="cond" truecount="0" falsecount="2"/>
        <line num="42" count="0" type="cond" truecount="0" falsecount="4"/>
        <line num="43" count="0" type="stmt"/>
        <line num="45" count="0" type="stmt"/>
        <line num="47" count="0" type="cond" truecount="0" falsecount="2"/>
        <line num="48" count="0" type="cond" truecount="0" falsecount="2"/>
        <line num="49" count="0" type="cond" truecount="0" falsecount="2"/>
        <line num="51" count="0" type="stmt"/>
        <line num="52" count="0" type="stmt"/>
        <line num="56" count="0" type="stmt"/>
        <line num="57" count="0" type="stmt"/>
        <line num="58" count="0" type="stmt"/>
      </file>
    </package>
    <package name="src.middleware">
      <metrics statements="27" coveredstatements="17" conditionals="22" coveredconditionals="9" methods="2" coveredmethods="2"/>
      <file name="auth.js" path="D:\Faculdade\TCC\tcctemp\backend\src\middleware\auth.js">
        <metrics statements="15" coveredstatements="14" conditionals="8" coveredconditionals="7" methods="1" coveredmethods="1"/>
        <line num="5" count="7" type="stmt"/>
        <line num="6" count="7" type="cond" truecount="2" falsecount="0"/>
        <line num="7" count="1" type="stmt"/>
        <line num="10" count="6" type="stmt"/>
        <line num="15" count="6" type="stmt"/>
        <line num="17" count="6" type="cond" truecount="4" falsecount="0"/>
        <line num="18" count="1" type="stmt"/>
        <line num="21" count="5" type="stmt"/>
        <line num="22" count="5" type="stmt"/>
        <line num="23" count="5" type="stmt"/>
        <line num="24" count="7" type="stmt"/>
        <line num="25" count="7" type="stmt"/>
        <line num="27" count="7" type="cond" truecount="1" falsecount="1"/>
        <line num="28" count="0" type="stmt"/>
        <line num="31" count="5" type="stmt"/>
      </file>
      <file name="errorHandler.js" path="D:\Faculdade\TCC\tcctemp\backend\src\middleware\errorHandler.js">
        <metrics statements="12" coveredstatements="3" conditionals="14" coveredconditionals="2" methods="1" coveredmethods="1"/>
        <line num="6" count="2" type="cond" truecount="1" falsecount="1"/>
        <line num="8" count="2" type="cond" truecount="1" falsecount="1"/>
        <line num="9" count="2" type="stmt"/>
        <line num="12" count="0" type="cond" truecount="0" falsecount="2"/>
        <line num="13" count="0" type="stmt"/>
        <line num="16" count="0" type="cond" truecount="0" falsecount="4"/>
        <line num="17" count="0" type="stmt"/>
        <line num="20" count="0" type="cond" truecount="0" falsecount="2"/>
        <line num="21" count="0" type="stmt"/>
        <line num="24" count="0" type="cond" truecount="0" falsecount="2"/>
        <line num="25" count="0" type="stmt"/>
        <line num="28" count="0" type="stmt"/>
      </file>
    </package>
    <package name="src.routes">
      <metrics statements="89" coveredstatements="89" conditionals="0" coveredconditionals="0" methods="0" coveredmethods="0"/>
      <file name="agendamentos.routes.js" path="D:\Faculdade\TCC\tcctemp\backend\src\routes\agendamentos.routes.js">
        <metrics statements="6" coveredstatements="6" conditionals="0" coveredconditionals="0" methods="0" coveredmethods="0"/>
        <line num="5" count="1" type="stmt"/>
        <line num="7" count="1" type="stmt"/>
        <line num="9" count="1" type="stmt"/>
        <line num="10" count="1" type="stmt"/>
        <line num="11" count="1" type="stmt"/>
        <line num="12" count="1" type="stmt"/>
      </file>
      <file name="auth.routes.js" path="D:\Faculdade\TCC\tcctemp\backend\src\routes\auth.routes.js">
        <metrics statements="4" coveredstatements="4" conditionals="0" coveredconditionals="0" methods="0" coveredmethods="0"/>
        <line num="6" count="1" type="stmt"/>
        <line num="14" count="1" type="stmt"/>
        <line num="16" count="1" type="stmt"/>
        <line num="17" count="1" type="stmt"/>
      </file>
      <file name="clientes.routes.js" path="D:\Faculdade\TCC\tcctemp\backend\src\routes\clientes.routes.js">
        <metrics statements="6" coveredstatements="6" conditionals="0" coveredconditionals="0" methods="0" coveredmethods="0"/>
        <line num="5" count="1" type="stmt"/>
        <line num="7" count="1" type="stmt"/>
        <line num="9" count="1" type="stmt"/>
        <line num="10" count="1" type="stmt"/>
        <line num="11" count="1" type="stmt"/>
        <line num="12" count="1" type="stmt"/>
      </file>
      <file name="dashboard.routes.js" path="D:\Faculdade\TCC\tcctemp\backend\src\routes\dashboard.routes.js">
        <metrics statements="3" coveredstatements="3" conditionals="0" coveredconditionals="0" methods="0" coveredmethods="0"/>
        <line num="5" count="1" type="stmt"/>
        <line num="7" count="1" type="stmt"/>
        <line num="9" count="1" type="stmt"/>
      </file>
      <file name="expediente.routes.js" path="D:\Faculdade\TCC\tcctemp\backend\src\routes\expediente.routes.js">
        <metrics statements="5" coveredstatements="5" conditionals="0" coveredconditionals="0" methods="0" coveredmethods="0"/>
        <line num="5" count="1" type="stmt"/>
        <line num="7" count="1" type="stmt"/>
        <line num="9" count="1" type="stmt"/>
        <line num="10" count="1" type="stmt"/>
        <line num="11" count="1" type="stmt"/>
      </file>
      <file name="financeiro.routes.js" path="D:\Faculdade\TCC\tcctemp\backend\src\routes\financeiro.routes.js">
        <metrics statements="10" coveredstatements="10" conditionals="0" coveredconditionals="0" methods="0" coveredmethods="0"/>
        <line num="5" count="1" type="stmt"/>
        <line num="7" count="1" type="stmt"/>
        <line num="9" count="1" type="stmt"/>
        <line num="11" count="1" type="stmt"/>
        <line num="12" count="1" type="stmt"/>
        <line num="13" count="1" type="stmt"/>
        <line num="14" count="1" type="stmt"/>
        <line num="15" count="1" type="stmt"/>
        <line num="17" count="1" type="stmt"/>
        <line num="18" count="1" type="stmt"/>
      </file>
      <file name="funcionarios.routes.js" path="D:\Faculdade\TCC\tcctemp\backend\src\routes\funcionarios.routes.js">
        <metrics statements="4" coveredstatements="4" conditionals="0" coveredconditionals="0" methods="0" coveredmethods="0"/>
        <line num="5" count="1" type="stmt"/>
        <line num="7" count="1" type="stmt"/>
        <line num="9" count="1" type="stmt"/>
        <line num="10" count="1" type="stmt"/>
      </file>
      <file name="index.js" path="D:\Faculdade\TCC\tcctemp\backend\src\routes\index.js">
        <metrics statements="14" coveredstatements="14" conditionals="0" coveredconditionals="0" methods="0" coveredmethods="0"/>
        <line num="16" count="1" type="stmt"/>
        <line num="18" count="1" type="stmt"/>
        <line num="19" count="1" type="stmt"/>
        <line num="20" count="1" type="stmt"/>
        <line num="21" count="1" type="stmt"/>
        <line num="22" count="1" type="stmt"/>
        <line num="23" count="1" type="stmt"/>
        <line num="24" count="1" type="stmt"/>
        <line num="25" count="1" type="stmt"/>
[...]
        <line num="69" count="0" type="cond" truecount="0" falsecount="2"/>
        <line num="70" count="0" type="stmt"/>
      </file>
      <file name="ordens_servico.service.js" path="D:\Faculdade\TCC\tcctemp\backend\src\services\ordens_servico.service.js">
        <metrics statements="65" coveredstatements="65" conditionals="78" coveredconditionals="59" methods="15" coveredmethods="12"/>
        <line num="6" count="3" type="stmt"/>
        <line num="13" count="3" type="cond" truecount="2" falsecount="0"/>
        <line num="15" count="2" type="cond" truecount="2" falsecount="0"/>
        <line num="16" count="1" type="stmt"/>
        <line num="19" count="1" type="stmt"/>
        <line num="29" count="1" type="cond" truecount="1" falsecount="1"/>
        <line num="31" count="1" type="stmt"/>
        <line num="42" count="1" type="cond" truecount="1" falsecount="1"/>
        <line num="44" count="1" type="stmt"/>
        <line num="50" count="1" type="cond" truecount="1" falsecount="1"/>
        <line num="52" count="1" type="stmt"/>
        <line num="54" count="1" type="stmt"/>
        <line num="63" count="3" type="stmt"/>
        <line num="67" count="2" type="cond" truecount="2" falsecount="0"/>
        <line num="68" count="2" type="cond" truecount="2" falsecount="0"/>
        <line num="69" count="2" type="stmt"/>
        <line num="71" count="2" type="stmt"/>
        <line num="82" count="2" type="cond" truecount="2" falsecount="0"/>
        <line num="83" count="1" type="stmt"/>
        <line num="86" count="2" type="stmt"/>
        <line num="90" count="2" type="cond" truecount="1" falsecount="1"/>
        <line num="92" count="2" type="stmt"/>
        <line num="93" count="2" type="cond" truecount="1" falsecount="1"/>
        <line num="95" count="1" type="cond" truecount="2" falsecount="0"/>
        <line num="105" count="10" type="stmt"/>
        <line num="117" count="10" type="cond" truecount="2" falsecount="0"/>
        <line num="119" count="9" type="stmt"/>
        <line num="121" count="3" type="cond" truecount="2" falsecount="0"/>
        <line num="127" count="4" type="cond" truecount="2" falsecount="0"/>
        <line num="128" count="2" type="stmt"/>
        <line num="135" count="2" type="cond" truecount="3" falsecount="1"/>
        <line num="137" count="2" type="stmt"/>
        <line num="143" count="2" type="cond" truecount="2" falsecount="0"/>
        <line num="144" count="1" type="stmt"/>
        <line num="152" count="1" type="cond" truecount="1" falsecount="1"/>
        <line num="154" count="1" type="stmt"/>
        <line num="165" count="4" type="cond" truecount="2" falsecount="0"/>
        <line num="166" count="1" type="stmt"/>
        <line num="174" count="1" type="stmt"/>
        <line num="181" count="1" type="cond" truecount="3" falsecount="1"/>
        <line num="182" count="1" type="stmt"/>
        <line num="187" count="1" type="cond" truecount="1" falsecount="1"/>
        <line num="191" count="4" type="stmt"/>
        <line num="197" count="4" type="cond" truecount="1" falsecount="1"/>
        <line num="199" count="4" type="stmt"/>
        <line num="203" count="1" type="stmt"/>
        <line num="209" count="1" type="cond" truecount="1" falsecount="1"/>
        <line num="213" count="4" type="cond" truecount="5" falsecount="0"/>
        <line num="214" count="1" type="stmt"/>
        <line num="217" count="3" type="stmt"/>
        <line num="224" count="3" type="cond" truecount="2" falsecount="0"/>
        <line num="225" count="2" type="cond" truecount="2" falsecount="0"/>
        <line num="226" count="1" type="stmt"/>
        <line num="229" count="1" type="stmt"/>
        <line num="240" count="1" type="cond" truecount="1" falsecount="1"/>
        <line num="242" count="1" type="stmt"/>
        <line num="244" count="1" type="stmt"/>
        <line num="248" count="1" type="stmt"/>
        <line num="255" count="1" type="cond" truecount="1" falsecount="1"/>
        <line num="257" count="1" type="stmt"/>
        <line num="259" count="1" type="stmt"/>
        <line num="263" count="3" type="stmt"/>
        <line num="269" count="3" type="cond" truecount="1" falsecount="1"/>
        <line num="271" count="3" type="stmt"/>
        <line num="277" count="3" type="cond" truecount="1" falsecount="1"/>
      </file>
      <file name="relatorios-export.service.js" path="D:\Faculdade\TCC\tcctemp\backend\src\services\relatorios-export.service.js">
        <metrics statements="134" coveredstatements="1" conditionals="50" coveredconditionals="0" methods="22" coveredmethods="0"/>
        <line num="6" count="0" type="stmt"/>
        <line num="13" count="0" type="cond" truecount="0" falsecount="2"/>
        <line num="14" count="0" type="stmt"/>
        <line num="15" count="0" type="stmt"/>
        <line num="19" count="0" type="cond" truecount="0" falsecount="2"/>
        <line num="20" count="0" type="stmt"/>
        <line num="21" count="0" type="stmt"/>
        <line num="22" count="0" type="stmt"/>
        <line num="24" count="0" type="cond" truecount="0" falsecount="2"/>
        <line num="25" count="0" type="stmt"/>
        <line num="28" count="1" type="stmt"/>
        <line num="37" count="0" type="stmt"/>
        <line num="38" count="0" type="cond" truecount="0" falsecount="2"/>
        <line num="40" count="0" type="stmt"/>
        <line num="41" count="0" type="stmt"/>
        <line num="42" count="0" type="stmt"/>
        <line num="44" count="0" type="stmt"/>
        <line num="45" count="0" type="stmt"/>
        <line num="46" count="0" type="stmt"/>
        <line num="47" count="0" type="stmt"/>
        <line num="48" count="0" type="stmt"/>
        <line num="49" count="0" type="stmt"/>
        <line num="52" count="0" type="stmt"/>
        <line num="53" count="0" type="stmt"/>
        <line num="54" count="0" type="stmt"/>
        <line num="55" count="0" type="stmt"/>
        <line num="59" count="0" type="stmt"/>
        <line num="60" count="0" type="stmt"/>
        <line num="61" count="0" type="stmt"/>
        <line num="62" count="0" type="stmt"/>
        <line num="63" count="0" type="cond" truecount="0" falsecount="2"/>
        <line num="64" count="0" type="cond" truecount="0" falsecount="2"/>
        <line num="66" count="0" type="stmt"/>
        <line num="71" count="0" type="stmt"/>
        <line num="72" count="0" type="stmt"/>
        <line num="74" count="0" type="stmt"/>
        <line num="75" count="0" type="stmt"/>
        <line num="85" count="0" type="stmt"/>
        <line num="88" count="0" type="stmt"/>
        <line num="89" count="0" type="stmt"/>
        <line num="91" count="0" type="stmt"/>
        <line num="92" count="0" type="stmt"/>
        <line num="94" count="0" type="stmt"/>
        <line num="95" count="0" type="stmt"/>
        <line num="98" count="0" type="stmt"/>
        <line num="99" count="0" type="stmt"/>
        <line num="101" count="0" type="stmt"/>
        <line num="102" count="0" type="stmt"/>
        <line num="111" count="0" type="stmt"/>
        <line num="114" count="0" type="stmt"/>
        <line num="115" count="0" type="stmt"/>
        <line num="117" count="0" type="stmt"/>
        <line num="118" count="0" type="stmt"/>
        <line num="120" count="0" type="stmt"/>
        <line num="121" count="0" type="stmt"/>
        <line num="123" count="0" type="stmt"/>
        <line num="127" count="0" type="stmt"/>
        <line num="128" count="0" type="cond" truecount="0" falsecount="2"/>
        <line num="130" count="0" type="stmt"/>
        <line num="139" count="0" type="stmt"/>
        <line num="140" count="0" type="stmt"/>
        <line num="142" count="0" type="stmt"/>
        <line num="143" count="0" type="stmt"/>
        <line num="144" count="0" type="stmt"/>
        <line num="145" count="0" type="stmt"/>
        <line num="147" count="0" type="stmt"/>
        <line num="148" count="0" type="stmt"/>
        <line num="149" count="0" type="cond" truecount="0" falsecount="2"/>
        <line num="151" count="0" type="stmt"/>
        <line num="152" count="0" type="stmt"/>
        <line num="153" count="0" type="cond" truecount="0" falsecount="2"/>
        <line num="154" count="0" type="stmt"/>
        <line num="156" count="0" type="cond" truecount="0" falsecount="2"/>
        <line num="157" count="0" type="cond" truecount="0" falsecount="2"/>
        <line num="158" count="0" type="cond" truecount="0" falsecount="2"/>
        <line num="159" count="0" type="stmt"/>
        <line num="163" count="0" type="stmt"/>
        <line num="165" count="0" type="stmt"/>
        <line num="166" count="0" type="stmt"/>
        <line num="169" count="0" type="stmt"/>
        <line num="170" count="0" type="stmt"/>
        <line num="171" count="0" type="stmt"/>
        <line num="172" count="0" type="stmt"/>
        <line num="173" count="0" type="stmt"/>
        <line num="174" count="0" type="cond" truecount="0" falsecount="2"/>
        <line num="175" count="0" type="stmt"/>
        <line num="176" count="0" type="stmt"/>
        <line num="177" count="0" type="stmt"/>
        <line num="178" count="0" type="stmt"/>
        <line num="181" count="0" type="stmt"/>
        <line num="185" count="0" type="stmt"/>
        <line num="186" count="0" type="stmt"/>
        <line num="187" count="0" type="stmt"/>
        <line num="189" count="0" type="stmt"/>
        <line num="190" count="0" type="stmt"/>
        <line num="191" count="0" type="stmt"/>
        <line num="193" count="0" type="cond" truecount="0" falsecount="2"/>
        <line num="194" count="0" type="stmt"/>
        <line num="195" count="0" type="stmt"/>
        <line num="196" count="0" type="stmt"/>
        <line num="200" count="0" type="stmt"/>
        <line num="201" count="0" type="stmt"/>
        <line num="202" count="0" type="stmt"/>
        <line num="204" count="0" type="stmt"/>
        <line num="205" count="0" type="stmt"/>
        <line num="206" count="0" type="stmt"/>
        <line num="215" count="0" type="stmt"/>
        <line num="216" count="0" type="stmt"/>
        <line num="219" count="0" type="stmt"/>
        <line num="220" count="0" type="stmt"/>
        <line num="221" count="0" type="stmt"/>
        <line num="223" count="0" type="stmt"/>
        <line num="224" count="0" type="stmt"/>
        <line num="225" count="0" type="stmt"/>
        <line num="226" count="0" type="stmt"/>
        <line num="227" count="0" type="stmt"/>
        <line num="230" count="0" type="stmt"/>
        <line num="231" count="0" type="stmt"/>
        <line num="232" count="0" type="stmt"/>
        <line num="234" count="0" type="stmt"/>
        <line num="235" count="0" type="stmt"/>
        <line num="236" count="0" type="stmt"/>
        <line num="242" count="0" type="stmt"/>
        <line num="243" count="0" type="stmt"/>
        <line num="246" count="0" type="stmt"/>
        <line num="247" count="0" type="stmt"/>
        <line num="248" count="0" type="stmt"/>
        <line num="250" count="0" type="stmt"/>
        <line num="251" count="0" type="stmt"/>
        <line num="252" count="0" type="stmt"/>
        <line num="253" count="0" type="stmt"/>
        <line num="255" count="0" type="stmt"/>
        <line num="257" count="0" type="stmt"/>
        <line num="258" count="0" type="stmt"/>
      </file>
      <file name="relatorios.service.js" path="D:\Faculdade\TCC\tcctemp\backend\src\services\relatorios.service.js">
        <metrics statements="67" coveredstatements="0" conditionals="59" coveredconditionals="0" methods="10" coveredmethods="0"/>
        <line num="5" count="0" type="stmt"/>
        <line num="12" count="0" type="cond" truecount="0" falsecount="2"/>
        <line num="13" count="0" type="cond" truecount="0" falsecount="2"/>
        <line num="15" count="0" type="stmt"/>
        <line num="16" count="0" type="cond" truecount="0" falsecount="2"/>
        <line num="18" count="0" type="cond" truecount="0" falsecount="2"/>
        <line num="19" count="0" type="stmt"/>
        <line num="21" count="0" type="stmt"/>
        <line num="23" count="0" type="cond" truecount="0" falsecount="2"/>
        <line num="24" count="0" type="stmt"/>
        <line num="25" count="0" type="cond" truecount="0" falsecount="2"/>
        <line num="26" count="0" type="stmt"/>
        <line num="27" count="0" type="stmt"/>
        <line num="28" count="0" type="stmt"/>
        <line num="29" count="0" type="stmt"/>
        <line num="31" count="0" type="stmt"/>
        <line num="34" count="0" type="cond" truecount="0" falsecount="2"/>
        <line num="35" count="0" type="stmt"/>
        <line num="36" count="0" type="cond" truecount="0" falsecount="2"/>
        <line num="39" count="0" type="stmt"/>
        <line num="43" count="0" type="stmt"/>
        <line num="48" count="0" type="cond" truecount="0" falsecount="2"/>
        <line num="49" count="0" type="cond" truecount="0" falsecount="2"/>
        <line num="51" count="0" type="stmt"/>
        <line num="52" count="0" type="cond" truecount="0" falsecount="2"/>
        <line num="54" count="0" type="stmt"/>
        <line num="55" count="0" type="stmt"/>
        <line num="56" count="0" type="cond" truecount="0" falsecount="2"/>
        <line num="57" count="0" type="cond" truecount="0" falsecount="2"/>
        <line num="58" count="0" type="stmt"/>
        <line num="59" count="0" type="stmt"/>
        <line num="62" count="0" type="stmt"/>
        <line num="66" count="0" type="stmt"/>
        <line num="71" count="0" type="cond" truecount="0" falsecount="2"/>
        <line num="72" count="0" type="cond" truecount="0" falsecount="2"/>
        <line num="74" count="0" type="stmt"/>
        <line num="75" count="0" type="cond" truecount="0" falsecount="2"/>
        <line num="77" count="0" type="stmt"/>
        <line num="83" count="0" type="cond" truecount="0" falsecount="2"/>
        <line num="84" count="0" type="cond" truecount="0" falsecount="2"/>
        <line num="86" count="0" type="stmt"/>
        <line num="87" count="0" type="cond" truecount="0" falsecount="2"/>
        <line num="89" count="0" type="stmt"/>
        <line num="91" count="0" type="stmt"/>
        <line num="92" count="0" type="stmt"/>
        <line num="93" count="0" type="cond" truecount="0" falsecount="2"/>
        <line num="94" count="0" type="stmt"/>
        <line num="95" count="0" type="cond" truecount="0" falsecount="2"/>
        <line num="98" count="0" type="stmt"/>
        <line num="99" count="0" type="stmt"/>
        <line num="100" count="0" type="cond" truecount="0" falsecount="2"/>
        <line num="101" count="0" type="stmt"/>
        <line num="102" count="0" type="cond" truecount="0" falsecount="2"/>
        <line num="105" count="0" type="stmt"/>
        <line num="109" count="0" type="stmt"/>
        <line num="115" count="0" type="cond" truecount="0" falsecount="2"/>
        <line num="116" count="0" type="cond" truecount="0" falsecount="2"/>
        <line num="118" count="0" type="stmt"/>
        <line num="119" count="0" type="cond" truecount="0" falsecount="2"/>
        <line num="121" count="0" type="stmt"/>
        <line num="122" count="0" type="stmt"/>
        <line num="123" count="0" type="stmt"/>
        <line num="124" count="0" type="cond" truecount="0" falsecount="2"/>
        <line num="127" count="0" type="stmt"/>
        <line num="130" count="0" type="stmt"/>
        <line num="135" count="0" type="stmt"/>
        <line num="142" count="0" type="stmt"/>
      </file>
      <file name="servicos.service.js" path="D:\Faculdade\TCC\tcctemp\backend\src\services\servicos.service.js">
        <metrics statements="20" coveredstatements="19" conditionals="18" coveredconditionals="16" methods="5" coveredmethods="5"/>
        <line num="5" count="2" type="stmt"/>
        <line num="17" count="2" type="cond" truecount="2" falsecount="0"/>
        <line num="18" count="1" type="stmt"/>
        <line num="22" count="3" type="stmt"/>
        <line num="24" count="3" type="stmt"/>
        <line num="30" count="3" type="cond" truecount="1" falsecount="1"/>
        <line num="31" count="0" type="stmt"/>
        <line num="34" count="3" type="stmt"/>
        <line num="38" count="3" type="cond" truecount="2" falsecount="0"/>
        <line num="39" count="2" type="stmt"/>
        <line num="43" count="2" type="stmt"/>
        <line num="51" count="2" type="cond" truecount="2" falsecount="0"/>
        <line num="52" count="1" type="stmt"/>
        <line num="56" count="2" type="stmt"/>
        <line num="62" count="2" type="cond" truecount="2" falsecount="0"/>
        <line num="66" count="2" type="stmt"/>
        <line num="73" count="2" type="cond" truecount="2" falsecount="0"/>
        <line num="75" count="1" type="stmt"/>
        <line num="83" count="1" type="cond" truecount="1" falsecount="1"/>
        <line num="84" count="1" type="stmt"/>
      </file>
      <file name="veiculos.service.js" path="D:\Faculdade\TCC\tcctemp\backend\src\services\veiculos.service.js">
        <metrics statements="22" coveredstatements="21" conditionals="20" coveredconditionals="15" methods="4" coveredmethods="4"/>
        <line num="5" count="3" type="stmt"/>
        <line num="13" count="3" type="cond" truecount="2" falsecount="0"/>
        <line num="14" count="1" type="stmt"/>
        <line num="17" count="2" type="stmt"/>
        <line num="31" count="2" type="cond" truecount="2" falsecount="0"/>
        <line num="32" count="1" type="stmt"/>
        <line num="36" count="1" type="stmt"/>
        <line num="38" count="1" type="stmt"/>
        <line num="44" count="1" type="cond" truecount="1" falsecount="1"/>
        <line num="45" count="0" type="stmt"/>
        <line num="48" count="1" type="stmt"/>
        <line num="52" count="1" type="cond" truecount="1" falsecount="1"/>
        <line num="53" count="1" type="stmt"/>
        <line num="57" count="2" type="cond" truecount="1" falsecount="1"/>
        <line num="58" count="2" type="stmt"/>
        <line num="67" count="2" type="cond" truecount="2" falsecount="0"/>
        <line num="68" count="1" type="stmt"/>
        <line num="72" count="1" type="stmt"/>
        <line num="80" count="1" type="cond" truecount="1" falsecount="1"/>
        <line num="81" count="1" type="stmt"/>
        <line num="85" count="1" type="stmt"/>
        <line num="91" count="1" type="cond" truecount="1" falsecount="1"/>
      </file>
    </package>
    <package name="src.utils">
      <metrics statements="15" coveredstatements="2" conditionals="4" coveredconditionals="1" methods="7" coveredmethods="1"/>
      <file name="cache.js" path="D:\Faculdade\TCC\tcctemp\backend\src\utils\cache.js">
        <metrics statements="13" coveredstatements="0" conditionals="3" coveredconditionals="0" methods="6" coveredmethods="0"/>
        <line num="4" count="0" type="stmt"/>
        <line num="5" count="0" type="stmt"/>
        <line num="6" count="0" type="cond" truecount="0" falsecount="2"/>
        <line num="8" count="0" type="stmt"/>
        <line num="9" count="0" type="stmt"/>
        <line num="10" count="0" type="stmt"/>
        <line num="14" count="0" type="stmt"/>
        <line num="15" count="0" type="stmt"/>
        <line num="19" count="0" type="stmt"/>
        <line num="20" count="0" type="stmt"/>
        <line num="24" count="0" type="stmt"/>
        <line num="28" count="0" type="stmt"/>
        <line num="32" count="0" type="stmt"/>
      </file>
      <file name="errors.js" path="D:\Faculdade\TCC\tcctemp\backend\src\utils\errors.js">
        <metrics statements="2" coveredstatements="2" conditionals="1" coveredconditionals="1" methods="1" coveredmethods="1"/>
        <line num="3" count="38" type="stmt"/>
        <line num="4" count="38" type="stmt"/>
      </file>
    </package>
  </project>
</coverage>
