{"D:\\Faculdade\\TCC\\tcctemp\\backend\\src\\app.js": {"path":"D:\\Faculdade\\TCC\\tcctemp\\backend\\src\\app.js","statementMap":{"0":{"start":{"line":8,"column":11},"end":{"line":8,"column":21}},"1":{"start":{"line":10,"column":0},"end":{"line":10,"column":null}},"2":{"start":{"line":11,"column":0},"end":{"line":11,"column":null}},"3":{"start":{"line":12,"column":0},"end":{"line":12,"column":null}},"4":{"start":{"line":14,"column":0},"end":{"line":14,"column":null}},"5":{"start":{"line":16,"column":0},"end":{"line":16,"column":null}},"6":{"start":{"line":16,"column":34},"end":{"line":16,"column":56}},"7":{"start":{"line":18,"column":0},"end":{"line":18,"column":null}}},"fnMap":{"0":{"name":"(anonymous_0)","decl":{"start":{"line":16,"column":19},"end":{"line":16,"column":20}},"loc":{"start":{"line":16,"column":34},"end":{"line":16,"column":56}},"line":16}},"branchMap":{"0":{"loc":{"start":{"line":11,"column":23},"end":{"line":11,"column":73}},"type":"binary-expr","locations":[{"start":{"line":11,"column":23},"end":{"line":11,"column":46}},{"start":{"line":11,"column":50},"end":{"line":11,"column":73}}],"line":11}},"s":{"0":1,"1":1,"2":1,"3":1,"4":1,"5":1,"6":1,"7":1},"f":{"0":1},"b":{"0":[1,1]},"meta":{"lastBranch":1,"lastFunction":1,"lastStatement":8,"seen":{"s:8:11:8:21":0,"s:10:0:10:Infinity":1,"s:11:0:11:Infinity":2,"b:11:23:11:46:11:50:11:73":0,"s:12:0:12:Infinity":3,"s:14:0:14:Infinity":4,"s:16:0:16:Infinity":5,"f:16:19:16:20":0,"s:16:34:16:56":6,"s:18:0:18:Infinity":7},"fnNames":{}}}
,"D:\\Faculdade\\TCC\\tcctemp\\backend\\src\\chatbot\\baileys.client.js": {"path":"D:\\Faculdade\\TCC\\tcctemp\\backend\\src\\chatbot\\baileys.client.js","statementMap":{"0":{"start":{"line":10,"column":15},"end":{"line":10,"column":46}},"1":{"start":{"line":11,"column":90},"end":{"line":11,"column":115}},"2":{"start":{"line":13,"column":18},"end":{"line":13,"column":62}},"3":{"start":{"line":15,"column":13},"end":{"line":15,"column":17}},"4":{"start":{"line":16,"column":22},"end":{"line":16,"column":26}},"5":{"start":{"line":17,"column":16},"end":{"line":17,"column":20}},"6":{"start":{"line":18,"column":22},"end":{"line":22,"column":1}},"7":{"start":{"line":24,"column":23},"end":{"line":24,"column":27}},"8":{"start":{"line":25,"column":28},"end":{"line":25,"column":33}},"9":{"start":{"line":27,"column":21},"end":{"line":27,"column":47}},"10":{"start":{"line":30,"column":2},"end":{"line":30,"column":null}},"11":{"start":{"line":34,"column":2},"end":{"line":34,"column":null}},"12":{"start":{"line":38,"column":14},"end":{"line":38,"column":80}},"13":{"start":{"line":39,"column":2},"end":{"line":41,"column":null}},"14":{"start":{"line":40,"column":4},"end":{"line":40,"column":null}},"15":{"start":{"line":42,"column":2},"end":{"line":42,"column":null}},"16":{"start":{"line":46,"column":2},"end":{"line":48,"column":null}},"17":{"start":{"line":47,"column":4},"end":{"line":47,"column":null}},"18":{"start":{"line":50,"column":2},"end":{"line":50,"column":null}},"19":{"start":{"line":51,"column":18},"end":{"line":51,"column":38}},"20":{"start":{"line":53,"column":47},"end":{"line":53,"column":83}},"21":{"start":{"line":54,"column":2},"end":{"line":54,"column":null}},"22":{"start":{"line":56,"column":2},"end":{"line":68,"column":null}},"23":{"start":{"line":70,"column":2},"end":{"line":118,"column":null}},"24":{"start":{"line":71,"column":4},"end":{"line":71,"column":null}},"25":{"start":{"line":73,"column":4},"end":{"line":78,"column":null}},"26":{"start":{"line":74,"column":6},"end":{"line":74,"column":null}},"27":{"start":{"line":75,"column":6},"end":{"line":75,"column":null}},"28":{"start":{"line":76,"column":6},"end":{"line":76,"column":null}},"29":{"start":{"line":77,"column":6},"end":{"line":77,"column":null}},"30":{"start":{"line":80,"column":4},"end":{"line":85,"column":null}},"31":{"start":{"line":81,"column":6},"end":{"line":81,"column":null}},"32":{"start":{"line":82,"column":6},"end":{"line":82,"column":null}},"33":{"start":{"line":83,"column":6},"end":{"line":83,"column":null}},"34":{"start":{"line":84,"column":6},"end":{"line":84,"column":null}},"35":{"start":{"line":87,"column":4},"end":{"line":117,"column":null}},"36":{"start":{"line":88,"column":29},"end":{"line":88,"column":50}},"37":{"start":{"line":89,"column":6},"end":{"line":89,"column":null}},"38":{"start":{"line":91,"column":6},"end":{"line":91,"column":null}},"39":{"start":{"line":92,"column":6},"end":{"line":92,"column":null}},"40":{"start":{"line":94,"column":6},"end":{"line":97,"column":null}},"41":{"start":{"line":95,"column":8},"end":{"line":95,"column":null}},"42":{"start":{"line":96,"column":8},"end":{"line":96,"column":null}},"43":{"start":{"line":100,"column":8},"end":{"line":102,"column":43}},"44":{"start":{"line":104,"column":6},"end":{"line":116,"column":null}},"45":{"start":{"line":105,"column":8},"end":{"line":105,"column":null}},"46":{"start":{"line":106,"column":8},"end":{"line":106,"column":null}},"47":{"start":{"line":107,"column":8},"end":{"line":107,"column":null}},"48":{"start":{"line":107,"column":25},"end":{"line":107,"column":47}},"49":{"start":{"line":109,"column":8},"end":{"line":109,"column":null}},"50":{"start":{"line":110,"column":28},"end":{"line":111,"column":79}},"51":{"start":{"line":112,"column":8},"end":{"line":114,"column":null}},"52":{"start":{"line":113,"column":10},"end":{"line":113,"column":null}},"53":{"start":{"line":115,"column":8},"end":{"line":115,"column":null}},"54":{"start":{"line":120,"column":2},"end":{"line":187,"column":null}},"55":{"start":{"line":121,"column":4},"end":{"line":186,"column":null}},"56":{"start":{"line":122,"column":4},"end":{"line":122,"column":null}},"57":{"start":{"line":122,"column":27},"end":{"line":122,"column":null}},"58":{"start":{"line":123,"column":4},"end":{"line":183,"column":null}},"59":{"start":{"line":124,"column":6},"end":{"line":124,"column":null}},"60":{"start":{"line":124,"column":27},"end":{"line":124,"column":null}},"61":{"start":{"line":126,"column":17},"end":{"line":126,"column":21}},"62":{"start":{"line":127,"column":22},"end":{"line":127,"column":92}},"63":{"start":{"line":127,"column":65},"end":{"line":127,"column":91}},"64":{"start":{"line":128,"column":6},"end":{"line":128,"column":null}},"65":{"start":{"line":130,"column":6},"end":{"line":160,"column":null}},"66":{"start":{"line":131,"column":8},"end":{"line":131,"column":null}},"67":{"start":{"line":132,"column":8},"end":{"line":132,"column":null}},"68":{"start":{"line":133,"column":13},"end":{"line":160,"column":null}},"69":{"start":{"line":134,"column":8},"end":{"line":134,"column":null}},"70":{"start":{"line":135,"column":8},"end":{"line":135,"column":null}},"71":{"start":{"line":136,"column":13},"end":{"line":160,"column":null}},"72":{"start":{"line":137,"column":21},"end":{"line":137,"column":59}},"73":{"start":{"line":138,"column":8},"end":{"line":152,"column":null}},"74":{"start":{"line":139,"column":21},"end":{"line":139,"column":51}},"75":{"start":{"line":140,"column":10},"end":{"line":147,"column":null}},"76":{"start":{"line":141,"column":12},"end":{"line":141,"column":null}},"77":{"start":{"line":142,"column":17},"end":{"line":147,"column":null}},"78":{"start":{"line":143,"column":12},"end":{"line":146,"column":null}},"79":{"start":{"line":144,"column":29},"end":{"line":144,"column":54}},"80":{"start":{"line":145,"column":14},"end":{"line":145,"column":null}},"81":{"start":{"line":148,"column":10},"end":{"line":148,"column":null}},"82":{"start":{"line":149,"column":10},"end":{"line":151,"column":null}},"83":{"start":{"line":150,"column":12},"end":{"line":150,"column":null}},"84":{"start":{"line":153,"column":13},"end":{"line":160,"column":null}},"85":{"start":{"line":154,"column":8},"end":{"line":154,"column":null}},"86":{"start":{"line":155,"column":8},"end":{"line":155,"column":null}},"87":{"start":{"line":156,"column":13},"end":{"line":160,"column":null}},"88":{"start":{"line":157,"column":8},"end":{"line":157,"column":null}},"89":{"start":{"line":158,"column":13},"end":{"line":160,"column":null}},"90":{"start":{"line":159,"column":8},"end":{"line":159,"column":null}},"91":{"start":{"line":162,"column":6},"end":{"line":162,"column":null}},"92":{"start":{"line":162,"column":32},"end":{"line":162,"column":null}},"93":{"start":{"line":164,"column":24},"end":{"line":164,"column":41}},"94":{"start":{"line":165,"column":23},"end":{"line":165,"column":48}},"95":{"start":{"line":167,"column":6},"end":{"line":167,"column":null}},"96":{"start":{"line":169,"column":6},"end":{"line":182,"column":null}},"97":{"start":{"line":170,"column":8},"end":{"line":181,"column":null}},"98":{"start":{"line":171,"column":10},"end":{"line":171,"column":null}},"99":{"start":{"line":173,"column":10},"end":{"line":173,"column":null}},"100":{"start":{"line":174,"column":10},"end":{"line":180,"column":null}},"101":{"start":{"line":175,"column":12},"end":{"line":177,"column":null}},"102":{"start":{"line":179,"column":12},"end":{"line":179,"column":null}},"103":{"start":{"line":185,"column":6},"end":{"line":185,"column":null}},"104":{"start":{"line":189,"column":2},"end":{"line":189,"column":null}},"105":{"start":{"line":191,"column":2},"end":{"line":191,"column":null}},"106":{"start":{"line":195,"column":2},"end":{"line":195,"column":null}},"107":{"start":{"line":196,"column":2},"end":{"line":199,"column":null}},"108":{"start":{"line":197,"column":4},"end":{"line":197,"column":null}},"109":{"start":{"line":198,"column":4},"end":{"line":198,"column":null}},"110":{"start":{"line":200,"column":2},"end":{"line":200,"column":null}},"111":{"start":{"line":201,"column":2},"end":{"line":205,"column":null}},"112":{"start":{"line":209,"column":2},"end":{"line":209,"column":null}},"113":{"start":{"line":209,"column":15},"end":{"line":209,"column":null}},"114":{"start":{"line":210,"column":2},"end":{"line":210,"column":null}},"115":{"start":{"line":214,"column":2},"end":{"line":214,"column":null}},"116":{"start":{"line":214,"column":15},"end":{"line":214,"column":null}},"117":{"start":{"line":215,"column":2},"end":{"line":215,"column":null}},"118":{"start":{"line":217,"column":2},"end":{"line":228,"column":null}},"119":{"start":{"line":218,"column":4},"end":{"line":222,"column":null}},"120":{"start":{"line":221,"column":35},"end":{"line":221,"column":61}},"121":{"start":{"line":223,"column":4},"end":{"line":223,"column":null}},"122":{"start":{"line":225,"column":4},"end":{"line":225,"column":null}},"123":{"start":{"line":226,"column":21},"end":{"line":226,"column":76}},"124":{"start":{"line":226,"column":43},"end":{"line":226,"column":64}},"125":{"start":{"line":227,"column":4},"end":{"line":227,"column":null}},"126":{"start":{"line":232,"column":2},"end":{"line":232,"column":null}},"127":{"start":{"line":232,"column":15},"end":{"line":232,"column":null}},"128":{"start":{"line":233,"column":2},"end":{"line":233,"column":null}},"129":{"start":{"line":235,"column":2},"end":{"line":269,"column":null}},"130":{"start":{"line":236,"column":4},"end":{"line":253,"column":null}},"131":{"start":{"line":243,"column":41},"end":{"line":250,"column":11}},"132":{"start":{"line":245,"column":37},"end":{"line":249,"column":13}},"133":{"start":{"line":254,"column":4},"end":{"line":254,"column":null}},"134":{"start":{"line":256,"column":4},"end":{"line":256,"column":null}},"135":{"start":{"line":257,"column":14},"end":{"line":257,"column":27}},"136":{"start":{"line":258,"column":4},"end":{"line":266,"column":null}},"137":{"start":{"line":259,"column":6},"end":{"line":259,"column":null}},"138":{"start":{"line":260,"column":6},"end":{"line":264,"column":null}},"139":{"start":{"line":261,"column":8},"end":{"line":261,"column":null}},"140":{"start":{"line":262,"column":8},"end":{"line":262,"column":null}},"141":{"start":{"line":262,"column":27},"end":{"line":262,"column":null}},"142":{"start":{"line":263,"column":8},"end":{"line":263,"column":null}},"143":{"start":{"line":265,"column":6},"end":{"line":265,"column":null}},"144":{"start":{"line":267,"column":4},"end":{"line":267,"column":null}},"145":{"start":{"line":268,"column":4},"end":{"line":268,"column":null}}},"fnMap":{"0":{"name":"setOnMessageHandler","decl":{"start":{"line":29,"column":16},"end":{"line":29,"column":35}},"loc":{"start":{"line":29,"column":45},"end":{"line":31,"column":null}},"line":29},"1":{"name":"getConnectionState","decl":{"start":{"line":33,"column":16},"end":{"line":33,"column":34}},"loc":{"start":{"line":33,"column":37},"end":{"line":35,"column":null}},"line":33},"2":{"name":"getAuthDir","decl":{"start":{"line":37,"column":16},"end":{"line":37,"column":26}},"loc":{"start":{"line":37,"column":37},"end":{"line":43,"column":null}},"line":37},"3":{"name":"startBaileys","decl":{"start":{"line":45,"column":22},"end":{"line":45,"column":34}},"loc":{"start":{"line":45,"column":45},"end":{"line":192,"column":null}},"line":45},"4":{"name":"(anonymous_4)","decl":{"start":{"line":70,"column":36},"end":{"line":70,"column":41}},"loc":{"start":{"line":70,"column":82},"end":{"line":118,"column":3}},"line":70},"5":{"name":"(anonymous_5)","decl":{"start":{"line":107,"column":19},"end":{"line":107,"column":20}},"loc":{"start":{"line":107,"column":25},"end":{"line":107,"column":47}},"line":107},"6":{"name":"(anonymous_6)","decl":{"start":{"line":120,"column":34},"end":{"line":120,"column":39}},"loc":{"start":{"line":120,"column":64},"end":{"line":187,"column":3}},"line":120},"7":{"name":"(anonymous_7)","decl":{"start":{"line":127,"column":58},"end":{"line":127,"column":59}},"loc":{"start":{"line":127,"column":65},"end":{"line":127,"column":91}},"line":127},"8":{"name":"stopBaileys","decl":{"start":{"line":194,"column":22},"end":{"line":194,"column":33}},"loc":{"start":{"line":194,"column":36},"end":{"line":206,"column":null}},"line":194},"9":{"name":"sendWhatsAppMessage","decl":{"start":{"line":208,"column":22},"end":{"line":208,"column":41}},"loc":{"start":{"line":208,"column":53},"end":{"line":211,"column":null}},"line":208},"10":{"name":"sendButtons","decl":{"start":{"line":213,"column":22},"end":{"line":213,"column":33}},"loc":{"start":{"line":213,"column":62},"end":{"line":229,"column":null}},"line":213},"11":{"name":"(anonymous_11)","decl":{"start":{"line":221,"column":27},"end":{"line":221,"column":28}},"loc":{"start":{"line":221,"column":35},"end":{"line":221,"column":61}},"line":221},"12":{"name":"(anonymous_12)","decl":{"start":{"line":226,"column":33},"end":{"line":226,"column":34}},"loc":{"start":{"line":226,"column":43},"end":{"line":226,"column":64}},"line":226},"13":{"name":"sendList","decl":{"start":{"line":231,"column":22},"end":{"line":231,"column":30}},"loc":{"start":{"line":231,"column":73},"end":{"line":270,"column":null}},"line":231},"14":{"name":"(anonymous_14)","decl":{"start":{"line":243,"column":33},"end":{"line":243,"column":34}},"loc":{"start":{"line":243,"column":41},"end":{"line":250,"column":11}},"line":243},"15":{"name":"(anonymous_15)","decl":{"start":{"line":245,"column":29},"end":{"line":245,"column":30}},"loc":{"start":{"line":245,"column":37},"end":{"line":249,"column":13}},"line":245},"16":{"name":"(anonymous_16)","decl":{"start":{"line":260,"column":27},"end":{"line":260,"column":28}},"loc":{"start":{"line":260,"column":37},"end":{"line":264,"column":7}},"line":260}},"branchMap":{"0":{"loc":{"start":{"line":39,"column":2},"end":{"line":41,"column":null}},"type":"if","locations":[{"start":{"line":39,"column":2},"end":{"line":41,"column":null}},{"start":{},"end":{}}],"line":39},"1":{"loc":{"start":{"line":46,"column":2},"end":{"line":48,"column":null}},"type":"if","locations":[{"start":{"line":46,"column":2},"end":{"line":48,"column":null}},{"start":{},"end":{}}],"line":46},"2":{"loc":{"start":{"line":73,"column":4},"end":{"line":78,"column":null}},"type":"if","locations":[{"start":{"line":73,"column":4},"end":{"line":78,"column":null}},{"start":{},"end":{}}],"line":73},"3":{"loc":{"start":{"line":80,"column":4},"end":{"line":85,"column":null}},"type":"if","locations":[{"start":{"line":80,"column":4},"end":{"line":85,"column":null}},{"start":{},"end":{}}],"line":80},"4":{"loc":{"start":{"line":87,"column":4},"end":{"line":117,"column":null}},"type":"if","locations":[{"start":{"line":87,"column":4},"end":{"line":117,"column":null}},{"start":{},"end":{}}],"line":87},"5":{"loc":{"start":{"line":94,"column":6},"end":{"line":97,"column":null}},"type":"if","locations":[{"start":{"line":94,"column":6},"end":{"line":97,"column":null}},{"start":{},"end":{}}],"line":94},"6":{"loc":{"start":{"line":100,"column":8},"end":{"line":102,"column":43}},"type":"binary-expr","locations":[{"start":{"line":100,"column":9},"end":{"line":100,"column":46}},{"start":{"line":101,"column":10},"end":{"line":101,"column":79}},{"start":{"line":102,"column":8},"end":{"line":102,"column":43}}],"line":100},"7":{"loc":{"start":{"line":104,"column":6},"end":{"line":116,"column":null}},"type":"if","locations":[{"start":{"line":104,"column":6},"end":{"line":116,"column":null}},{"start":{"line":108,"column":13},"end":{"line":116,"column":null}}],"line":104},"8":{"loc":{"start":{"line":110,"column":28},"end":{"line":111,"column":79}},"type":"binary-expr","locations":[{"start":{"line":110,"column":28},"end":{"line":110,"column":65}},{"start":{"line":111,"column":10},"end":{"line":111,"column":79}}],"line":110},"9":{"loc":{"start":{"line":112,"column":8},"end":{"line":114,"column":null}},"type":"if","locations":[{"start":{"line":112,"column":8},"end":{"line":114,"column":null}},{"start":{},"end":{}}],"line":112},"10":{"loc":{"start":{"line":122,"column":4},"end":{"line":122,"column":null}},"type":"if","locations":[{"start":{"line":122,"column":4},"end":{"line":122,"column":null}},{"start":{},"end":{}}],"line":122},"11":{"loc":{"start":{"line":124,"column":6},"end":{"line":124,"column":null}},"type":"if","locations":[{"start":{"line":124,"column":6},"end":{"line":124,"column":null}},{"start":{},"end":{}}],"line":124},"12":{"loc":{"start":{"line":127,"column":34},"end":{"line":127,"column":51}},"type":"binary-expr","locations":[{"start":{"line":127,"column":34},"end":{"line":127,"column":45}},{"start":{"line":127,"column":49},"end":{"line":127,"column":51}}],"line":127},"13":{"loc":{"start":{"line":130,"column":6},"end":{"line":160,"column":null}},"type":"if","locations":[{"start":{"line":130,"column":6},"end":{"line":160,"column":null}},{"start":{"line":133,"column":13},"end":{"line":160,"column":null}}],"line":130},"14":{"loc":{"start":{"line":133,"column":13},"end":{"line":160,"column":null}},"type":"if","locations":[{"start":{"line":133,"column":13},"end":{"line":160,"column":null}},{"start":{"line":136,"column":13},"end":{"line":160,"column":null}}],"line":133},"15":{"loc":{"start":{"line":136,"column":13},"end":{"line":160,"column":null}},"type":"if","locations":[{"start":{"line":136,"column":13},"end":{"line":160,"column":null}},{"start":{"line":153,"column":13},"end":{"line":160,"column":null}}],"line":136},"16":{"loc":{"start":{"line":138,"column":8},"end":{"line":152,"column":null}},"type":"if","locations":[{"start":{"line":138,"column":8},"end":{"line":152,"column":null}},{"start":{},"end":{}}],"line":138},"17":{"loc":{"start":{"line":140,"column":10},"end":{"line":147,"column":null}},"type":"if","locations":[{"start":{"line":140,"column":10},"end":{"line":147,"column":null}},{"start":{"line":142,"column":17},"end":{"line":147,"column":null}}],"line":140},"18":{"loc":{"start":{"line":142,"column":17},"end":{"line":147,"column":null}},"type":"if","locations":[{"start":{"line":142,"column":17},"end":{"line":147,"column":null}},{"start":{},"end":{}}],"line":142},"19":{"loc":{"start":{"line":145,"column":21},"end":{"line":145,"column":53}},"type":"binary-expr","locations":[{"start":{"line":145,"column":21},"end":{"line":145,"column":30}},{"start":{"line":145,"column":34},"end":{"line":145,"column":53}}],"line":145},"20":{"loc":{"start":{"line":149,"column":10},"end":{"line":151,"column":null}},"type":"if","locations":[{"start":{"line":149,"column":10},"end":{"line":151,"column":null}},{"start":{},"end":{}}],"line":149},"21":{"loc":{"start":{"line":149,"column":14},"end":{"line":149,"column":36}},"type":"binary-expr","locations":[{"start":{"line":149,"column":14},"end":{"line":149,"column":19}},{"start":{"line":149,"column":23},"end":{"line":149,"column":36}}],"line":149},"22":{"loc":{"start":{"line":153,"column":13},"end":{"line":160,"column":null}},"type":"if","locations":[{"start":{"line":153,"column":13},"end":{"line":160,"column":null}},{"start":{"line":156,"column":13},"end":{"line":160,"column":null}}],"line":153},"23":{"loc":{"start":{"line":156,"column":13},"end":{"line":160,"column":null}},"type":"if","locations":[{"start":{"line":156,"column":13},"end":{"line":160,"column":null}},{"start":{"line":158,"column":13},"end":{"line":160,"column":null}}],"line":156},"24":{"loc":{"start":{"line":158,"column":13},"end":{"line":160,"column":null}},"type":"if","locations":[{"start":{"line":158,"column":13},"end":{"line":160,"column":null}},{"start":{},"end":{}}],"line":158},"25":{"loc":{"start":{"line":162,"column":6},"end":{"line":162,"column":null}},"type":"if","locations":[{"start":{"line":162,"column":6},"end":{"line":162,"column":null}},{"start":{},"end":{}}],"line":162},"26":{"loc":{"start":{"line":162,"column":10},"end":{"line":162,"column":30}},"type":"binary-expr","locations":[{"start":{"line":162,"column":10},"end":{"line":162,"column":15}},{"start":{"line":162,"column":19},"end":{"line":162,"column":30}}],"line":162},"27":{"loc":{"start":{"line":165,"column":23},"end":{"line":165,"column":48}},"type":"binary-expr","locations":[{"start":{"line":165,"column":23},"end":{"line":165,"column":35}},{"start":{"line":165,"column":39},"end":{"line":165,"column":48}}],"line":165},"28":{"loc":{"start":{"line":169,"column":6},"end":{"line":182,"column":null}},"type":"if","locations":[{"start":{"line":169,"column":6},"end":{"line":182,"column":null}},{"start":{},"end":{}}],"line":169},"29":{"loc":{"start":{"line":196,"column":2},"end":{"line":199,"column":null}},"type":"if","locations":[{"start":{"line":196,"column":2},"end":{"line":199,"column":null}},{"start":{},"end":{}}],"line":196},"30":{"loc":{"start":{"line":209,"column":2},"end":{"line":209,"column":null}},"type":"if","locations":[{"start":{"line":209,"column":2},"end":{"line":209,"column":null}},{"start":{},"end":{}}],"line":209},"31":{"loc":{"start":{"line":214,"column":2},"end":{"line":214,"column":null}},"type":"if","locations":[{"start":{"line":214,"column":2},"end":{"line":214,"column":null}},{"start":{},"end":{}}],"line":214},"32":{"loc":{"start":{"line":220,"column":14},"end":{"line":220,"column":26}},"type":"binary-expr","locations":[{"start":{"line":220,"column":14},"end":{"line":220,"column":20}},{"start":{"line":220,"column":24},"end":{"line":220,"column":26}}],"line":220},"33":{"loc":{"start":{"line":232,"column":2},"end":{"line":232,"column":null}},"type":"if","locations":[{"start":{"line":232,"column":2},"end":{"line":232,"column":null}},{"start":{},"end":{}}],"line":232},"34":{"loc":{"start":{"line":238,"column":14},"end":{"line":238,"column":26}},"type":"binary-expr","locations":[{"start":{"line":238,"column":14},"end":{"line":238,"column":20}},{"start":{"line":238,"column":24},"end":{"line":238,"column":26}}],"line":238},"35":{"loc":{"start":{"line":242,"column":17},"end":{"line":242,"column":44}},"type":"binary-expr","locations":[{"start":{"line":242,"column":17},"end":{"line":242,"column":28}},{"start":{"line":242,"column":32},"end":{"line":242,"column":44}}],"line":242},"36":{"loc":{"start":{"line":262,"column":8},"end":{"line":262,"column":null}},"type":"if","locations":[{"start":{"line":262,"column":8},"end":{"line":262,"column":null}},{"start":{},"end":{}}],"line":262}},"s":{"0":1,"1":1,"2":1,"3":1,"4":1,"5":1,"6":1,"7":1,"8":1,"9":1,"10":1,"11":0,"12":0,"13":0,"14":0,"15":0,"16":0,"17":0,"18":0,"19":0,"20":0,"21":0,"22":0,"23":0,"24":0,"25":0,"26":0,"27":0,"28":0,"29":0,"30":0,"31":0,"32":0,"33":0,"34":0,"35":0,"36":0,"37":0,"38":0,"39":0,"40":0,"41":0,"42":0,"43":0,"44":0,"45":0,"46":0,"47":0,"48":0,"49":0,"50":0,"51":0,"52":0,"53":0,"54":0,"55":0,"56":0,"57":0,"58":0,"59":0,"60":0,"61":0,"62":0,"63":0,"64":0,"65":0,"66":0,"67":0,"68":0,"69":0,"70":0,"71":0,"72":0,"73":0,"74":0,"75":0,"76":0,"77":0,"78":0,"79":0,"80":0,"81":0,"82":0,"83":0,"84":0,"85":0,"86":0,"87":0,"88":0,"89":0,"90":0,"91":0,"92":0,"93":0,"94":0,"95":0,"96":0,"97":0,"98":0,"99":0,"100":0,"101":0,"102":0,"103":0,"104":0,"105":0,"106":0,"107":0,"108":0,"109":0,"110":0,"111":0,"112":0,"113":0,"114":0,"115":0,"116":0,"117":0,"118":0,"119":0,"120":0,"121":0,"122":0,"123":0,"124":0,"125":0,"126":0,"127":0,"128":0,"129":0,"130":0,"131":0,"132":0,"133":0,"134":0,"135":0,"136":0,"137":0,"138":0,"139":0,"140":0,"141":0,"142":0,"143":0,"144":0,"145":0},"f":{"0":1,"1":0,"2":0,"3":0,"4":0,"5":0,"6":0,"7":0,"8":0,"9":0,"10":0,"11":0,"12":0,"13":0,"14":0,"15":0,"16":0},"b":{"0":[0,0],"1":[0,0],"2":[0,0],"3":[0,0],"4":[0,0],"5":[0,0],"6":[0,0,0],"7":[0,0],"8":[0,0],"9":[0,0],"10":[0,0],"11":[0,0],"12":[0,0],"13":[0,0],"14":[0,0],"15":[0,0],"16":[0,0],"17":[0,0],"18":[0,0],"19":[0,0],"20":[0,0],"21":[0,0],"22":[0,0],"23":[0,0],"24":[0,0],"25":[0,0],"26":[0,0],"27":[0,0],"28":[0,0],"29":[0,0],"30":[0,0],"31":[0,0],"32":[0,0],"33":[0,0],"34":[0,0],"35":[0,0],"36":[0,0]},"meta":{"lastBranch":37,"lastFunction":17,"lastStatement":146,"seen":{"s:10:15:10:46":0,"s:11:90:11:115":1,"s:13:18:13:62":2,"s:15:13:15:17":3,"s:16:22:16:26":4,"s:17:16:17:20":5,"s:18:22:22:1":6,"s:24:23:24:27":7,"s:25:28:25:33":8,"s:27:21:27:47":9,"f:29:16:29:35":0,"s:30:2:30:Infinity":10,"f:33:16:33:34":1,"s:34:2:34:Infinity":11,"f:37:16:37:26":2,"s:38:14:38:80":12,"b:39:2:41:Infinity:undefined:undefined:undefined:undefined":0,"s:39:2:41:Infinity":13,"s:40:4:40:Infinity":14,"s:42:2:42:Infinity":15,"f:45:22:45:34":3,"b:46:2:48:Infinity:undefined:undefined:undefined:undefined":1,"s:46:2:48:Infinity":16,"s:47:4:47:Infinity":17,"s:50:2:50:Infinity":18,"s:51:18:51:38":19,"s:53:47:53:83":20,"s:54:2:54:Infinity":21,"s:56:2:68:Infinity":22,"s:70:2:118:Infinity":23,"f:70:36:70:41":4,"s:71:4:71:Infinity":24,"b:73:4:78:Infinity:undefined:undefined:undefined:undefined":2,"s:73:4:78:Infinity":25,"s:74:6:74:Infinity":26,"s:75:6:75:Infinity":27,"s:76:6:76:Infinity":28,"s:77:6:77:Infinity":29,"b:80:4:85:Infinity:undefined:undefined:undefined:undefined":3,"s:80:4:85:Infinity":30,"s:81:6:81:Infinity":31,"s:82:6:82:Infinity":32,"s:83:6:83:Infinity":33,"s:84:6:84:Infinity":34,"b:87:4:117:Infinity:undefined:undefined:undefined:undefined":4,"s:87:4:117:Infinity":35,"s:88:29:88:50":36,"s:89:6:89:Infinity":37,"s:91:6:91:Infinity":38,"s:92:6:92:Infinity":39,"b:94:6:97:Infinity:undefined:undefined:undefined:undefined":5,"s:94:6:97:Infinity":40,"s:95:8:95:Infinity":41,"s:96:8:96:Infinity":42,"s:100:8:102:43":43,"b:100:9:100:46:101:10:101:79:102:8:102:43":6,"b:104:6:116:Infinity:108:13:116:Infinity":7,"s:104:6:116:Infinity":44,"s:105:8:105:Infinity":45,"s:106:8:106:Infinity":46,"s:107:8:107:Infinity":47,"f:107:19:107:20":5,"s:107:25:107:47":48,"s:109:8:109:Infinity":49,"s:110:28:111:79":50,"b:110:28:110:65:111:10:111:79":8,"b:112:8:114:Infinity:undefined:undefined:undefined:undefined":9,"s:112:8:114:Infinity":51,"s:113:10:113:Infinity":52,"s:115:8:115:Infinity":53,"s:120:2:187:Infinity":54,"f:120:34:120:39":6,"s:121:4:186:Infinity":55,"b:122:4:122:Infinity:undefined:undefined:undefined:undefined":10,"s:122:4:122:Infinity":56,"s:122:27:122:Infinity":57,"s:123:4:183:Infinity":58,"b:124:6:124:Infinity:undefined:undefined:undefined:undefined":11,"s:124:6:124:Infinity":59,"s:124:27:124:Infinity":60,"s:126:17:126:21":61,"s:127:22:127:92":62,"b:127:34:127:45:127:49:127:51":12,"f:127:58:127:59":7,"s:127:65:127:91":63,"s:128:6:128:Infinity":64,"b:130:6:160:Infinity:133:13:160:Infinity":13,"s:130:6:160:Infinity":65,"s:131:8:131:Infinity":66,"s:132:8:132:Infinity":67,"b:133:13:160:Infinity:136:13:160:Infinity":14,"s:133:13:160:Infinity":68,"s:134:8:134:Infinity":69,"s:135:8:135:Infinity":70,"b:136:13:160:Infinity:153:13:160:Infinity":15,"s:136:13:160:Infinity":71,"s:137:21:137:59":72,"b:138:8:152:Infinity:undefined:undefined:undefined:undefined":16,"s:138:8:152:Infinity":73,"s:139:21:139:51":74,"b:140:10:147:Infinity:142:17:147:Infinity":17,"s:140:10:147:Infinity":75,"s:141:12:141:Infinity":76,"b:142:17:147:Infinity:undefined:undefined:undefined:undefined":18,"s:142:17:147:Infinity":77,"s:143:12:146:Infinity":78,"s:144:29:144:54":79,"s:145:14:145:Infinity":80,"b:145:21:145:30:145:34:145:53":19,"s:148:10:148:Infinity":81,"b:149:10:151:Infinity:undefined:undefined:undefined:undefined":20,"s:149:10:151:Infinity":82,"b:149:14:149:19:149:23:149:36":21,"s:150:12:150:Infinity":83,"b:153:13:160:Infinity:156:13:160:Infinity":22,"s:153:13:160:Infinity":84,"s:154:8:154:Infinity":85,"s:155:8:155:Infinity":86,"b:156:13:160:Infinity:158:13:160:Infinity":23,"s:156:13:160:Infinity":87,"s:157:8:157:Infinity":88,"b:158:13:160:Infinity:undefined:undefined:undefined:undefined":24,"s:158:13:160:Infinity":89,"s:159:8:159:Infinity":90,"b:162:6:162:Infinity:undefined:undefined:undefined:undefined":25,"s:162:6:162:Infinity":91,"b:162:10:162:15:162:19:162:30":26,"s:162:32:162:Infinity":92,"s:164:24:164:41":93,"s:165:23:165:48":94,"b:165:23:165:35:165:39:165:48":27,"s:167:6:167:Infinity":95,"b:169:6:182:Infinity:undefined:undefined:undefined:undefined":28,"s:169:6:182:Infinity":96,"s:170:8:181:Infinity":97,"s:171:10:171:Infinity":98,"s:173:10:173:Infinity":99,"s:174:10:180:Infinity":100,"s:175:12:177:Infinity":101,"s:179:12:179:Infinity":102,"s:185:6:185:Infinity":103,"s:189:2:189:Infinity":104,"s:191:2:191:Infinity":105,"f:194:22:194:33":8,"s:195:2:195:Infinity":106,"b:196:2:199:Infinity:undefined:undefined:undefined:undefined":29,"s:196:2:199:Infinity":107,"s:197:4:197:Infinity":108,"s:198:4:198:Infinity":109,"s:200:2:200:Infinity":110,"s:201:2:205:Infinity":111,"f:208:22:208:41":9,"b:209:2:209:Infinity:undefined:undefined:undefined:undefined":30,"s:209:2:209:Infinity":112,"s:209:15:209:Infinity":113,"s:210:2:210:Infinity":114,"f:213:22:213:33":10,"b:214:2:214:Infinity:undefined:undefined:undefined:undefined":31,"s:214:2:214:Infinity":115,"s:214:15:214:Infinity":116,"s:215:2:215:Infinity":117,"s:217:2:228:Infinity":118,"s:218:4:222:Infinity":119,"b:220:14:220:20:220:24:220:26":32,"f:221:27:221:28":11,"s:221:35:221:61":120,"s:223:4:223:Infinity":121,"s:225:4:225:Infinity":122,"s:226:21:226:76":123,"f:226:33:226:34":12,"s:226:43:226:64":124,"s:227:4:227:Infinity":125,"f:231:22:231:30":13,"b:232:2:232:Infinity:undefined:undefined:undefined:undefined":33,"s:232:2:232:Infinity":126,"s:232:15:232:Infinity":127,"s:233:2:233:Infinity":128,"s:235:2:269:Infinity":129,"s:236:4:253:Infinity":130,"b:238:14:238:20:238:24:238:26":34,"b:242:17:242:28:242:32:242:44":35,"f:243:33:243:34":14,"s:243:41:250:11":131,"f:245:29:245:30":15,"s:245:37:249:13":132,"s:254:4:254:Infinity":133,"s:256:4:256:Infinity":134,"s:257:14:257:27":135,"s:258:4:266:Infinity":136,"s:259:6:259:Infinity":137,"s:260:6:264:Infinity":138,"f:260:27:260:28":16,"s:261:8:261:Infinity":139,"b:262:8:262:Infinity:undefined:undefined:undefined:undefined":36,"s:262:8:262:Infinity":140,"s:262:27:262:Infinity":141,"s:263:8:263:Infinity":142,"s:265:6:265:Infinity":143,"s:267:4:267:Infinity":144,"s:268:4:268:Infinity":145},"fnNames":{}}}
,"D:\\Faculdade\\TCC\\tcctemp\\backend\\src\\chatbot\\chatbot.controller.js": {"path":"D:\\Faculdade\\TCC\\tcctemp\\backend\\src\\chatbot\\chatbot.controller.js","statementMap":{"0":{"start":{"line":10,"column":18},"end":{"line":10,"column":62}},"1":{"start":{"line":12,"column":0},"end":{"line":12,"column":null}},"2":{"start":{"line":15,"column":16},"end":{"line":15,"column":50}},"3":{"start":{"line":16,"column":2},"end":{"line":16,"column":null}},"4":{"start":{"line":17,"column":2},"end":{"line":17,"column":null}},"5":{"start":{"line":18,"column":2},"end":{"line":18,"column":null}},"6":{"start":{"line":19,"column":2},"end":{"line":19,"column":null}},"7":{"start":{"line":23,"column":23},"end":{"line":23,"column":26}},"8":{"start":{"line":25,"column":2},"end":{"line":27,"column":null}},"9":{"start":{"line":26,"column":4},"end":{"line":26,"column":null}},"10":{"start":{"line":29,"column":18},"end":{"line":29,"column":84}},"11":{"start":{"line":30,"column":2},"end":{"line":33,"column":null}},"12":{"start":{"line":31,"column":4},"end":{"line":31,"column":null}},"13":{"start":{"line":32,"column":4},"end":{"line":32,"column":null}},"14":{"start":{"line":35,"column":2},"end":{"line":35,"column":null}},"15":{"start":{"line":36,"column":2},"end":{"line":36,"column":null}},"16":{"start":{"line":40,"column":2},"end":{"line":40,"column":null}},"17":{"start":{"line":41,"column":2},"end":{"line":41,"column":null}},"18":{"start":{"line":45,"column":19},"end":{"line":45,"column":67}},"19":{"start":{"line":46,"column":2},"end":{"line":46,"column":null}},"20":{"start":{"line":50,"column":17},"end":{"line":50,"column":27}},"21":{"start":{"line":52,"column":35},"end":{"line":57,"column":13}},"22":{"start":{"line":59,"column":2},"end":{"line":61,"column":null}},"23":{"start":{"line":60,"column":4},"end":{"line":60,"column":null}},"24":{"start":{"line":63,"column":2},"end":{"line":63,"column":null}},"25":{"start":{"line":67,"column":17},"end":{"line":67,"column":27}},"26":{"start":{"line":68,"column":23},"end":{"line":68,"column":31}},"27":{"start":{"line":70,"column":2},"end":{"line":72,"column":null}},"28":{"start":{"line":71,"column":4},"end":{"line":71,"column":null}},"29":{"start":{"line":74,"column":35},"end":{"line":79,"column":13}},"30":{"start":{"line":81,"column":2},"end":{"line":83,"column":null}},"31":{"start":{"line":82,"column":4},"end":{"line":82,"column":null}},"32":{"start":{"line":85,"column":2},"end":{"line":85,"column":null}},"33":{"start":{"line":86,"column":2},"end":{"line":86,"column":null}},"34":{"start":{"line":90,"column":17},"end":{"line":90,"column":27}},"35":{"start":{"line":92,"column":35},"end":{"line":97,"column":13}},"36":{"start":{"line":99,"column":2},"end":{"line":101,"column":null}},"37":{"start":{"line":100,"column":4},"end":{"line":100,"column":null}},"38":{"start":{"line":103,"column":2},"end":{"line":106,"column":null}},"39":{"start":{"line":108,"column":2},"end":{"line":111,"column":null}},"40":{"start":{"line":113,"column":2},"end":{"line":113,"column":null}}},"fnMap":{"0":{"name":"getStatus","decl":{"start":{"line":14,"column":22},"end":{"line":14,"column":31}},"loc":{"start":{"line":14,"column":42},"end":{"line":20,"column":null}},"line":14},"1":{"name":"connect","decl":{"start":{"line":22,"column":22},"end":{"line":22,"column":29}},"loc":{"start":{"line":22,"column":40},"end":{"line":37,"column":null}},"line":22},"2":{"name":"disconnect","decl":{"start":{"line":39,"column":22},"end":{"line":39,"column":32}},"loc":{"start":{"line":39,"column":43},"end":{"line":42,"column":null}},"line":39},"3":{"name":"listSessions","decl":{"start":{"line":44,"column":22},"end":{"line":44,"column":34}},"loc":{"start":{"line":44,"column":45},"end":{"line":47,"column":null}},"line":44},"4":{"name":"getSession","decl":{"start":{"line":49,"column":22},"end":{"line":49,"column":32}},"loc":{"start":{"line":49,"column":43},"end":{"line":64,"column":null}},"line":49},"5":{"name":"sendReply","decl":{"start":{"line":66,"column":22},"end":{"line":66,"column":31}},"loc":{"start":{"line":66,"column":42},"end":{"line":87,"column":null}},"line":66},"6":{"name":"resetSession","decl":{"start":{"line":89,"column":22},"end":{"line":89,"column":34}},"loc":{"start":{"line":89,"column":45},"end":{"line":114,"column":null}},"line":89}},"branchMap":{"0":{"loc":{"start":{"line":25,"column":2},"end":{"line":27,"column":null}},"type":"if","locations":[{"start":{"line":25,"column":2},"end":{"line":27,"column":null}},{"start":{},"end":{}}],"line":25},"1":{"loc":{"start":{"line":30,"column":2},"end":{"line":33,"column":null}},"type":"if","locations":[{"start":{"line":30,"column":2},"end":{"line":33,"column":null}},{"start":{},"end":{}}],"line":30},"2":{"loc":{"start":{"line":59,"column":2},"end":{"line":61,"column":null}},"type":"if","locations":[{"start":{"line":59,"column":2},"end":{"line":61,"column":null}},{"start":{},"end":{}}],"line":59},"3":{"loc":{"start":{"line":70,"column":2},"end":{"line":72,"column":null}},"type":"if","locations":[{"start":{"line":70,"column":2},"end":{"line":72,"column":null}},{"start":{},"end":{}}],"line":70},"4":{"loc":{"start":{"line":70,"column":6},"end":{"line":70,"column":41}},"type":"binary-expr","locations":[{"start":{"line":70,"column":6},"end":{"line":70,"column":15}},{"start":{"line":70,"column":19},"end":{"line":70,"column":41}}],"line":70},"5":{"loc":{"start":{"line":81,"column":2},"end":{"line":83,"column":null}},"type":"if","locations":[{"start":{"line":81,"column":2},"end":{"line":83,"column":null}},{"start":{},"end":{}}],"line":81},"6":{"loc":{"start":{"line":99,"column":2},"end":{"line":101,"column":null}},"type":"if","locations":[{"start":{"line":99,"column":2},"end":{"line":101,"column":null}},{"start":{},"end":{}}],"line":99}},"s":{"0":1,"1":1,"2":0,"3":0,"4":0,"5":0,"6":0,"7":0,"8":0,"9":0,"10":0,"11":0,"12":0,"13":0,"14":0,"15":0,"16":0,"17":0,"18":0,"19":0,"20":0,"21":0,"22":0,"23":0,"24":0,"25":0,"26":0,"27":0,"28":0,"29":0,"30":0,"31":0,"32":0,"33":0,"34":0,"35":0,"36":0,"37":0,"38":0,"39":0,"40":0},"f":{"0":0,"1":0,"2":0,"3":0,"4":0,"5":0,"6":0},"b":{"0":[0,0],"1":[0,0],"2":[0,0],"3":[0,0],"4":[0,0],"5":[0,0],"6":[0,0]},"meta":{"lastBranch":7,"lastFunction":7,"lastStatement":41,"seen":{"s:10:18:10:62":0,"s:12:0:12:Infinity":1,"f:14:22:14:31":0,"s:15:16:15:50":2,"s:16:2:16:Infinity":3,"s:17:2:17:Infinity":4,"s:18:2:18:Infinity":5,"s:19:2:19:Infinity":6,"f:22:22:22:29":1,"s:23:23:23:26":7,"b:25:2:27:Infinity:undefined:undefined:undefined:undefined":0,"s:25:2:27:Infinity":8,"s:26:4:26:Infinity":9,"s:29:18:29:84":10,"b:30:2:33:Infinity:undefined:undefined:undefined:undefined":1,"s:30:2:33:Infinity":11,"s:31:4:31:Infinity":12,"s:32:4:32:Infinity":13,"s:35:2:35:Infinity":14,"s:36:2:36:Infinity":15,"f:39:22:39:32":2,"s:40:2:40:Infinity":16,"s:41:2:41:Infinity":17,"f:44:22:44:34":3,"s:45:19:45:67":18,"s:46:2:46:Infinity":19,"f:49:22:49:32":4,"s:50:17:50:27":20,"s:52:35:57:13":21,"b:59:2:61:Infinity:undefined:undefined:undefined:undefined":2,"s:59:2:61:Infinity":22,"s:60:4:60:Infinity":23,"s:63:2:63:Infinity":24,"f:66:22:66:31":5,"s:67:17:67:27":25,"s:68:23:68:31":26,"b:70:2:72:Infinity:undefined:undefined:undefined:undefined":3,"s:70:2:72:Infinity":27,"b:70:6:70:15:70:19:70:41":4,"s:71:4:71:Infinity":28,"s:74:35:79:13":29,"b:81:2:83:Infinity:undefined:undefined:undefined:undefined":5,"s:81:2:83:Infinity":30,"s:82:4:82:Infinity":31,"s:85:2:85:Infinity":32,"s:86:2:86:Infinity":33,"f:89:22:89:34":6,"s:90:17:90:27":34,"s:92:35:97:13":35,"b:99:2:101:Infinity:undefined:undefined:undefined:undefined":6,"s:99:2:101:Infinity":36,"s:100:4:100:Infinity":37,"s:103:2:106:Infinity":38,"s:108:2:111:Infinity":39,"s:113:2:113:Infinity":40},"fnNames":{}}}
,"D:\\Faculdade\\TCC\\tcctemp\\backend\\src\\chatbot\\chatbot.routes.js": {"path":"D:\\Faculdade\\TCC\\tcctemp\\backend\\src\\chatbot\\chatbot.routes.js","statementMap":{"0":{"start":{"line":5,"column":28},"end":{"line":5,"column":37}},"1":{"start":{"line":7,"column":0},"end":{"line":7,"column":null}},"2":{"start":{"line":9,"column":0},"end":{"line":9,"column":null}},"3":{"start":{"line":10,"column":0},"end":{"line":10,"column":null}},"4":{"start":{"line":11,"column":0},"end":{"line":11,"column":null}},"5":{"start":{"line":12,"column":0},"end":{"line":12,"column":null}},"6":{"start":{"line":13,"column":0},"end":{"line":13,"column":null}},"7":{"start":{"line":14,"column":0},"end":{"line":14,"column":null}},"8":{"start":{"line":15,"column":0},"end":{"line":15,"column":null}}},"fnMap":{},"branchMap":{},"s":{"0":1,"1":1,"2":1,"3":1,"4":1,"5":1,"6":1,"7":1,"8":1},"f":{},"b":{},"meta":{"lastBranch":0,"lastFunction":0,"lastStatement":9,"seen":{"s:5:28:5:37":0,"s:7:0:7:Infinity":1,"s:9:0:9:Infinity":2,"s:10:0:10:Infinity":3,"s:11:0:11:Infinity":4,"s:12:0:12:Infinity":5,"s:13:0:13:Infinity":6,"s:14:0:14:Infinity":7,"s:15:0:15:Infinity":8},"fnNames":{}}}
,"D:\\Faculdade\\TCC\\tcctemp\\backend\\src\\chatbot\\chatbot.service.js": {"path":"D:\\Faculdade\\TCC\\tcctemp\\backend\\src\\chatbot\\chatbot.service.js","statementMap":{"0":{"start":{"line":8,"column":2},"end":{"line":11,"column":null}},"1":{"start":{"line":14,"column":22},"end":{"line":32,"column":1}},"2":{"start":{"line":34,"column":20},"end":{"line":34,"column":90}},"3":{"start":{"line":35,"column":26},"end":{"line":35,"column":75}},"4":{"start":{"line":36,"column":14},"end":{"line":36,"column":139}},"5":{"start":{"line":38,"column":20},"end":{"line":38,"column":21}},"6":{"start":{"line":39,"column":34},"end":{"line":39,"column":35}},"7":{"start":{"line":42,"column":2},"end":{"line":42,"column":null}},"8":{"start":{"line":46,"column":17},"end":{"line":46,"column":41}},"9":{"start":{"line":47,"column":2},"end":{"line":47,"column":null}},"10":{"start":{"line":51,"column":2},"end":{"line":51,"column":null}},"11":{"start":{"line":51,"column":16},"end":{"line":51,"column":null}},"12":{"start":{"line":52,"column":20},"end":{"line":52,"column":38}},"13":{"start":{"line":53,"column":2},"end":{"line":53,"column":null}},"14":{"start":{"line":57,"column":26},"end":{"line":63,"column":26}},"15":{"start":{"line":65,"column":2},"end":{"line":65,"column":null}},"16":{"start":{"line":65,"column":13},"end":{"line":65,"column":null}},"17":{"start":{"line":66,"column":2},"end":{"line":66,"column":null}},"18":{"start":{"line":70,"column":26},"end":{"line":76,"column":18}},"19":{"start":{"line":78,"column":2},"end":{"line":78,"column":null}},"20":{"start":{"line":78,"column":13},"end":{"line":78,"column":null}},"21":{"start":{"line":79,"column":2},"end":{"line":79,"column":null}},"22":{"start":{"line":83,"column":26},"end":{"line":88,"column":28}},"23":{"start":{"line":90,"column":2},"end":{"line":90,"column":null}},"24":{"start":{"line":90,"column":13},"end":{"line":90,"column":null}},"25":{"start":{"line":91,"column":2},"end":{"line":91,"column":null}},"26":{"start":{"line":95,"column":26},"end":{"line":101,"column":18}},"27":{"start":{"line":103,"column":2},"end":{"line":103,"column":null}},"28":{"start":{"line":103,"column":13},"end":{"line":103,"column":null}},"29":{"start":{"line":104,"column":2},"end":{"line":104,"column":null}},"30":{"start":{"line":108,"column":27},"end":{"line":115,"column":61}},"31":{"start":{"line":117,"column":2},"end":{"line":117,"column":null}},"32":{"start":{"line":117,"column":13},"end":{"line":117,"column":null}},"33":{"start":{"line":118,"column":2},"end":{"line":118,"column":null}},"34":{"start":{"line":122,"column":27},"end":{"line":131,"column":45}},"35":{"start":{"line":133,"column":2},"end":{"line":133,"column":null}},"36":{"start":{"line":133,"column":13},"end":{"line":133,"column":null}},"37":{"start":{"line":134,"column":2},"end":{"line":134,"column":null}},"38":{"start":{"line":138,"column":20},"end":{"line":138,"column":57}},"39":{"start":{"line":139,"column":21},"end":{"line":139,"column":64}},"40":{"start":{"line":141,"column":2},"end":{"line":141,"column":null}},"41":{"start":{"line":141,"column":19},"end":{"line":141,"column":null}},"42":{"start":{"line":143,"column":33},"end":{"line":143,"column":75}},"43":{"start":{"line":144,"column":37},"end":{"line":144,"column":81}},"44":{"start":{"line":146,"column":19},"end":{"line":146,"column":21}},"45":{"start":{"line":147,"column":2},"end":{"line":154,"column":null}},"46":{"start":{"line":147,"column":15},"end":{"line":147,"column":24}},"47":{"start":{"line":148,"column":4},"end":{"line":153,"column":null}},"48":{"start":{"line":148,"column":17},"end":{"line":148,"column":18}},"49":{"start":{"line":149,"column":6},"end":{"line":149,"column":null}},"50":{"start":{"line":149,"column":44},"end":{"line":149,"column":null}},"51":{"start":{"line":150,"column":6},"end":{"line":150,"column":null}},"52":{"start":{"line":150,"column":70},"end":{"line":150,"column":null}},"53":{"start":{"line":151,"column":22},"end":{"line":151,"column":83}},"54":{"start":{"line":152,"column":6},"end":{"line":152,"column":null}},"55":{"start":{"line":156,"column":22},"end":{"line":156,"column":24}},"56":{"start":{"line":157,"column":2},"end":{"line":160,"column":null}},"57":{"start":{"line":158,"column":18},"end":{"line":158,"column":72}},"58":{"start":{"line":159,"column":4},"end":{"line":159,"column":null}},"59":{"start":{"line":159,"column":15},"end":{"line":159,"column":null}},"60":{"start":{"line":162,"column":2},"end":{"line":162,"column":null}},"61":{"start":{"line":166,"column":16},"end":{"line":166,"column":18}},"62":{"start":{"line":167,"column":15},"end":{"line":167,"column":25}},"63":{"start":{"line":168,"column":2},"end":{"line":168,"column":null}},"64":{"start":{"line":170,"column":2},"end":{"line":181,"column":null}},"65":{"start":{"line":170,"column":15},"end":{"line":170,"column":16}},"66":{"start":{"line":171,"column":17},"end":{"line":171,"column":31}},"67":{"start":{"line":172,"column":4},"end":{"line":172,"column":null}},"68":{"start":{"line":173,"column":22},"end":{"line":173,"column":35}},"69":{"start":{"line":174,"column":23},"end":{"line":174,"column":66}},"70":{"start":{"line":175,"column":4},"end":{"line":180,"column":null}},"71":{"start":{"line":176,"column":16},"end":{"line":176,"column":34}},"72":{"start":{"line":177,"column":16},"end":{"line":177,"column":60}},"73":{"start":{"line":178,"column":16},"end":{"line":178,"column":55}},"74":{"start":{"line":179,"column":6},"end":{"line":179,"column":null}},"75":{"start":{"line":183,"column":2},"end":{"line":183,"column":null}},"76":{"start":{"line":187,"column":26},"end":{"line":191,"column":13}},"77":{"start":{"line":193,"column":2},"end":{"line":193,"column":null}},"78":{"start":{"line":193,"column":13},"end":{"line":193,"column":null}},"79":{"start":{"line":194,"column":2},"end":{"line":194,"column":null}},"80":{"start":{"line":198,"column":29},"end":{"line":204,"column":18}},"81":{"start":{"line":206,"column":2},"end":{"line":206,"column":null}},"82":{"start":{"line":206,"column":16},"end":{"line":206,"column":null}},"83":{"start":{"line":208,"column":26},"end":{"line":218,"column":13}},"84":{"start":{"line":220,"column":2},"end":{"line":220,"column":null}},"85":{"start":{"line":220,"column":13},"end":{"line":220,"column":null}},"86":{"start":{"line":221,"column":2},"end":{"line":221,"column":null}},"87":{"start":{"line":225,"column":2},"end":{"line":225,"column":null}},"88":{"start":{"line":225,"column":139},"end":{"line":225,"column":null}},"89":{"start":{"line":227,"column":21},"end":{"line":231,"column":3}},"90":{"start":{"line":233,"column":2},"end":{"line":233,"column":null}},"91":{"start":{"line":233,"column":19},"end":{"line":233,"column":null}},"92":{"start":{"line":235,"column":20},"end":{"line":241,"column":3}},"93":{"start":{"line":243,"column":2},"end":{"line":243,"column":null}},"94":{"start":{"line":243,"column":17},"end":{"line":243,"column":null}},"95":{"start":{"line":245,"column":30},"end":{"line":250,"column":18}},"96":{"start":{"line":252,"column":2},"end":{"line":252,"column":null}},"97":{"start":{"line":252,"column":22},"end":{"line":252,"column":null}},"98":{"start":{"line":254,"column":26},"end":{"line":267,"column":13}},"99":{"start":{"line":269,"column":2},"end":{"line":269,"column":null}},"100":{"start":{"line":269,"column":22},"end":{"line":269,"column":null}},"101":{"start":{"line":271,"column":1},"end":{"line":278,"column":null}},"102":{"start":{"line":278,"column":18},"end":{"line":278,"column":64}},"103":{"start":{"line":280,"column":2},"end":{"line":280,"column":null}},"104":{"start":{"line":284,"column":14},"end":{"line":284,"column":24}},"105":{"start":{"line":285,"column":16},"end":{"line":285,"column":47}},"106":{"start":{"line":286,"column":22},"end":{"line":286,"column":111}},"107":{"start":{"line":288,"column":26},"end":{"line":297,"column":30}},"108":{"start":{"line":299,"column":2},"end":{"line":299,"column":null}},"109":{"start":{"line":299,"column":13},"end":{"line":299,"column":null}},"110":{"start":{"line":301,"column":2},"end":{"line":306,"column":null}},"111":{"start":{"line":302,"column":4},"end":{"line":304,"column":null}},"112":{"start":{"line":303,"column":6},"end":{"line":303,"column":null}},"113":{"start":{"line":305,"column":4},"end":{"line":305,"column":null}},"114":{"start":{"line":310,"column":17},"end":{"line":310,"column":50}},"115":{"start":{"line":311,"column":15},"end":{"line":315,"column":5}},"116":{"start":{"line":311,"column":34},"end":{"line":315,"column":3}},"117":{"start":{"line":316,"column":2},"end":{"line":316,"column":null}},"118":{"start":{"line":317,"column":2},"end":{"line":317,"column":null}},"119":{"start":{"line":321,"column":18},"end":{"line":321,"column":38}},"120":{"start":{"line":322,"column":2},"end":{"line":322,"column":null}},"121":{"start":{"line":322,"column":24},"end":{"line":322,"column":null}},"122":{"start":{"line":323,"column":15},"end":{"line":323,"column":71}},"123":{"start":{"line":323,"column":35},"end":{"line":323,"column":69}},"124":{"start":{"line":324,"column":2},"end":{"line":324,"column":null}},"125":{"start":{"line":325,"column":2},"end":{"line":325,"column":null}},"126":{"start":{"line":329,"column":16},"end":{"line":329,"column":18}},"127":{"start":{"line":330,"column":2},"end":{"line":340,"column":null}},"128":{"start":{"line":331,"column":22},"end":{"line":331,"column":49}},"129":{"start":{"line":332,"column":18},"end":{"line":332,"column":54}},"130":{"start":{"line":333,"column":4},"end":{"line":333,"column":null}},"131":{"start":{"line":333,"column":23},"end":{"line":333,"column":null}},"132":{"start":{"line":334,"column":20},"end":{"line":334,"column":41}},"133":{"start":{"line":335,"column":4},"end":{"line":339,"column":null}},"134":{"start":{"line":341,"column":2},"end":{"line":344,"column":null}},"135":{"start":{"line":342,"column":19},"end":{"line":342,"column":47}},"136":{"start":{"line":343,"column":4},"end":{"line":343,"column":null}},"137":{"start":{"line":348,"column":2},"end":{"line":352,"column":null}},"138":{"start":{"line":349,"column":22},"end":{"line":349,"column":49}},"139":{"start":{"line":350,"column":20},"end":{"line":350,"column":41}},"140":{"start":{"line":351,"column":4},"end":{"line":351,"column":null}},"141":{"start":{"line":356,"column":2},"end":{"line":367,"column":null}},"142":{"start":{"line":368,"column":2},"end":{"line":368,"column":null}},"143":{"start":{"line":372,"column":16},"end":{"line":372,"column":90}},"144":{"start":{"line":374,"column":20},"end":{"line":374,"column":172}},"145":{"start":{"line":375,"column":20},"end":{"line":375,"column":85}},"146":{"start":{"line":376,"column":17},"end":{"line":376,"column":99}},"147":{"start":{"line":377,"column":17},"end":{"line":377,"column":61}},"148":{"start":{"line":379,"column":2},"end":{"line":379,"column":null}},"149":{"start":{"line":379,"column":28},"end":{"line":379,"column":128}},"150":{"start":{"line":379,"column":131},"end":{"line":379,"column":null}},"151":{"start":{"line":380,"column":2},"end":{"line":380,"column":null}},"152":{"start":{"line":380,"column":25},"end":{"line":380,"column":42}},"153":{"start":{"line":380,"column":45},"end":{"line":380,"column":null}},"154":{"start":{"line":381,"column":2},"end":{"line":381,"column":null}},"155":{"start":{"line":381,"column":28},"end":{"line":381,"column":45}},"156":{"start":{"line":381,"column":48},"end":{"line":381,"column":null}},"157":{"start":{"line":382,"column":2},"end":{"line":382,"column":null}},"158":{"start":{"line":382,"column":25},"end":{"line":382,"column":42}},"159":{"start":{"line":382,"column":45},"end":{"line":382,"column":null}},"160":{"start":{"line":383,"column":2},"end":{"line":383,"column":null}},"161":{"start":{"line":387,"column":16},"end":{"line":387,"column":39}},"162":{"start":{"line":388,"column":16},"end":{"line":388,"column":20}},"163":{"start":{"line":390,"column":2},"end":{"line":400,"column":null}},"164":{"start":{"line":391,"column":14},"end":{"line":391,"column":35}},"165":{"start":{"line":392,"column":14},"end":{"line":392,"column":35}},"166":{"start":{"line":393,"column":14},"end":{"line":393,"column":35}},"167":{"start":{"line":394,"column":4},"end":{"line":394,"column":null}},"168":{"start":{"line":395,"column":9},"end":{"line":400,"column":null}},"169":{"start":{"line":396,"column":14},"end":{"line":396,"column":35}},"170":{"start":{"line":397,"column":14},"end":{"line":397,"column":35}},"171":{"start":{"line":398,"column":14},"end":{"line":398,"column":38}},"172":{"start":{"line":399,"column":4},"end":{"line":399,"column":null}},"173":{"start":{"line":402,"column":2},"end":{"line":402,"column":null}},"174":{"start":{"line":402,"column":16},"end":{"line":402,"column":null}},"175":{"start":{"line":404,"column":17},"end":{"line":404,"column":48}},"176":{"start":{"line":405,"column":2},"end":{"line":405,"column":null}},"177":{"start":{"line":405,"column":31},"end":{"line":405,"column":null}},"178":{"start":{"line":407,"column":20},"end":{"line":407,"column":50}},"179":{"start":{"line":408,"column":2},"end":{"line":408,"column":null}},"180":{"start":{"line":408,"column":91},"end":{"line":408,"column":null}},"181":{"start":{"line":410,"column":15},"end":{"line":410,"column":25}},"182":{"start":{"line":411,"column":2},"end":{"line":411,"column":null}},"183":{"start":{"line":412,"column":2},"end":{"line":412,"column":null}},"184":{"start":{"line":412,"column":21},"end":{"line":412,"column":null}},"185":{"start":{"line":414,"column":2},"end":{"line":414,"column":null}},"186":{"start":{"line":418,"column":16},"end":{"line":418,"column":90}},"187":{"start":{"line":419,"column":19},"end":{"line":419,"column":49}},"188":{"start":{"line":420,"column":2},"end":{"line":420,"column":null}},"189":{"start":{"line":420,"column":24},"end":{"line":420,"column":null}},"190":{"start":{"line":422,"column":2},"end":{"line":425,"column":null}},"191":{"start":{"line":423,"column":17},"end":{"line":423,"column":94}},"192":{"start":{"line":424,"column":4},"end":{"line":424,"column":null}},"193":{"start":{"line":424,"column":30},"end":{"line":424,"column":null}},"194":{"start":{"line":427,"column":19},"end":{"line":433,"column":3}},"195":{"start":{"line":435,"column":2},"end":{"line":442,"column":null}},"196":{"start":{"line":436,"column":4},"end":{"line":441,"column":null}},"197":{"start":{"line":436,"column":26},"end":{"line":436,"column":43}},"198":{"start":{"line":437,"column":20},"end":{"line":439,"column":7}},"199":{"start":{"line":438,"column":8},"end":{"line":438,"column":null}},"200":{"start":{"line":440,"column":6},"end":{"line":440,"column":null}},"201":{"start":{"line":440,"column":17},"end":{"line":440,"column":null}},"202":{"start":{"line":444,"column":2},"end":{"line":444,"column":null}},"203":{"start":{"line":452,"column":21},"end":{"line":452,"column":75}},"204":{"start":{"line":453,"column":2},"end":{"line":453,"column":null}},"205":{"start":{"line":453,"column":19},"end":{"line":453,"column":null}},"206":{"start":{"line":454,"column":2},"end":{"line":454,"column":null}},"207":{"start":{"line":458,"column":20},"end":{"line":458,"column":57}},"208":{"start":{"line":459,"column":21},"end":{"line":459,"column":64}},"209":{"start":{"line":460,"column":2},"end":{"line":460,"column":null}},"210":{"start":{"line":460,"column":19},"end":{"line":460,"column":null}},"211":{"start":{"line":461,"column":2},"end":{"line":461,"column":null}},"212":{"start":{"line":465,"column":19},"end":{"line":465,"column":68}},"213":{"start":{"line":466,"column":16},"end":{"line":466,"column":26}},"214":{"start":{"line":467,"column":20},"end":{"line":467,"column":77}},"215":{"start":{"line":469,"column":2},"end":{"line":469,"column":null}},"216":{"start":{"line":469,"column":21},"end":{"line":469,"column":null}},"217":{"start":{"line":470,"column":2},"end":{"line":472,"column":null}},"218":{"start":{"line":471,"column":4},"end":{"line":471,"column":null}},"219":{"start":{"line":473,"column":2},"end":{"line":473,"column":null}},"220":{"start":{"line":477,"column":26},"end":{"line":481,"column":13}},"221":{"start":{"line":483,"column":2},"end":{"line":483,"column":null}},"222":{"start":{"line":483,"column":22},"end":{"line":483,"column":null}},"223":{"start":{"line":484,"column":2},"end":{"line":486,"column":null}},"224":{"start":{"line":485,"column":4},"end":{"line":485,"column":null}},"225":{"start":{"line":488,"column":27},"end":{"line":488,"column":110}},"226":{"start":{"line":489,"column":2},"end":{"line":489,"column":null}},"227":{"start":{"line":489,"column":24},"end":{"line":489,"column":null}},"228":{"start":{"line":491,"column":2},"end":{"line":491,"column":null}},"229":{"start":{"line":499,"column":14},"end":{"line":499,"column":27}},"230":{"start":{"line":500,"column":2},"end":{"line":504,"column":null}},"231":{"start":{"line":500,"column":19},"end":{"line":500,"column":null}},"232":{"start":{"line":501,"column":7},"end":{"line":504,"column":null}},"233":{"start":{"line":501,"column":24},"end":{"line":501,"column":null}},"234":{"start":{"line":502,"column":7},"end":{"line":504,"column":null}},"235":{"start":{"line":502,"column":24},"end":{"line":502,"column":null}},"236":{"start":{"line":503,"column":7},"end":{"line":504,"column":null}},"237":{"start":{"line":503,"column":24},"end":{"line":503,"column":null}},"238":{"start":{"line":504,"column":7},"end":{"line":504,"column":null}},"239":{"start":{"line":504,"column":24},"end":{"line":504,"column":null}},"240":{"start":{"line":506,"column":2},"end":{"line":623,"column":null}},"241":{"start":{"line":509,"column":23},"end":{"line":509,"column":62}},"242":{"start":{"line":510,"column":6},"end":{"line":514,"column":null}},"243":{"start":{"line":511,"column":8},"end":{"line":511,"column":null}},"244":{"start":{"line":512,"column":8},"end":{"line":512,"column":null}},"245":{"start":{"line":513,"column":8},"end":{"line":513,"column":null}},"246":{"start":{"line":516,"column":19},"end":{"line":520,"column":9}},"247":{"start":{"line":516,"column":43},"end":{"line":520,"column":7}},"248":{"start":{"line":522,"column":6},"end":{"line":522,"column":null}},"249":{"start":{"line":523,"column":6},"end":{"line":523,"column":null}},"250":{"start":{"line":524,"column":6},"end":{"line":524,"column":null}},"251":{"start":{"line":528,"column":20},"end":{"line":528,"column":52}},"252":{"start":{"line":529,"column":22},"end":{"line":529,"column":78}},"253":{"start":{"line":531,"column":6},"end":{"line":535,"column":null}},"254":{"start":{"line":532,"column":8},"end":{"line":532,"column":null}},"255":{"start":{"line":533,"column":8},"end":{"line":533,"column":null}},"256":{"start":{"line":534,"column":8},"end":{"line":534,"column":null}},"257":{"start":{"line":537,"column":27},"end":{"line":537,"column":97}},"258":{"start":{"line":538,"column":6},"end":{"line":542,"column":null}},"259":{"start":{"line":539,"column":8},"end":{"line":539,"column":null}},"260":{"start":{"line":540,"column":8},"end":{"line":540,"column":null}},"261":{"start":{"line":541,"column":8},"end":{"line":541,"column":null}},"262":{"start":{"line":544,"column":16},"end":{"line":544,"column":50}},"263":{"start":{"line":545,"column":6},"end":{"line":549,"column":null}},"264":{"start":{"line":546,"column":8},"end":{"line":546,"column":null}},"265":{"start":{"line":547,"column":8},"end":{"line":547,"column":null}},"266":{"start":{"line":548,"column":8},"end":{"line":548,"column":null}},"267":{"start":{"line":551,"column":6},"end":{"line":551,"column":null}},"268":{"start":{"line":552,"column":6},"end":{"line":552,"column":null}},"269":{"start":{"line":553,"column":6},"end":{"line":553,"column":null}},"270":{"start":{"line":554,"column":6},"end":{"line":554,"column":null}},"271":{"start":{"line":558,"column":23},"end":{"line":558,"column":62}},"272":{"start":{"line":559,"column":6},"end":{"line":570,"column":null}},"273":{"start":{"line":560,"column":8},"end":{"line":560,"column":null}},"274":{"start":{"line":562,"column":21},"end":{"line":566,"column":11}},"275":{"start":{"line":562,"column":42},"end":{"line":566,"column":9}},"276":{"start":{"line":567,"column":8},"end":{"line":567,"column":null}},"277":{"start":{"line":568,"column":8},"end":{"line":568,"column":null}},"278":{"start":{"line":569,"column":8},"end":{"line":569,"column":null}},"279":{"start":{"line":571,"column":6},"end":{"line":571,"column":null}},"280":{"start":{"line":572,"column":6},"end":{"line":572,"column":null}},"281":{"start":{"line":576,"column":20},"end":{"line":576,"column":52}},"282":{"start":{"line":577,"column":22},"end":{"line":577,"column":78}},"283":{"start":{"line":579,"column":6},"end":{"line":583,"column":null}},"284":{"start":{"line":580,"column":8},"end":{"line":580,"column":null}},"285":{"start":{"line":581,"column":8},"end":{"line":581,"column":null}},"286":{"start":{"line":582,"column":8},"end":{"line":582,"column":null}},"287":{"start":{"line":585,"column":27},"end":{"line":585,"column":97}},"288":{"start":{"line":586,"column":6},"end":{"line":590,"column":null}},"289":{"start":{"line":587,"column":8},"end":{"line":587,"column":null}},"290":{"start":{"line":588,"column":8},"end":{"line":588,"column":null}},"291":{"start":{"line":589,"column":8},"end":{"line":589,"column":null}},"292":{"start":{"line":592,"column":19},"end":{"line":596,"column":9}},"293":{"start":{"line":592,"column":44},"end":{"line":596,"column":7}},"294":{"start":{"line":598,"column":6},"end":{"line":598,"column":null}},"295":{"start":{"line":599,"column":6},"end":{"line":599,"column":null}},"296":{"start":{"line":600,"column":6},"end":{"line":600,"column":null}},"297":{"start":{"line":604,"column":5},"end":{"line":611,"column":null}},"298":{"start":{"line":613,"column":6},"end":{"line":613,"column":null}},"299":{"start":{"line":614,"column":6},"end":{"line":614,"column":null}},"300":{"start":{"line":615,"column":6},"end":{"line":615,"column":null}},"301":{"start":{"line":619,"column":6},"end":{"line":619,"column":null}},"302":{"start":{"line":620,"column":6},"end":{"line":620,"column":null}},"303":{"start":{"line":621,"column":6},"end":{"line":621,"column":null}},"304":{"start":{"line":631,"column":20},"end":{"line":631,"column":44}},"305":{"start":{"line":632,"column":19},"end":{"line":632,"column":43}},"306":{"start":{"line":633,"column":16},"end":{"line":633,"column":20}},"307":{"start":{"line":635,"column":2},"end":{"line":643,"column":null}},"308":{"start":{"line":636,"column":22},"end":{"line":636,"column":52}},"309":{"start":{"line":637,"column":4},"end":{"line":637,"column":null}},"310":{"start":{"line":637,"column":35},"end":{"line":637,"column":69}},"311":{"start":{"line":639,"column":16},"end":{"line":639,"column":40}},"312":{"start":{"line":640,"column":4},"end":{"line":642,"column":null}},"313":{"start":{"line":641,"column":6},"end":{"line":641,"column":null}},"314":{"start":{"line":645,"column":2},"end":{"line":648,"column":null}},"315":{"start":{"line":646,"column":4},"end":{"line":646,"column":null}},"316":{"start":{"line":647,"column":4},"end":{"line":647,"column":null}},"317":{"start":{"line":650,"column":16},"end":{"line":650,"column":48}},"318":{"start":{"line":651,"column":16},"end":{"line":651,"column":72}},"319":{"start":{"line":653,"column":2},"end":{"line":663,"column":null}},"320":{"start":{"line":654,"column":4},"end":{"line":662,"column":null}},"321":{"start":{"line":655,"column":19},"end":{"line":655,"column":44}},"322":{"start":{"line":656,"column":6},"end":{"line":661,"column":null}},"323":{"start":{"line":657,"column":8},"end":{"line":657,"column":null}},"324":{"start":{"line":658,"column":8},"end":{"line":660,"column":null}},"325":{"start":{"line":659,"column":10},"end":{"line":659,"column":null}},"326":{"start":{"line":665,"column":2},"end":{"line":672,"column":null}},"327":{"start":{"line":666,"column":4},"end":{"line":666,"column":null}},"328":{"start":{"line":667,"column":4},"end":{"line":670,"column":null}},"329":{"start":{"line":671,"column":4},"end":{"line":671,"column":null}},"330":{"start":{"line":674,"column":2},"end":{"line":674,"column":null}},"331":{"start":{"line":675,"column":19},"end":{"line":675,"column":85}},"332":{"start":{"line":677,"column":2},"end":{"line":685,"column":null}},"333":{"start":{"line":678,"column":21},"end":{"line":678,"column":42}},"334":{"start":{"line":679,"column":4},"end":{"line":679,"column":null}},"335":{"start":{"line":680,"column":4},"end":{"line":683,"column":null}},"336":{"start":{"line":684,"column":4},"end":{"line":684,"column":null}},"337":{"start":{"line":687,"column":15},"end":{"line":691,"column":5}},"338":{"start":{"line":687,"column":36},"end":{"line":691,"column":3}},"339":{"start":{"line":692,"column":2},"end":{"line":692,"column":null}},"340":{"start":{"line":694,"column":2},"end":{"line":694,"column":null}},"341":{"start":{"line":695,"column":2},"end":{"line":698,"column":null}},"342":{"start":{"line":706,"column":20},"end":{"line":706,"column":44}},"343":{"start":{"line":707,"column":19},"end":{"line":707,"column":43}},"344":{"start":{"line":709,"column":2},"end":{"line":717,"column":null}},"345":{"start":{"line":710,"column":21},"end":{"line":710,"column":42}},"346":{"start":{"line":711,"column":4},"end":{"line":711,"column":null}},"347":{"start":{"line":712,"column":4},"end":{"line":715,"column":null}},"348":{"start":{"line":716,"column":4},"end":{"line":716,"column":null}},"349":{"start":{"line":719,"column":16},"end":{"line":719,"column":20}},"350":{"start":{"line":721,"column":2},"end":{"line":737,"column":null}},"351":{"start":{"line":722,"column":22},"end":{"line":722,"column":52}},"352":{"start":{"line":723,"column":4},"end":{"line":723,"column":null}},"353":{"start":{"line":723,"column":35},"end":{"line":723,"column":69}},"354":{"start":{"line":725,"column":16},"end":{"line":725,"column":40}},"355":{"start":{"line":726,"column":4},"end":{"line":736,"column":null}},"356":{"start":{"line":727,"column":6},"end":{"line":727,"column":null}},"357":{"start":{"line":728,"column":11},"end":{"line":736,"column":null}},"358":{"start":{"line":729,"column":23},"end":{"line":729,"column":44}},"359":{"start":{"line":730,"column":6},"end":{"line":730,"column":null}},"360":{"start":{"line":731,"column":6},"end":{"line":734,"column":null}},"361":{"start":{"line":735,"column":6},"end":{"line":735,"column":null}},"362":{"start":{"line":739,"column":2},"end":{"line":742,"column":null}},"363":{"start":{"line":740,"column":4},"end":{"line":740,"column":null}},"364":{"start":{"line":741,"column":4},"end":{"line":741,"column":null}},"365":{"start":{"line":744,"column":2},"end":{"line":744,"column":null}},"366":{"start":{"line":752,"column":16},"end":{"line":752,"column":62}},"367":{"start":{"line":753,"column":2},"end":{"line":757,"column":null}},"368":{"start":{"line":754,"column":4},"end":{"line":754,"column":null}},"369":{"start":{"line":755,"column":4},"end":{"line":755,"column":null}},"370":{"start":{"line":756,"column":4},"end":{"line":756,"column":null}},"371":{"start":{"line":758,"column":18},"end":{"line":758,"column":42}},"372":{"start":{"line":759,"column":2},"end":{"line":759,"column":null}},"373":{"start":{"line":760,"column":2},"end":{"line":763,"column":null}},"374":{"start":{"line":764,"column":2},"end":{"line":764,"column":null}},"375":{"start":{"line":768,"column":20},"end":{"line":768,"column":44}},"376":{"start":{"line":769,"column":22},"end":{"line":769,"column":26}},"377":{"start":{"line":771,"column":2},"end":{"line":775,"column":null}},"378":{"start":{"line":772,"column":4},"end":{"line":772,"column":null}},"379":{"start":{"line":774,"column":4},"end":{"line":774,"column":null}},"380":{"start":{"line":777,"column":14},"end":{"line":777,"column":47}},"381":{"start":{"line":779,"column":2},"end":{"line":789,"column":null}},"382":{"start":{"line":780,"column":4},"end":{"line":780,"column":null}},"383":{"start":{"line":781,"column":4},"end":{"line":785,"column":null}},"384":{"start":{"line":782,"column":6},"end":{"line":782,"column":null}},"385":{"start":{"line":783,"column":6},"end":{"line":783,"column":null}},"386":{"start":{"line":784,"column":6},"end":{"line":784,"column":null}},"387":{"start":{"line":786,"column":4},"end":{"line":786,"column":null}},"388":{"start":{"line":787,"column":4},"end":{"line":787,"column":null}},"389":{"start":{"line":788,"column":4},"end":{"line":788,"column":null}},"390":{"start":{"line":791,"column":2},"end":{"line":798,"column":null}},"391":{"start":{"line":792,"column":4},"end":{"line":795,"column":null}},"392":{"start":{"line":793,"column":6},"end":{"line":793,"column":null}},"393":{"start":{"line":794,"column":6},"end":{"line":794,"column":null}},"394":{"start":{"line":796,"column":4},"end":{"line":796,"column":null}},"395":{"start":{"line":797,"column":4},"end":{"line":797,"column":null}},"396":{"start":{"line":800,"column":2},"end":{"line":804,"column":null}},"397":{"start":{"line":801,"column":4},"end":{"line":801,"column":null}},"398":{"start":{"line":802,"column":4},"end":{"line":802,"column":null}},"399":{"start":{"line":803,"column":4},"end":{"line":803,"column":null}},"400":{"start":{"line":806,"column":25},"end":{"line":806,"column":98}},"401":{"start":{"line":807,"column":2},"end":{"line":810,"column":null}},"402":{"start":{"line":808,"column":4},"end":{"line":808,"column":null}},"403":{"start":{"line":809,"column":4},"end":{"line":809,"column":null}},"404":{"start":{"line":812,"column":19},"end":{"line":812,"column":83}},"405":{"start":{"line":813,"column":2},"end":{"line":816,"column":null}},"406":{"start":{"line":814,"column":4},"end":{"line":814,"column":null}},"407":{"start":{"line":815,"column":4},"end":{"line":815,"column":null}},"408":{"start":{"line":818,"column":18},"end":{"line":818,"column":55}},"409":{"start":{"line":819,"column":26},"end":{"line":819,"column":80}},"410":{"start":{"line":819,"column":47},"end":{"line":819,"column":78}},"411":{"start":{"line":821,"column":2},"end":{"line":824,"column":null}},"412":{"start":{"line":826,"column":2},"end":{"line":829,"column":null}},"413":{"start":{"line":837,"column":20},"end":{"line":837,"column":44}},"414":{"start":{"line":838,"column":19},"end":{"line":838,"column":43}},"415":{"start":{"line":839,"column":13},"end":{"line":839,"column":17}},"416":{"start":{"line":841,"column":2},"end":{"line":848,"column":null}},"417":{"start":{"line":842,"column":4},"end":{"line":842,"column":null}},"418":{"start":{"line":844,"column":16},"end":{"line":844,"column":40}},"419":{"start":{"line":845,"column":4},"end":{"line":847,"column":null}},"420":{"start":{"line":846,"column":6},"end":{"line":846,"column":null}},"421":{"start":{"line":850,"column":2},"end":{"line":853,"column":null}},"422":{"start":{"line":851,"column":4},"end":{"line":851,"column":null}},"423":{"start":{"line":852,"column":4},"end":{"line":852,"column":null}},"424":{"start":{"line":855,"column":25},"end":{"line":855,"column":114}},"425":{"start":{"line":856,"column":2},"end":{"line":867,"column":null}},"426":{"start":{"line":857,"column":32},"end":{"line":857,"column":109}},"427":{"start":{"line":858,"column":4},"end":{"line":862,"column":null}},"428":{"start":{"line":859,"column":6},"end":{"line":859,"column":null}},"429":{"start":{"line":860,"column":6},"end":{"line":860,"column":null}},"430":{"start":{"line":861,"column":6},"end":{"line":861,"column":null}},"431":{"start":{"line":863,"column":28},"end":{"line":863,"column":93}},"432":{"start":{"line":863,"column":60},"end":{"line":863,"column":91}},"433":{"start":{"line":864,"column":4},"end":{"line":864,"column":null}},"434":{"start":{"line":865,"column":4},"end":{"line":865,"column":null}},"435":{"start":{"line":866,"column":4},"end":{"line":866,"column":null}},"436":{"start":{"line":869,"column":32},"end":{"line":873,"column":13}},"437":{"start":{"line":875,"column":32},"end":{"line":879,"column":13}},"438":{"start":{"line":882,"column":4},"end":{"line":889,"column":29}},"439":{"start":{"line":891,"column":2},"end":{"line":894,"column":null}},"440":{"start":{"line":896,"column":2},"end":{"line":899,"column":null}},"441":{"start":{"line":907,"column":20},"end":{"line":907,"column":44}},"442":{"start":{"line":909,"column":2},"end":{"line":913,"column":null}},"443":{"start":{"line":910,"column":4},"end":{"line":910,"column":null}},"444":{"start":{"line":911,"column":4},"end":{"line":911,"column":null}},"445":{"start":{"line":912,"column":4},"end":{"line":912,"column":null}},"446":{"start":{"line":915,"column":2},"end":{"line":918,"column":null}},"447":{"start":{"line":916,"column":4},"end":{"line":916,"column":null}},"448":{"start":{"line":917,"column":4},"end":{"line":917,"column":null}},"449":{"start":{"line":920,"column":2},"end":{"line":924,"column":null}},"450":{"start":{"line":921,"column":4},"end":{"line":921,"column":null}},"451":{"start":{"line":922,"column":4},"end":{"line":922,"column":null}},"452":{"start":{"line":923,"column":4},"end":{"line":923,"column":null}},"453":{"start":{"line":926,"column":25},"end":{"line":928,"column":3}},"454":{"start":{"line":930,"column":2},"end":{"line":934,"column":null}},"455":{"start":{"line":931,"column":4},"end":{"line":931,"column":null}},"456":{"start":{"line":932,"column":4},"end":{"line":932,"column":null}},"457":{"start":{"line":933,"column":4},"end":{"line":933,"column":null}},"458":{"start":{"line":936,"column":20},"end":{"line":939,"column":3}},"459":{"start":{"line":941,"column":2},"end":{"line":945,"column":null}},"460":{"start":{"line":942,"column":4},"end":{"line":942,"column":null}},"461":{"start":{"line":943,"column":4},"end":{"line":943,"column":null}},"462":{"start":{"line":944,"column":4},"end":{"line":944,"column":null}},"463":{"start":{"line":947,"column":17},"end":{"line":947,"column":66}},"464":{"start":{"line":949,"column":2},"end":{"line":953,"column":null}},"465":{"start":{"line":950,"column":4},"end":{"line":950,"column":null}},"466":{"start":{"line":951,"column":4},"end":{"line":951,"column":null}},"467":{"start":{"line":952,"column":4},"end":{"line":952,"column":null}},"468":{"start":{"line":955,"column":22},"end":{"line":955,"column":102}},"469":{"start":{"line":956,"column":16},"end":{"line":956,"column":84}},"470":{"start":{"line":957,"column":21},"end":{"line":959,"column":9}},"471":{"start":{"line":962,"column":4},"end":{"line":968,"column":144}},"472":{"start":{"line":970,"column":2},"end":{"line":973,"column":null}},"473":{"start":{"line":975,"column":2},"end":{"line":975,"column":null}},"474":{"start":{"line":977,"column":2},"end":{"line":977,"column":null}},"475":{"start":{"line":985,"column":20},"end":{"line":985,"column":44}},"476":{"start":{"line":986,"column":23},"end":{"line":986,"column":51}},"477":{"start":{"line":987,"column":20},"end":{"line":987,"column":24}},"478":{"start":{"line":989,"column":2},"end":{"line":997,"column":null}},"479":{"start":{"line":990,"column":26},"end":{"line":990,"column":57}},"480":{"start":{"line":991,"column":4},"end":{"line":991,"column":null}},"481":{"start":{"line":991,"column":43},"end":{"line":991,"column":85}},"482":{"start":{"line":993,"column":16},"end":{"line":993,"column":40}},"483":{"start":{"line":994,"column":4},"end":{"line":996,"column":null}},"484":{"start":{"line":995,"column":6},"end":{"line":995,"column":null}},"485":{"start":{"line":999,"column":2},"end":{"line":1003,"column":null}},"486":{"start":{"line":1000,"column":4},"end":{"line":1000,"column":null}},"487":{"start":{"line":1001,"column":4},"end":{"line":1001,"column":null}},"488":{"start":{"line":1002,"column":4},"end":{"line":1002,"column":null}},"489":{"start":{"line":1005,"column":24},"end":{"line":1005,"column":87}},"490":{"start":{"line":1006,"column":2},"end":{"line":1010,"column":null}},"491":{"start":{"line":1007,"column":4},"end":{"line":1007,"column":null}},"492":{"start":{"line":1008,"column":4},"end":{"line":1008,"column":null}},"493":{"start":{"line":1009,"column":4},"end":{"line":1009,"column":null}},"494":{"start":{"line":1013,"column":4},"end":{"line":1015,"column":57}},"495":{"start":{"line":1017,"column":2},"end":{"line":1020,"column":null}},"496":{"start":{"line":1022,"column":2},"end":{"line":1025,"column":null}},"497":{"start":{"line":1029,"column":20},"end":{"line":1029,"column":44}},"498":{"start":{"line":1031,"column":2},"end":{"line":1035,"column":null}},"499":{"start":{"line":1032,"column":4},"end":{"line":1032,"column":null}},"500":{"start":{"line":1033,"column":4},"end":{"line":1033,"column":null}},"501":{"start":{"line":1034,"column":4},"end":{"line":1034,"column":null}},"502":{"start":{"line":1037,"column":2},"end":{"line":1040,"column":null}},"503":{"start":{"line":1038,"column":4},"end":{"line":1038,"column":null}},"504":{"start":{"line":1039,"column":4},"end":{"line":1039,"column":null}},"505":{"start":{"line":1042,"column":24},"end":{"line":1042,"column":85}},"506":{"start":{"line":1043,"column":2},"end":{"line":1047,"column":null}},"507":{"start":{"line":1044,"column":4},"end":{"line":1044,"column":null}},"508":{"start":{"line":1045,"column":4},"end":{"line":1045,"column":null}},"509":{"start":{"line":1046,"column":4},"end":{"line":1046,"column":null}},"510":{"start":{"line":1049,"column":20},"end":{"line":1052,"column":51}},"511":{"start":{"line":1054,"column":2},"end":{"line":1058,"column":null}},"512":{"start":{"line":1055,"column":4},"end":{"line":1055,"column":null}},"513":{"start":{"line":1056,"column":4},"end":{"line":1056,"column":null}},"514":{"start":{"line":1057,"column":4},"end":{"line":1057,"column":null}},"515":{"start":{"line":1060,"column":1},"end":{"line":1067,"column":null}},"516":{"start":{"line":1069,"column":2},"end":{"line":1069,"column":null}},"517":{"start":{"line":1070,"column":2},"end":{"line":1070,"column":null}},"518":{"start":{"line":1078,"column":2},"end":{"line":1078,"column":null}},"519":{"start":{"line":1086,"column":20},"end":{"line":1086,"column":44}},"520":{"start":{"line":1087,"column":15},"end":{"line":1087,"column":28}},"521":{"start":{"line":1089,"column":2},"end":{"line":1092,"column":null}},"522":{"start":{"line":1090,"column":4},"end":{"line":1090,"column":null}},"523":{"start":{"line":1091,"column":4},"end":{"line":1091,"column":null}},"524":{"start":{"line":1094,"column":16},"end":{"line":1094,"column":48}},"525":{"start":{"line":1096,"column":2},"end":{"line":1104,"column":null}},"526":{"start":{"line":1097,"column":4},"end":{"line":1097,"column":null}},"527":{"start":{"line":1098,"column":4},"end":{"line":1102,"column":null}},"528":{"start":{"line":1103,"column":4},"end":{"line":1103,"column":null}},"529":{"start":{"line":1106,"column":16},"end":{"line":1106,"column":76}},"530":{"start":{"line":1107,"column":2},"end":{"line":1111,"column":null}},"531":{"start":{"line":1108,"column":4},"end":{"line":1108,"column":null}},"532":{"start":{"line":1109,"column":4},"end":{"line":1109,"column":null}},"533":{"start":{"line":1110,"column":4},"end":{"line":1110,"column":null}},"534":{"start":{"line":1113,"column":2},"end":{"line":1113,"column":null}},"535":{"start":{"line":1114,"column":2},"end":{"line":1114,"column":null}},"536":{"start":{"line":1118,"column":20},"end":{"line":1118,"column":44}},"537":{"start":{"line":1119,"column":19},"end":{"line":1119,"column":44}},"538":{"start":{"line":1121,"column":2},"end":{"line":1124,"column":null}},"539":{"start":{"line":1122,"column":4},"end":{"line":1122,"column":null}},"540":{"start":{"line":1123,"column":4},"end":{"line":1123,"column":null}},"541":{"start":{"line":1126,"column":15},"end":{"line":1126,"column":73}},"542":{"start":{"line":1127,"column":16},"end":{"line":1127,"column":79}},"543":{"start":{"line":1129,"column":2},"end":{"line":1133,"column":null}},"
[...]
51:37":30,"b:52:2:52:Infinity:undefined:undefined:undefined:undefined":12,"s:52:2:52:Infinity":31,"s:52:13:52:Infinity":32,"s:54:19:54:21":33,"s:55:2:60:Infinity":34,"s:56:17:56:57":35,"b:56:17:56:43:56:47:56:57":13,"b:57:4:57:Infinity:undefined:undefined:undefined:undefined":14,"s:57:4:57:Infinity":36,"s:57:25:57:Infinity":37,"s:58:4:58:Infinity":38,"s:59:4:59:Infinity":39,"s:62:2:62:Infinity":40,"f:62:38:62:39":3,"s:62:48:62:69":41,"f:65:22:65:41":4,"b:65:80:65:82":15,"s:66:17:69:30":42,"b:71:2:71:Infinity:undefined:undefined:undefined:undefined":16,"s:71:2:71:Infinity":43,"s:71:19:71:Infinity":44,"b:72:2:72:Infinity:undefined:undefined:undefined:undefined":17,"s:72:2:72:Infinity":45,"s:72:16:72:Infinity":46,"s:74:46:74:60":47,"b:75:2:75:Infinity:undefined:undefined:undefined:undefined":18,"s:75:2:75:Infinity":48,"s:75:16:75:Infinity":49,"s:77:18:81:28":50,"b:83:2:83:Infinity:undefined:undefined:undefined:undefined":19,"s:83:2:83:Infinity":51,"s:83:19:83:Infinity":52,"b:84:2:84:Infinity:undefined:undefined:undefined:undefined":20,"s:84:2:84:Infinity":53,"s:84:16:84:Infinity":54,"s:86:47:86:62":55,"b:87:2:87:Infinity:undefined:undefined:undefined:undefined":21,"s:87:2:87:Infinity":56,"s:87:17:87:Infinity":57,"s:89:16:89:18":58,"s:91:2:96:Infinity":59,"s:92:16:92:39":60,"b:93:4:93:Infinity:undefined:undefined:undefined:undefined":22,"s:93:4:93:Infinity":61,"s:93:21:93:Infinity":62,"s:94:4:94:Infinity":63,"b:95:4:95:Infinity:undefined:undefined:undefined:undefined":23,"s:95:4:95:Infinity":64,"s:95:16:95:Infinity":65,"s:98:2:103:Infinity":66,"s:99:16:99:45":67,"b:100:4:100:Infinity:undefined:undefined:undefined:undefined":24,"s:100:4:100:Infinity":68,"s:100:21:100:Infinity":69,"s:101:4:101:Infinity":70,"b:102:4:102:Infinity:undefined:undefined:undefined:undefined":25,"s:102:4:102:Infinity":71,"s:102:16:102:Infinity":72,"s:105:2:105:Infinity":73,"f:105:35:105:36":5,"s:105:45:105:71":74,"f:108:22:108:37":6,"b:108:76:108:78":26,"s:109:14:113:28":75,"b:115:2:115:Infinity:undefined:undefined:undefined:undefined":27,"s:115:2:115:Infinity":76,"s:115:19:115:Infinity":77,"b:116:2:116:Infinity:undefined:undefined:undefined:undefined":28,"s:116:2:116:Infinity":78,"s:116:16:116:Infinity":79,"s:118:26:118:37":80,"b:119:2:119:Infinity:undefined:undefined:undefined:undefined":29,"s:119:2:119:Infinity":81,"s:119:13:119:Infinity":82,"s:121:20:121:22":83,"s:122:2:125:Infinity":84,"s:123:14:123:22":85,"s:124:4:124:Infinity":86,"b:124:20:124:32:124:36:124:37":30,"s:127:2:131:Infinity":87,"f:127:39:127:40":7,"s:127:66:131:3":88,"f:130:54:130:55":8,"s:130:61:130:76":89,"f:134:22:134:36":9,"b:134:57:134:59":31,"s:135:60:140:4":90,"s:142:2:142:Infinity":91},"fnNames":{}}}
,"D:\\Faculdade\\TCC\\tcctemp\\backend\\src\\services\\servicos.service.js": {"path":"D:\\Faculdade\\TCC\\tcctemp\\backend\\src\\services\\servicos.service.js","statementMap":{"0":{"start":{"line":5,"column":26},"end":{"line":15,"column":13}},"1":{"start":{"line":17,"column":2},"end":{"line":17,"column":75}},"2":{"start":{"line":17,"column":13},"end":{"line":17,"column":75}},"3":{"start":{"line":18,"column":2},"end":{"line":18,"column":14}},"4":{"start":{"line":22,"column":17},"end":{"line":22,"column":35}},"5":{"start":{"line":24,"column":14},"end":{"line":28,"column":28}},"6":{"start":{"line":30,"column":2},"end":{"line":32,"column":3}},"7":{"start":{"line":31,"column":4},"end":{"line":31,"column":83}},"8":{"start":{"line":34,"column":33},"end":{"line":36,"column":38}},"9":{"start":{"line":38,"column":2},"end":{"line":38,"column":77}},"10":{"start":{"line":38,"column":13},"end":{"line":38,"column":77}},"11":{"start":{"line":39,"column":2},"end":{"line":39,"column":45}},"12":{"start":{"line":43,"column":26},"end":{"line":49,"column":13}},"13":{"start":{"line":51,"column":2},"end":{"line":51,"column":79}},"14":{"start":{"line":51,"column":13},"end":{"line":51,"column":79}},"15":{"start":{"line":52,"column":2},"end":{"line":52,"column":14}},"16":{"start":{"line":56,"column":20},"end":{"line":60,"column":30}},"17":{"start":{"line":62,"column":2},"end":{"line":62,"column":77}},"18":{"start":{"line":62,"column":13},"end":{"line":62,"column":77}},"19":{"start":{"line":66,"column":47},"end":{"line":71,"column":13}},"20":{"start":{"line":73,"column":2},"end":{"line":73,"column":86}},"21":{"start":{"line":73,"column":18},"end":{"line":73,"column":86}},"22":{"start":{"line":75,"column":26},"end":{"line":81,"column":13}},"23":{"start":{"line":83,"column":2},"end":{"line":83,"column":76}},"24":{"start":{"line":83,"column":13},"end":{"line":83,"column":76}},"25":{"start":{"line":84,"column":2},"end":{"line":84,"column":14}}},"fnMap":{"0":{"name":"criarServico","decl":{"start":{"line":4,"column":22},"end":{"line":4,"column":34}},"loc":{"start":{"line":4,"column":99},"end":{"line":19,"column":1}},"line":4},"1":{"name":"listarServicos","decl":{"start":{"line":21,"column":22},"end":{"line":21,"column":36}},"loc":{"start":{"line":21,"column":91},"end":{"line":40,"column":1}},"line":21},"2":{"name":"atualizarServico","decl":{"start":{"line":42,"column":22},"end":{"line":42,"column":38}},"loc":{"start":{"line":42,"column":62},"end":{"line":53,"column":1}},"line":42},"3":{"name":"deletarServico","decl":{"start":{"line":55,"column":22},"end":{"line":55,"column":36}},"loc":{"start":{"line":55,"column":51},"end":{"line":63,"column":1}},"line":55},"4":{"name":"toggleAtivoServico","decl":{"start":{"line":65,"column":22},"end":{"line":65,"column":40}},"loc":{"start":{"line":65,"column":55},"end":{"line":85,"column":1}},"line":65}},"branchMap":{"0":{"loc":{"start":{"line":17,"column":2},"end":{"line":17,"column":75}},"type":"if","locations":[{"start":{"line":17,"column":2},"end":{"line":17,"column":75}},{"start":{},"end":{}}],"line":17},"1":{"loc":{"start":{"line":21,"column":47},"end":{"line":21,"column":89}},"type":"default-arg","locations":[{"start":{"line":21,"column":87},"end":{"line":21,"column":89}}],"line":21},"2":{"loc":{"start":{"line":21,"column":49},"end":{"line":21,"column":57}},"type":"default-arg","locations":[{"start":{"line":21,"column":56},"end":{"line":21,"column":57}}],"line":21},"3":{"loc":{"start":{"line":21,"column":59},"end":{"line":21,"column":69}},"type":"default-arg","locations":[{"start":{"line":21,"column":67},"end":{"line":21,"column":69}}],"line":21},"4":{"loc":{"start":{"line":21,"column":71},"end":{"line":21,"column":82}},"type":"default-arg","locations":[{"start":{"line":21,"column":80},"end":{"line":21,"column":82}}],"line":21},"5":{"loc":{"start":{"line":30,"column":2},"end":{"line":32,"column":3}},"type":"if","locations":[{"start":{"line":30,"column":2},"end":{"line":32,"column":3}},{"start":{},"end":{}}],"line":30},"6":{"loc":{"start":{"line":38,"column":2},"end":{"line":38,"column":77}},"type":"if","locations":[{"start":{"line":38,"column":2},"end":{"line":38,"column":77}},{"start":{},"end":{}}],"line":38},"7":{"loc":{"start":{"line":51,"column":2},"end":{"line":51,"column":79}},"type":"if","locations":[{"start":{"line":51,"column":2},"end":{"line":51,"column":79}},{"start":{},"end":{}}],"line":51},"8":{"loc":{"start":{"line":62,"column":2},"end":{"line":62,"column":77}},"type":"if","locations":[{"start":{"line":62,"column":2},"end":{"line":62,"column":77}},{"start":{},"end":{}}],"line":62},"9":{"loc":{"start":{"line":73,"column":2},"end":{"line":73,"column":86}},"type":"if","locations":[{"start":{"line":73,"column":2},"end":{"line":73,"column":86}},{"start":{},"end":{}}],"line":73},"10":{"loc":{"start":{"line":83,"column":2},"end":{"line":83,"column":76}},"type":"if","locations":[{"start":{"line":83,"column":2},"end":{"line":83,"column":76}},{"start":{},"end":{}}],"line":83}},"s":{"0":2,"1":2,"2":1,"3":1,"4":3,"5":3,"6":3,"7":0,"8":3,"9":3,"10":1,"11":2,"12":2,"13":2,"14":1,"15":1,"16":2,"17":2,"18":1,"19":2,"20":2,"21":1,"22":1,"23":1,"24":0,"25":1},"f":{"0":2,"1":3,"2":2,"3":2,"4":2},"b":{"0":[1,1],"1":[3],"2":[3],"3":[3],"4":[3],"5":[0,3],"6":[1,2],"7":[1,1],"8":[1,1],"9":[1,1],"10":[0,1]},"meta":{"lastBranch":11,"lastFunction":5,"lastStatement":26,"seen":{"f:4:22:4:34":0,"s:5:26:15:13":0,"b:17:2:17:75:undefined:undefined:undefined:undefined":0,"s:17:2:17:75":1,"s:17:13:17:75":2,"s:18:2:18:14":3,"f:21:22:21:36":1,"b:21:87:21:89":1,"b:21:56:21:57":2,"b:21:67:21:69":3,"b:21:80:21:82":4,"s:22:17:22:35":4,"s:24:14:28:28":5,"b:30:2:32:3:undefined:undefined:undefined:undefined":5,"s:30:2:32:3":6,"s:31:4:31:83":7,"s:34:33:36:38":8,"b:38:2:38:77:undefined:undefined:undefined:undefined":6,"s:38:2:38:77":9,"s:38:13:38:77":10,"s:39:2:39:45":11,"f:42:22:42:38":2,"s:43:26:49:13":12,"b:51:2:51:79:undefined:undefined:undefined:undefined":7,"s:51:2:51:79":13,"s:51:13:51:79":14,"s:52:2:52:14":15,"f:55:22:55:36":3,"s:56:20:60:30":16,"b:62:2:62:77:undefined:undefined:undefined:undefined":8,"s:62:2:62:77":17,"s:62:13:62:77":18,"f:65:22:65:40":4,"s:66:47:71:13":19,"b:73:2:73:86:undefined:undefined:undefined:undefined":9,"s:73:2:73:86":20,"s:73:18:73:86":21,"s:75:26:81:13":22,"b:83:2:83:76:undefined:undefined:undefined:undefined":10,"s:83:2:83:76":23,"s:83:13:83:76":24,"s:84:2:84:14":25},"fnNames":{}}}
,"D:\\Faculdade\\TCC\\tcctemp\\backend\\src\\services\\veiculos.service.js": {"path":"D:\\Faculdade\\TCC\\tcctemp\\backend\\src\\services\\veiculos.service.js","statementMap":{"0":{"start":{"line":5,"column":29},"end":{"line":11,"column":18}},"1":{"start":{"line":13,"column":2},"end":{"line":15,"column":null}},"2":{"start":{"line":14,"column":4},"end":{"line":14,"column":null}},"3":{"start":{"line":17,"column":26},"end":{"line":29,"column":13}},"4":{"start":{"line":31,"column":2},"end":{"line":31,"column":null}},"5":{"start":{"line":31,"column":13},"end":{"line":31,"column":null}},"6":{"start":{"line":32,"column":2},"end":{"line":32,"column":null}},"7":{"start":{"line":36,"column":17},"end":{"line":36,"column":35}},"8":{"start":{"line":38,"column":14},"end":{"line":42,"column":28}},"9":{"start":{"line":44,"column":2},"end":{"line":46,"column":null}},"10":{"start":{"line":45,"column":4},"end":{"line":45,"column":null}},"11":{"start":{"line":48,"column":33},"end":{"line":50,"column":38}},"12":{"start":{"line":52,"column":2},"end":{"line":52,"column":null}},"13":{"start":{"line":52,"column":13},"end":{"line":52,"column":null}},"14":{"start":{"line":53,"column":2},"end":{"line":53,"column":null}},"15":{"start":{"line":57,"column":2},"end":{"line":70,"column":null}},"16":{"start":{"line":58,"column":31},"end":{"line":65,"column":20}},"17":{"start":{"line":67,"column":4},"end":{"line":69,"column":null}},"18":{"start":{"line":68,"column":6},"end":{"line":68,"column":null}},"19":{"start":{"line":72,"column":26},"end":{"line":78,"column":13}},"20":{"start":{"line":80,"column":2},"end":{"line":80,"column":null}},"21":{"start":{"line":80,"column":13},"end":{"line":80,"column":null}},"22":{"start":{"line":81,"column":2},"end":{"line":81,"column":null}},"23":{"start":{"line":85,"column":20},"end":{"line":89,"column":30}},"24":{"start":{"line":91,"column":2},"end":{"line":91,"column":null}},"25":{"start":{"line":91,"column":13},"end":{"line":91,"column":null}}},"fnMap":{"0":{"name":"criarVeiculo","decl":{"start":{"line":4,"column":22},"end":{"line":4,"column":34}},"loc":{"start":{"line":4,"column":93},"end":{"line":33,"column":null}},"line":4},"1":{"name":"listarVeiculos","decl":{"start":{"line":35,"column":22},"end":{"line":35,"column":36}},"loc":{"start":{"line":35,"column":91},"end":{"line":54,"column":null}},"line":35},"2":{"name":"atualizarVeiculo","decl":{"start":{"line":56,"column":22},"end":{"line":56,"column":38}},"loc":{"start":{"line":56,"column":62},"end":{"line":82,"column":null}},"line":56},"3":{"name":"deletarVeiculo","decl":{"start":{"line":84,"column":22},"end":{"line":84,"column":36}},"loc":{"start":{"line":84,"column":51},"end":{"line":92,"column":null}},"line":84}},"branchMap":{"0":{"loc":{"start":{"line":13,"column":2},"end":{"line":15,"column":null}},"type":"if","locations":[{"start":{"line":13,"column":2},"end":{"line":15,"column":null}},{"start":{},"end":{}}],"line":13},"1":{"loc":{"start":{"line":31,"column":2},"end":{"line":31,"column":null}},"type":"if","locations":[{"start":{"line":31,"column":2},"end":{"line":31,"column":null}},{"start":{},"end":{}}],"line":31},"2":{"loc":{"start":{"line":35,"column":47},"end":{"line":35,"column":89}},"type":"default-arg","locations":[{"start":{"line":35,"column":87},"end":{"line":35,"column":89}}],"line":35},"3":{"loc":{"start":{"line":35,"column":49},"end":{"line":35,"column":57}},"type":"default-arg","locations":[{"start":{"line":35,"column":56},"end":{"line":35,"column":57}}],"line":35},"4":{"loc":{"start":{"line":35,"column":59},"end":{"line":35,"column":69}},"type":"default-arg","locations":[{"start":{"line":35,"column":67},"end":{"line":35,"column":69}}],"line":35},"5":{"loc":{"start":{"line":35,"column":71},"end":{"line":35,"column":82}},"type":"default-arg","locations":[{"start":{"line":35,"column":80},"end":{"line":35,"column":82}}],"line":35},"6":{"loc":{"start":{"line":44,"column":2},"end":{"line":46,"column":null}},"type":"if","locations":[{"start":{"line":44,"column":2},"end":{"line":46,"column":null}},{"start":{},"end":{}}],"line":44},"7":{"loc":{"start":{"line":52,"column":2},"end":{"line":52,"column":null}},"type":"if","locations":[{"start":{"line":52,"column":2},"end":{"line":52,"column":null}},{"start":{},"end":{}}],"line":52},"8":{"loc":{"start":{"line":57,"column":2},"end":{"line":70,"column":null}},"type":"if","locations":[{"start":{"line":57,"column":2},"end":{"line":70,"column":null}},{"start":{},"end":{}}],"line":57},"9":{"loc":{"start":{"line":67,"column":4},"end":{"line":69,"column":null}},"type":"if","locations":[{"start":{"line":67,"column":4},"end":{"line":69,"column":null}},{"start":{},"end":{}}],"line":67},"10":{"loc":{"start":{"line":80,"column":2},"end":{"line":80,"column":null}},"type":"if","locations":[{"start":{"line":80,"column":2},"end":{"line":80,"column":null}},{"start":{},"end":{}}],"line":80},"11":{"loc":{"start":{"line":91,"column":2},"end":{"line":91,"column":null}},"type":"if","locations":[{"start":{"line":91,"column":2},"end":{"line":91,"column":null}},{"start":{},"end":{}}],"line":91}},"s":{"0":3,"1":3,"2":1,"3":2,"4":2,"5":1,"6":1,"7":1,"8":1,"9":1,"10":0,"11":1,"12":1,"13":0,"14":1,"15":2,"16":2,"17":2,"18":1,"19":1,"20":1,"21":0,"22":1,"23":1,"24":1,"25":0},"f":{"0":3,"1":1,"2":2,"3":1},"b":{"0":[1,2],"1":[1,1],"2":[1],"3":[1],"4":[1],"5":[1],"6":[0,1],"7":[0,1],"8":[2,0],"9":[1,1],"10":[0,1],"11":[0,1]},"meta":{"lastBranch":12,"lastFunction":4,"lastStatement":26,"seen":{"f:4:22:4:34":0,"s:5:29:11:18":0,"b:13:2:15:Infinity:undefined:undefined:undefined:undefined":0,"s:13:2:15:Infinity":1,"s:14:4:14:Infinity":2,"s:17:26:29:13":3,"b:31:2:31:Infinity:undefined:undefined:undefined:undefined":1,"s:31:2:31:Infinity":4,"s:31:13:31:Infinity":5,"s:32:2:32:Infinity":6,"f:35:22:35:36":1,"b:35:87:35:89":2,"b:35:56:35:57":3,"b:35:67:35:69":4,"b:35:80:35:82":5,"s:36:17:36:35":7,"s:38:14:42:28":8,"b:44:2:46:Infinity:undefined:undefined:undefined:undefined":6,"s:44:2:46:Infinity":9,"s:45:4:45:Infinity":10,"s:48:33:50:38":11,"b:52:2:52:Infinity:undefined:undefined:undefined:undefined":7,"s:52:2:52:Infinity":12,"s:52:13:52:Infinity":13,"s:53:2:53:Infinity":14,"f:56:22:56:38":2,"b:57:2:70:Infinity:undefined:undefined:undefined:undefined":8,"s:57:2:70:Infinity":15,"s:58:31:65:20":16,"b:67:4:69:Infinity:undefined:undefined:undefined:undefined":9,"s:67:4:69:Infinity":17,"s:68:6:68:Infinity":18,"s:72:26:78:13":19,"b:80:2:80:Infinity:undefined:undefined:undefined:undefined":10,"s:80:2:80:Infinity":20,"s:80:13:80:Infinity":21,"s:81:2:81:Infinity":22,"f:84:22:84:36":3,"s:85:20:89:30":23,"b:91:2:91:Infinity:undefined:undefined:undefined:undefined":11,"s:91:2:91:Infinity":24,"s:91:13:91:Infinity":25},"fnNames":{}}}
,"D:\\Faculdade\\TCC\\tcctemp\\backend\\src\\utils\\cache.js": {"path":"D:\\Faculdade\\TCC\\tcctemp\\backend\\src\\utils\\cache.js","statementMap":{"0":{"start":{"line":4,"column":16},"end":{"line":4,"column":32}},"1":{"start":{"line":5,"column":17},"end":{"line":5,"column":37}},"2":{"start":{"line":6,"column":2},"end":{"line":6,"column":null}},"3":{"start":{"line":6,"column":23},"end":{"line":6,"column":null}},"4":{"start":{"line":8,"column":16},"end":{"line":8,"column":31}},"5":{"start":{"line":9,"column":2},"end":{"line":9,"column":null}},"6":{"start":{"line":10,"column":2},"end":{"line":10,"column":null}},"7":{"start":{"line":14,"column":16},"end":{"line":14,"column":32}},"8":{"start":{"line":15,"column":2},"end":{"line":15,"column":null}},"9":{"start":{"line":19,"column":16},"end":{"line":19,"column":32}},"10":{"start":{"line":20,"column":2},"end":{"line":20,"column":null}},"11":{"start":{"line":24,"column":2},"end":{"line":24,"column":null}},"12":{"start":{"line":28,"column":2},"end":{"line":28,"column":null}},"13":{"start":{"line":32,"column":2},"end":{"line":32,"column":null}}},"fnMap":{"0":{"name":"cacheGetOrSet","decl":{"start":{"line":3,"column":22},"end":{"line":3,"column":35}},"loc":{"start":{"line":3,"column":68},"end":{"line":11,"column":null}},"line":3},"1":{"name":"cacheDel","decl":{"start":{"line":13,"column":22},"end":{"line":13,"column":30}},"loc":{"start":{"line":13,"column":36},"end":{"line":16,"column":null}},"line":13},"2":{"name":"cacheDelPattern","decl":{"start":{"line":18,"column":22},"end":{"line":18,"column":37}},"loc":{"start":{"line":18,"column":47},"end":{"line":21,"column":null}},"line":18},"3":{"name":"buildCacheKey","decl":{"start":{"line":23,"column":16},"end":{"line":23,"column":29}},"loc":{"start":{"line":23,"column":48},"end":{"line":25,"column":null}},"line":23},"4":{"name":"invalidateReportCache","decl":{"start":{"line":27,"column":16},"end":{"line":27,"column":37}},"loc":{"start":{"line":27,"column":48},"end":{"line":29,"column":null}},"line":27},"5":{"name":"invalidateNotificationCache","decl":{"start":{"line":31,"column":16},"end":{"line":31,"column":43}},"loc":{"start":{"line":31,"column":54},"end":{"line":33,"column":null}},"line":31}},"branchMap":{"0":{"loc":{"start":{"line":3,"column":50},"end":{"line":3,"column":66}},"type":"default-arg","locations":[{"start":{"line":3,"column":63},"end":{"line":3,"column":66}}],"line":3},"1":{"loc":{"start":{"line":6,"column":2},"end":{"line":6,"column":null}},"type":"if","locations":[{"start":{"line":6,"column":2},"end":{"line":6,"column":null}},{"start":{},"end":{}}],"line":6}},"s":{"0":0,"1":0,"2":0,"3":0,"4":0,"5":0,"6":0,"7":0,"8":0,"9":0,"10":0,"11":0,"12":0,"13":0},"f":{"0":0,"1":0,"2":0,"3":0,"4":0,"5":0},"b":{"0":[0],"1":[0,0]},"meta":{"lastBranch":2,"lastFunction":6,"lastStatement":14,"seen":{"f:3:22:3:35":0,"b:3:63:3:66":0,"s:4:16:4:32":0,"s:5:17:5:37":1,"b:6:2:6:Infinity:undefined:undefined:undefined:undefined":1,"s:6:2:6:Infinity":2,"s:6:23:6:Infinity":3,"s:8:16:8:31":4,"s:9:2:9:Infinity":5,"s:10:2:10:Infinity":6,"f:13:22:13:30":1,"s:14:16:14:32":7,"s:15:2:15:Infinity":8,"f:18:22:18:37":2,"s:19:16:19:32":9,"s:20:2:20:Infinity":10,"f:23:16:23:29":3,"s:24:2:24:Infinity":11,"f:27:16:27:37":4,"s:28:2:28:Infinity":12,"f:31:16:31:43":5,"s:32:2:32:Infinity":13},"fnNames":{}}}
,"D:\\Faculdade\\TCC\\tcctemp\\backend\\src\\utils\\errors.js": {"path":"D:\\Faculdade\\TCC\\tcctemp\\backend\\src\\utils\\errors.js","statementMap":{"0":{"start":{"line":3,"column":4},"end":{"line":3,"column":19}},"1":{"start":{"line":4,"column":4},"end":{"line":4,"column":33}}},"fnMap":{"0":{"name":"constructor","decl":{"start":{"line":2,"column":2},"end":{"line":2,"column":13}},"loc":{"start":{"line":2,"column":41},"end":{"line":5,"column":3}},"line":2}},"branchMap":{"0":{"loc":{"start":{"line":2,"column":23},"end":{"line":2,"column":39}},"type":"default-arg","locations":[{"start":{"line":2,"column":36},"end":{"line":2,"column":39}}],"line":2}},"s":{"0":38,"1":38},"f":{"0":38},"b":{"0":[38]},"meta":{"lastBranch":1,"lastFunction":1,"lastStatement":2,"seen":{"f:2:2:2:13":0,"b:2:36:2:39":0,"s:3:4:3:19":0,"s:4:4:4:33":1},"fnNames":{}}}
}
